[2.022s] Invoking command in '/home/gobind/ros2_ws/build/examples_rclpy_minimal_publisher': PYTHONPATH=/home/gobind/ros2_ws/build/examples_rclpy_minimal_publisher/prefix_override:/usr/lib/python3/dist-packages/colcon_core/task/python/colcon_distutils_commands:/home/gobind/ros2_ws/install/examples_rclpy_minimal_publisher/lib/python3.10/site-packages:${PYTHONPATH} /usr/bin/python3 -W ignore:setup.py install is deprecated -W ignore:easy_install command is deprecated setup.py develop --editable --build-directory /home/gobind/ros2_ws/build/examples_rclpy_minimal_publisher/build --no-deps symlink_data
[2.331s] running develop
[2.470s] running egg_info
[2.470s] writing examples_rclpy_minimal_publisher.egg-info/PKG-INFO
[2.471s] writing dependency_links to examples_rclpy_minimal_publisher.egg-info/dependency_links.txt
[2.471s] writing entry points to examples_rclpy_minimal_publisher.egg-info/entry_points.txt
[2.471s] writing requirements to examples_rclpy_minimal_publisher.egg-info/requires.txt
[2.471s] writing top-level names to examples_rclpy_minimal_publisher.egg-info/top_level.txt
[2.475s] reading manifest file 'examples_rclpy_minimal_publisher.egg-info/SOURCES.txt'
[2.475s] writing manifest file 'examples_rclpy_minimal_publisher.egg-info/SOURCES.txt'
[2.476s] running build_ext
[2.476s] Creating /home/gobind/ros2_ws/install/examples_rclpy_minimal_publisher/lib/python3.10/site-packages/examples-rclpy-minimal-publisher.egg-link (link to .)
[2.477s] Installing publisher_local_function script to /home/gobind/ros2_ws/install/examples_rclpy_minimal_publisher/lib/examples_rclpy_minimal_publisher
[2.477s] Installing publisher_member_function script to /home/gobind/ros2_ws/install/examples_rclpy_minimal_publisher/lib/examples_rclpy_minimal_publisher
[2.477s] Installing publisher_member_function_with_wait_for_all_acked script to /home/gobind/ros2_ws/install/examples_rclpy_minimal_publisher/lib/examples_rclpy_minimal_publisher
[2.478s] Installing publisher_old_school script to /home/gobind/ros2_ws/install/examples_rclpy_minimal_publisher/lib/examples_rclpy_minimal_publisher
[2.478s] 
[2.478s] Installed /home/gobind/ros2_ws/build/examples_rclpy_minimal_publisher
[2.478s] running symlink_data
[2.531s] Invoked command in '/home/gobind/ros2_ws/build/examples_rclpy_minimal_publisher' returned '0': PYTHONPATH=/home/gobind/ros2_ws/build/examples_rclpy_minimal_publisher/prefix_override:/usr/lib/python3/dist-packages/colcon_core/task/python/colcon_distutils_commands:/home/gobind/ros2_ws/install/examples_rclpy_minimal_publisher/lib/python3.10/site-packages:${PYTHONPATH} /usr/bin/python3 -W ignore:setup.py install is deprecated -W ignore:easy_install command is deprecated setup.py develop --editable --build-directory /home/gobind/ros2_ws/build/examples_rclpy_minimal_publisher/build --no-deps symlink_data
