[0.086s] Invoking command in '/home/gobind/ros2_ws/build/examples_rclcpp_minimal_client': CMAKE_PREFIX_PATH=${CMAKE_PREFIX_PATH}:/home/gobind/ros2_ws/install/ros2_course_python:/opt/ros/humble /usr/bin/cmake --build /home/gobind/ros2_ws/build/examples_rclcpp_minimal_client -- -j16 -l16
[0.973s] [100%] Built target client_main
[0.978s] Invoked command in '/home/gobind/ros2_ws/build/examples_rclcpp_minimal_client' returned '0': CMAKE_PREFIX_PATH=${CMAKE_PREFIX_PATH}:/home/gobind/ros2_ws/install/ros2_course_python:/opt/ros/humble /usr/bin/cmake --build /home/gobind/ros2_ws/build/examples_rclcpp_minimal_client -- -j16 -l16
[0.988s] Invoking command in '/home/gobind/ros2_ws/build/examples_rclcpp_minimal_client': CMAKE_PREFIX_PATH=${CMAKE_PREFIX_PATH}:/home/gobind/ros2_ws/install/ros2_course_python:/opt/ros/humble /usr/bin/cmake --install /home/gobind/ros2_ws/build/examples_rclcpp_minimal_client
[1.027s] -- Install configuration: ""
[1.027s] -- Execute custom install script
[1.027s] -- Up-to-date symlink: /home/gobind/ros2_ws/install/examples_rclcpp_minimal_client/lib/examples_rclcpp_minimal_client/client_main
[1.027s] -- Up-to-date symlink: /home/gobind/ros2_ws/install/examples_rclcpp_minimal_client/share/ament_index/resource_index/package_run_dependencies/examples_rclcpp_minimal_client
[1.027s] -- Up-to-date symlink: /home/gobind/ros2_ws/install/examples_rclcpp_minimal_client/share/ament_index/resource_index/parent_prefix_path/examples_rclcpp_minimal_client
[1.027s] -- Up-to-date symlink: /home/gobind/ros2_ws/install/examples_rclcpp_minimal_client/share/examples_rclcpp_minimal_client/environment/ament_prefix_path.sh
[1.027s] -- Up-to-date symlink: /home/gobind/ros2_ws/install/examples_rclcpp_minimal_client/share/examples_rclcpp_minimal_client/environment/ament_prefix_path.dsv
[1.027s] -- Up-to-date symlink: /home/gobind/ros2_ws/install/examples_rclcpp_minimal_client/share/examples_rclcpp_minimal_client/environment/path.sh
[1.028s] -- Up-to-date symlink: /home/gobind/ros2_ws/install/examples_rclcpp_minimal_client/share/examples_rclcpp_minimal_client/environment/path.dsv
[1.028s] -- Up-to-date symlink: /home/gobind/ros2_ws/install/examples_rclcpp_minimal_client/share/examples_rclcpp_minimal_client/local_setup.bash
[1.028s] -- Up-to-date symlink: /home/gobind/ros2_ws/install/examples_rclcpp_minimal_client/share/examples_rclcpp_minimal_client/local_setup.sh
[1.028s] -- Up-to-date symlink: /home/gobind/ros2_ws/install/examples_rclcpp_minimal_client/share/examples_rclcpp_minimal_client/local_setup.zsh
[1.028s] -- Up-to-date symlink: /home/gobind/ros2_ws/install/examples_rclcpp_minimal_client/share/examples_rclcpp_minimal_client/local_setup.dsv
[1.028s] -- Symlinking: /home/gobind/ros2_ws/install/examples_rclcpp_minimal_client/share/examples_rclcpp_minimal_client/package.dsv
[1.028s] -- Up-to-date symlink: /home/gobind/ros2_ws/install/examples_rclcpp_minimal_client/share/ament_index/resource_index/packages/examples_rclcpp_minimal_client
[1.028s] -- Up-to-date symlink: /home/gobind/ros2_ws/install/examples_rclcpp_minimal_client/share/examples_rclcpp_minimal_client/cmake/examples_rclcpp_minimal_clientConfig.cmake
[1.028s] -- Up-to-date symlink: /home/gobind/ros2_ws/install/examples_rclcpp_minimal_client/share/examples_rclcpp_minimal_client/cmake/examples_rclcpp_minimal_clientConfig-version.cmake
[1.028s] -- Up-to-date symlink: /home/gobind/ros2_ws/install/examples_rclcpp_minimal_client/share/examples_rclcpp_minimal_client/package.xml
[1.062s] Invoked command in '/home/gobind/ros2_ws/build/examples_rclcpp_minimal_client' returned '0': CMAKE_PREFIX_PATH=${CMAKE_PREFIX_PATH}:/home/gobind/ros2_ws/install/ros2_course_python:/opt/ros/humble /usr/bin/cmake --install /home/gobind/ros2_ws/build/examples_rclcpp_minimal_client
