[0.081s] DEBUG:colcon:Command line arguments: ['/usr/bin/colcon', 'build']
[0.082s] DEBUG:colcon:Parsed command line arguments: Namespace(log_base=None, log_level=None, verb_name='build', build_base='build', install_base='install', merge_install=False, symlink_install=False, test_result_base=None, continue_on_error=False, executor='parallel', parallel_workers=16, event_handlers=None, ignore_user_meta=False, metas=['./colcon.meta'], base_paths=['.'], packages_ignore=None, packages_ignore_regex=None, paths=None, packages_up_to=None, packages_up_to_regex=None, packages_above=None, packages_above_and_dependencies=None, packages_above_depth=None, packages_select_by_dep=None, packages_skip_by_dep=None, packages_skip_up_to=None, packages_select_build_failed=False, packages_skip_build_finished=False, packages_select_test_failures=False, packages_skip_test_passed=False, packages_select=None, packages_skip=None, packages_select_regex=None, packages_skip_regex=None, packages_start=None, packages_end=None, allow_overriding=[], cmake_args=None, cmake_target=None, cmake_target_skip_unavailable=False, cmake_clean_cache=False, cmake_clean_first=False, cmake_force_configure=False, ament_cmake_args=None, catkin_cmake_args=None, catkin_skip_building_tests=False, verb_parser=<colcon_defaults.argument_parser.defaults.DefaultArgumentsDecorator object at 0x7ce1f53753f0>, verb_extension=<colcon_core.verb.build.BuildVerb object at 0x7ce1f5374ee0>, main=<bound method BuildVerb.main of <colcon_core.verb.build.BuildVerb object at 0x7ce1f5374ee0>>)
[0.200s] Level 1:colcon.colcon_core.package_discovery:discover_packages(colcon_meta) check parameters
[0.201s] Level 1:colcon.colcon_core.package_discovery:discover_packages(recursive) check parameters
[0.201s] Level 1:colcon.colcon_core.package_discovery:discover_packages(ignore) check parameters
[0.201s] Level 1:colcon.colcon_core.package_discovery:discover_packages(path) check parameters
[0.201s] Level 1:colcon.colcon_core.package_discovery:discover_packages(colcon_meta) discover
[0.201s] Level 1:colcon.colcon_core.package_discovery:discover_packages(recursive) discover
[0.201s] INFO:colcon.colcon_core.package_discovery:Crawling recursively for packages in '/home/gobind/cs460_ws'
[0.201s] Level 1:colcon.colcon_core.package_identification:_identify(.) by extensions ['ignore', 'ignore_ament_install']
[0.201s] Level 1:colcon.colcon_core.package_identification:_identify(.) by extension 'ignore'
[0.201s] Level 1:colcon.colcon_core.package_identification:_identify(.) by extension 'ignore_ament_install'
[0.201s] Level 1:colcon.colcon_core.package_identification:_identify(.) by extensions ['colcon_pkg']
[0.201s] Level 1:colcon.colcon_core.package_identification:_identify(.) by extension 'colcon_pkg'
[0.201s] Level 1:colcon.colcon_core.package_identification:_identify(.) by extensions ['colcon_meta']
[0.201s] Level 1:colcon.colcon_core.package_identification:_identify(.) by extension 'colcon_meta'
[0.201s] Level 1:colcon.colcon_core.package_identification:_identify(.) by extensions ['ros']
[0.201s] Level 1:colcon.colcon_core.package_identification:_identify(.) by extension 'ros'
[0.210s] Level 1:colcon.colcon_core.package_identification:_identify(.) by extensions ['cmake', 'python']
[0.210s] Level 1:colcon.colcon_core.package_identification:_identify(.) by extension 'cmake'
[0.210s] Level 1:colcon.colcon_core.package_identification:_identify(.) by extension 'python'
[0.210s] Level 1:colcon.colcon_core.package_identification:_identify(.) by extensions ['python_setup_py']
[0.210s] Level 1:colcon.colcon_core.package_identification:_identify(.) by extension 'python_setup_py'
[0.210s] Level 1:colcon.colcon_core.package_identification:_identify(build) by extensions ['ignore', 'ignore_ament_install']
[0.210s] Level 1:colcon.colcon_core.package_identification:_identify(build) by extension 'ignore'
[0.210s] Level 1:colcon.colcon_core.package_identification:_identify(build) ignored
[0.210s] Level 1:colcon.colcon_core.package_identification:_identify(install) by extensions ['ignore', 'ignore_ament_install']
[0.210s] Level 1:colcon.colcon_core.package_identification:_identify(install) by extension 'ignore'
[0.210s] Level 1:colcon.colcon_core.package_identification:_identify(install) ignored
[0.210s] Level 1:colcon.colcon_core.package_identification:_identify(log) by extensions ['ignore', 'ignore_ament_install']
[0.210s] Level 1:colcon.colcon_core.package_identification:_identify(log) by extension 'ignore'
[0.210s] Level 1:colcon.colcon_core.package_identification:_identify(log) ignored
[0.211s] Level 1:colcon.colcon_core.package_identification:_identify(src) by extensions ['ignore', 'ignore_ament_install']
[0.211s] Level 1:colcon.colcon_core.package_identification:_identify(src) by extension 'ignore'
[0.211s] Level 1:colcon.colcon_core.package_identification:_identify(src) by extension 'ignore_ament_install'
[0.211s] Level 1:colcon.colcon_core.package_identification:_identify(src) by extensions ['colcon_pkg']
[0.211s] Level 1:colcon.colcon_core.package_identification:_identify(src) by extension 'colcon_pkg'
[0.211s] Level 1:colcon.colcon_core.package_identification:_identify(src) by extensions ['colcon_meta']
[0.211s] Level 1:colcon.colcon_core.package_identification:_identify(src) by extension 'colcon_meta'
[0.211s] Level 1:colcon.colcon_core.package_identification:_identify(src) by extensions ['ros']
[0.211s] Level 1:colcon.colcon_core.package_identification:_identify(src) by extension 'ros'
[0.211s] Level 1:colcon.colcon_core.package_identification:_identify(src) by extensions ['cmake', 'python']
[0.211s] Level 1:colcon.colcon_core.package_identification:_identify(src) by extension 'cmake'
[0.211s] Level 1:colcon.colcon_core.package_identification:_identify(src) by extension 'python'
[0.211s] Level 1:colcon.colcon_core.package_identification:_identify(src) by extensions ['python_setup_py']
[0.211s] Level 1:colcon.colcon_core.package_identification:_identify(src) by extension 'python_setup_py'
[0.211s] Level 1:colcon.colcon_core.package_identification:_identify(src/ros2_motion_cpp) by extensions ['ignore', 'ignore_ament_install']
[0.211s] Level 1:colcon.colcon_core.package_identification:_identify(src/ros2_motion_cpp) by extension 'ignore'
[0.211s] Level 1:colcon.colcon_core.package_identification:_identify(src/ros2_motion_cpp) by extension 'ignore_ament_install'
[0.211s] Level 1:colcon.colcon_core.package_identification:_identify(src/ros2_motion_cpp) by extensions ['colcon_pkg']
[0.211s] Level 1:colcon.colcon_core.package_identification:_identify(src/ros2_motion_cpp) by extension 'colcon_pkg'
[0.211s] Level 1:colcon.colcon_core.package_identification:_identify(src/ros2_motion_cpp) by extensions ['colcon_meta']
[0.211s] Level 1:colcon.colcon_core.package_identification:_identify(src/ros2_motion_cpp) by extension 'colcon_meta'
[0.211s] Level 1:colcon.colcon_core.package_identification:_identify(src/ros2_motion_cpp) by extensions ['ros']
[0.211s] Level 1:colcon.colcon_core.package_identification:_identify(src/ros2_motion_cpp) by extension 'ros'
[0.213s] DEBUG:colcon.colcon_core.package_identification:Package 'src/ros2_motion_cpp' with type 'ros.ament_cmake' and name 'ros2_motion_cpp'
[0.213s] Level 1:colcon.colcon_core.package_identification:_identify(src/ros2_motion_python) by extensions ['ignore', 'ignore_ament_install']
[0.213s] Level 1:colcon.colcon_core.package_identification:_identify(src/ros2_motion_python) by extension 'ignore'
[0.213s] Level 1:colcon.colcon_core.package_identification:_identify(src/ros2_motion_python) by extension 'ignore_ament_install'
[0.213s] Level 1:colcon.colcon_core.package_identification:_identify(src/ros2_motion_python) by extensions ['colcon_pkg']
[0.213s] Level 1:colcon.colcon_core.package_identification:_identify(src/ros2_motion_python) by extension 'colcon_pkg'
[0.213s] Level 1:colcon.colcon_core.package_identification:_identify(src/ros2_motion_python) by extensions ['colcon_meta']
[0.213s] Level 1:colcon.colcon_core.package_identification:_identify(src/ros2_motion_python) by extension 'colcon_meta'
[0.213s] Level 1:colcon.colcon_core.package_identification:_identify(src/ros2_motion_python) by extensions ['ros']
[0.213s] Level 1:colcon.colcon_core.package_identification:_identify(src/ros2_motion_python) by extension 'ros'
[0.214s] DEBUG:colcon.colcon_core.package_identification:Package 'src/ros2_motion_python' with type 'ros.ament_python' and name 'ros2_motion_python'
[0.214s] Level 1:colcon.colcon_core.package_discovery:discover_packages(recursive) using defaults
[0.214s] Level 1:colcon.colcon_core.package_discovery:discover_packages(ignore) discover
[0.214s] Level 1:colcon.colcon_core.package_discovery:discover_packages(ignore) using defaults
[0.214s] Level 1:colcon.colcon_core.package_discovery:discover_packages(path) discover
[0.214s] Level 1:colcon.colcon_core.package_discovery:discover_packages(path) using defaults
[0.242s] Level 1:colcon.colcon_core.package_discovery:discover_packages(prefix_path) check parameters
[0.242s] Level 1:colcon.colcon_core.package_discovery:discover_packages(prefix_path) discover
[0.245s] DEBUG:colcon.colcon_installed_package_information.package_discovery:Found 2 installed packages in /home/gobind/cs460_ws/install
[0.246s] DEBUG:colcon.colcon_installed_package_information.package_discovery:Found 25 installed packages in /home/gobind/DEV_WS/install
[0.246s] DEBUG:colcon.colcon_installed_package_information.package_discovery:Found 2 installed packages in /home/gobind/ros2_overlay_ws/install
[0.247s] DEBUG:colcon.colcon_installed_package_information.package_discovery:Found 24 installed packages in /home/gobind/ros2_ws/install
[0.249s] DEBUG:colcon.colcon_installed_package_information.package_discovery:Found 295 installed packages in /opt/ros/humble
[0.250s] Level 1:colcon.colcon_core.package_discovery:discover_packages(prefix_path) using defaults
[0.280s] Level 5:colcon.colcon_core.verb:set package 'ros2_motion_cpp' build argument 'cmake_args' from command line to 'None'
[0.280s] Level 5:colcon.colcon_core.verb:set package 'ros2_motion_cpp' build argument 'cmake_target' from command line to 'None'
[0.280s] Level 5:colcon.colcon_core.verb:set package 'ros2_motion_cpp' build argument 'cmake_target_skip_unavailable' from command line to 'False'
[0.280s] Level 5:colcon.colcon_core.verb:set package 'ros2_motion_cpp' build argument 'cmake_clean_cache' from command line to 'False'
[0.280s] Level 5:colcon.colcon_core.verb:set package 'ros2_motion_cpp' build argument 'cmake_clean_first' from command line to 'False'
[0.280s] Level 5:colcon.colcon_core.verb:set package 'ros2_motion_cpp' build argument 'cmake_force_configure' from command line to 'False'
[0.280s] Level 5:colcon.colcon_core.verb:set package 'ros2_motion_cpp' build argument 'ament_cmake_args' from command line to 'None'
[0.280s] Level 5:colcon.colcon_core.verb:set package 'ros2_motion_cpp' build argument 'catkin_cmake_args' from command line to 'None'
[0.280s] Level 5:colcon.colcon_core.verb:set package 'ros2_motion_cpp' build argument 'catkin_skip_building_tests' from command line to 'False'
[0.280s] DEBUG:colcon.colcon_core.verb:Building package 'ros2_motion_cpp' with the following arguments: {'ament_cmake_args': None, 'build_base': '/home/gobind/cs460_ws/build/ros2_motion_cpp', 'catkin_cmake_args': None, 'catkin_skip_building_tests': False, 'cmake_args': None, 'cmake_clean_cache': False, 'cmake_clean_first': False, 'cmake_force_configure': False, 'cmake_target': None, 'cmake_target_skip_unavailable': False, 'install_base': '/home/gobind/cs460_ws/install/ros2_motion_cpp', 'merge_install': False, 'path': '/home/gobind/cs460_ws/src/ros2_motion_cpp', 'symlink_install': False, 'test_result_base': None}
[0.280s] Level 5:colcon.colcon_core.verb:set package 'ros2_motion_python' build argument 'cmake_args' from command line to 'None'
[0.280s] Level 5:colcon.colcon_core.verb:set package 'ros2_motion_python' build argument 'cmake_target' from command line to 'None'
[0.280s] Level 5:colcon.colcon_core.verb:set package 'ros2_motion_python' build argument 'cmake_target_skip_unavailable' from command line to 'False'
[0.281s] Level 5:colcon.colcon_core.verb:set package 'ros2_motion_python' build argument 'cmake_clean_cache' from command line to 'False'
[0.281s] Level 5:colcon.colcon_core.verb:set package 'ros2_motion_python' build argument 'cmake_clean_first' from command line to 'False'
[0.281s] Level 5:colcon.colcon_core.verb:set package 'ros2_motion_python' build argument 'cmake_force_configure' from command line to 'False'
[0.281s] Level 5:colcon.colcon_core.verb:set package 'ros2_motion_python' build argument 'ament_cmake_args' from command line to 'None'
[0.281s] Level 5:colcon.colcon_core.verb:set package 'ros2_motion_python' build argument 'catkin_cmake_args' from command line to 'None'
[0.281s] Level 5:colcon.colcon_core.verb:set package 'ros2_motion_python' build argument 'catkin_skip_building_tests' from command line to 'False'
[0.281s] DEBUG:colcon.colcon_core.verb:Building package 'ros2_motion_python' with the following arguments: {'ament_cmake_args': None, 'build_base': '/home/gobind/cs460_ws/build/ros2_motion_python', 'catkin_cmake_args': None, 'catkin_skip_building_tests': False, 'cmake_args': None, 'cmake_clean_cache': False, 'cmake_clean_first': False, 'cmake_force_configure': False, 'cmake_target': None, 'cmake_target_skip_unavailable': False, 'install_base': '/home/gobind/cs460_ws/install/ros2_motion_python', 'merge_install': False, 'path': '/home/gobind/cs460_ws/src/ros2_motion_python', 'symlink_install': False, 'test_result_base': None}
[0.281s] INFO:colcon.colcon_core.executor:Executing jobs using 'parallel' executor
[0.282s] DEBUG:colcon.colcon_parallel_executor.executor.parallel:run_until_complete
[0.282s] INFO:colcon.colcon_ros.task.ament_cmake.build:Building ROS package in '/home/gobind/cs460_ws/src/ros2_motion_cpp' with build type 'ament_cmake'
[0.282s] INFO:colcon.colcon_cmake.task.cmake.build:Building CMake package in '/home/gobind/cs460_ws/src/ros2_motion_cpp'
[0.284s] INFO:colcon.colcon_core.plugin_system:Skipping extension 'colcon_core.shell.bat': Not used on non-Windows systems
[0.284s] INFO:colcon.colcon_core.shell:Skip shell extension 'powershell' for command environment: Not usable outside of PowerShell
[0.284s] DEBUG:colcon.colcon_core.shell:Skip shell extension 'dsv' for command environment
[0.289s] INFO:colcon.colcon_ros.task.ament_python.build:Building ROS package in '/home/gobind/cs460_ws/src/ros2_motion_python' with build type 'ament_python'
[0.290s] Level 1:colcon.colcon_core.shell:create_environment_hook('ros2_motion_python', 'ament_prefix_path')
[0.290s] INFO:colcon.colcon_core.shell:Creating environment hook '/home/gobind/cs460_ws/install/ros2_motion_python/share/ros2_motion_python/hook/ament_prefix_path.ps1'
[0.290s] INFO:colcon.colcon_core.shell:Creating environment descriptor '/home/gobind/cs460_ws/install/ros2_motion_python/share/ros2_motion_python/hook/ament_prefix_path.dsv'
[0.291s] INFO:colcon.colcon_core.shell:Creating environment hook '/home/gobind/cs460_ws/install/ros2_motion_python/share/ros2_motion_python/hook/ament_prefix_path.sh'
[0.291s] INFO:colcon.colcon_core.shell:Skip shell extension 'powershell' for command environment: Not usable outside of PowerShell
[0.291s] DEBUG:colcon.colcon_core.shell:Skip shell extension 'dsv' for command environment
[0.300s] DEBUG:colcon.colcon_core.event_handler.log_command:Invoking command in '/home/gobind/cs460_ws/build/ros2_motion_cpp': CMAKE_PREFIX_PATH=${CMAKE_PREFIX_PATH}:/home/gobind/cs460_ws/install/ros2_motion_python:/home/gobind/DEV_WS/install/ros2_essential_python:/home/gobind/DEV_WS/install/ros2_course_python:/home/gobind/DEV_WS/install/launch_testing_examples:/home/gobind/DEV_WS/install/examples_rclpy_pointcloud_publisher:/home/gobind/DEV_WS/install/examples_rclpy_minimal_subscriber:/home/gobind/DEV_WS/install/examples_rclpy_minimal_service:/home/gobind/DEV_WS/install/examples_rclpy_minimal_publisher:/home/gobind/DEV_WS/install/examples_rclpy_minimal_client:/home/gobind/DEV_WS/install/examples_rclpy_minimal_action_server:/home/gobind/DEV_WS/install/examples_rclpy_minimal_action_client:/home/gobind/DEV_WS/install/examples_rclpy_guard_conditions:/home/gobind/DEV_WS/install/examples_rclpy_executors:/home/gobind/ros2_overlay_ws/install/my_package_py:/home/gobind/ros2_ws/install/ros2_course_python:/home/gobind/ros2_ws/install/launch_testing_examples:/home/gobind/ros2_ws/install/examples_rclpy_pointcloud_publisher:/home/gobind/ros2_ws/install/examples_rclpy_minimal_subscriber:/home/gobind/ros2_ws/install/examples_rclpy_minimal_service:/home/gobind/ros2_ws/install/examples_rclpy_minimal_publisher:/home/gobind/ros2_ws/install/examples_rclpy_minimal_client:/home/gobind/ros2_ws/install/examples_rclpy_minimal_action_server:/home/gobind/ros2_ws/install/examples_rclpy_minimal_action_client:/home/gobind/ros2_ws/install/examples_rclpy_guard_conditions:/home/gobind/ros2_ws/install/examples_rclpy_executors:/opt/ros/humble /usr/bin/cmake /home/gobind/cs460_ws/src/ros2_motion_cpp -DCMAKE_INSTALL_PREFIX=/home/gobind/cs460_ws/install/ros2_motion_cpp
[0.517s] INFO:colcon.colcon_core.task.python.build:Building Python package in '/home/gobind/cs460_ws/src/ros2_motion_python'
[0.518s] INFO:colcon.colcon_core.shell:Skip shell extension 'powershell' for command environment: Not usable outside of PowerShell
[0.518s] DEBUG:colcon.colcon_core.shell:Skip shell extension 'dsv' for command environment
[0.750s] DEBUG:colcon.colcon_core.event_handler.log_command:Invoked command in '/home/gobind/cs460_ws/build/ros2_motion_cpp' returned '0': CMAKE_PREFIX_PATH=${CMAKE_PREFIX_PATH}:/home/gobind/cs460_ws/install/ros2_motion_python:/home/gobind/DEV_WS/install/ros2_essential_python:/home/gobind/DEV_WS/install/ros2_course_python:/home/gobind/DEV_WS/install/launch_testing_examples:/home/gobind/DEV_WS/install/examples_rclpy_pointcloud_publisher:/home/gobind/DEV_WS/install/examples_rclpy_minimal_subscriber:/home/gobind/DEV_WS/install/examples_rclpy_minimal_service:/home/gobind/DEV_WS/install/examples_rclpy_minimal_publisher:/home/gobind/DEV_WS/install/examples_rclpy_minimal_client:/home/gobind/DEV_WS/install/examples_rclpy_minimal_action_server:/home/gobind/DEV_WS/install/examples_rclpy_minimal_action_client:/home/gobind/DEV_WS/install/examples_rclpy_guard_conditions:/home/gobind/DEV_WS/install/examples_rclpy_executors:/home/gobind/ros2_overlay_ws/install/my_package_py:/home/gobind/ros2_ws/install/ros2_course_python:/home/gobind/ros2_ws/install/launch_testing_examples:/home/gobind/ros2_ws/install/examples_rclpy_pointcloud_publisher:/home/gobind/ros2_ws/install/examples_rclpy_minimal_subscriber:/home/gobind/ros2_ws/install/examples_rclpy_minimal_service:/home/gobind/ros2_ws/install/examples_rclpy_minimal_publisher:/home/gobind/ros2_ws/install/examples_rclpy_minimal_client:/home/gobind/ros2_ws/install/examples_rclpy_minimal_action_server:/home/gobind/ros2_ws/install/examples_rclpy_minimal_action_client:/home/gobind/ros2_ws/install/examples_rclpy_guard_conditions:/home/gobind/ros2_ws/install/examples_rclpy_executors:/opt/ros/humble /usr/bin/cmake /home/gobind/cs460_ws/src/ros2_motion_cpp -DCMAKE_INSTALL_PREFIX=/home/gobind/cs460_ws/install/ros2_motion_cpp
[0.752s] DEBUG:colcon.colcon_core.event_handler.log_command:Invoking command in '/home/gobind/cs460_ws/build/ros2_motion_cpp': CMAKE_PREFIX_PATH=${CMAKE_PREFIX_PATH}:/home/gobind/cs460_ws/install/ros2_motion_python:/home/gobind/DEV_WS/install/ros2_essential_python:/home/gobind/DEV_WS/install/ros2_course_python:/home/gobind/DEV_WS/install/launch_testing_examples:/home/gobind/DEV_WS/install/examples_rclpy_pointcloud_publisher:/home/gobind/DEV_WS/install/examples_rclpy_minimal_subscriber:/home/gobind/DEV_WS/install/examples_rclpy_minimal_service:/home/gobind/DEV_WS/install/examples_rclpy_minimal_publisher:/home/gobind/DEV_WS/install/examples_rclpy_minimal_client:/home/gobind/DEV_WS/install/examples_rclpy_minimal_action_server:/home/gobind/DEV_WS/install/examples_rclpy_minimal_action_client:/home/gobind/DEV_WS/install/examples_rclpy_guard_conditions:/home/gobind/DEV_WS/install/examples_rclpy_executors:/home/gobind/ros2_overlay_ws/install/my_package_py:/home/gobind/ros2_ws/install/ros2_course_python:/home/gobind/ros2_ws/install/launch_testing_examples:/home/gobind/ros2_ws/install/examples_rclpy_pointcloud_publisher:/home/gobind/ros2_ws/install/examples_rclpy_minimal_subscriber:/home/gobind/ros2_ws/install/examples_rclpy_minimal_service:/home/gobind/ros2_ws/install/examples_rclpy_minimal_publisher:/home/gobind/ros2_ws/install/examples_rclpy_minimal_client:/home/gobind/ros2_ws/install/examples_rclpy_minimal_action_server:/home/gobind/ros2_ws/install/examples_rclpy_minimal_action_client:/home/gobind/ros2_ws/install/examples_rclpy_guard_conditions:/home/gobind/ros2_ws/install/examples_rclpy_executors:/opt/ros/humble /usr/bin/cmake --build /home/gobind/cs460_ws/build/ros2_motion_cpp -- -j16 -l16
[0.803s] DEBUG:colcon.colcon_core.event_handler.log_command:Invoked command in '/home/gobind/cs460_ws/build/ros2_motion_cpp' returned '0': CMAKE_PREFIX_PATH=${CMAKE_PREFIX_PATH}:/home/gobind/cs460_ws/install/ros2_motion_python:/home/gobind/DEV_WS/install/ros2_essential_python:/home/gobind/DEV_WS/install/ros2_course_python:/home/gobind/DEV_WS/install/launch_testing_examples:/home/gobind/DEV_WS/install/examples_rclpy_pointcloud_publisher:/home/gobind/DEV_WS/install/examples_rclpy_minimal_subscriber:/home/gobind/DEV_WS/install/examples_rclpy_minimal_service:/home/gobind/DEV_WS/install/examples_rclpy_minimal_publisher:/home/gobind/DEV_WS/install/examples_rclpy_minimal_client:/home/gobind/DEV_WS/install/examples_rclpy_minimal_action_server:/home/gobind/DEV_WS/install/examples_rclpy_minimal_action_client:/home/gobind/DEV_WS/install/examples_rclpy_guard_conditions:/home/gobind/DEV_WS/install/examples_rclpy_executors:/home/gobind/ros2_overlay_ws/install/my_package_py:/home/gobind/ros2_ws/install/ros2_course_python:/home/gobind/ros2_ws/install/launch_testing_examples:/home/gobind/ros2_ws/install/examples_rclpy_pointcloud_publisher:/home/gobind/ros2_ws/install/examples_rclpy_minimal_subscriber:/home/gobind/ros2_ws/install/examples_rclpy_minimal_service:/home/gobind/ros2_ws/install/examples_rclpy_minimal_publisher:/home/gobind/ros2_ws/install/examples_rclpy_minimal_client:/home/gobind/ros2_ws/install/examples_rclpy_minimal_action_server:/home/gobind/ros2_ws/install/examples_rclpy_minimal_action_client:/home/gobind/ros2_ws/install/examples_rclpy_guard_conditions:/home/gobind/ros2_ws/install/examples_rclpy_executors:/opt/ros/humble /usr/bin/cmake --build /home/gobind/cs460_ws/build/ros2_motion_cpp -- -j16 -l16
[0.817s] DEBUG:colcon.colcon_core.event_handler.log_command:Invoking command in '/home/gobind/cs460_ws/build/ros2_motion_cpp': CMAKE_PREFIX_PATH=${CMAKE_PREFIX_PATH}:/home/gobind/cs460_ws/install/ros2_motion_python:/home/gobind/DEV_WS/install/ros2_essential_python:/home/gobind/DEV_WS/install/ros2_course_python:/home/gobind/DEV_WS/install/launch_testing_examples:/home/gobind/DEV_WS/install/examples_rclpy_pointcloud_publisher:/home/gobind/DEV_WS/install/examples_rclpy_minimal_subscriber:/home/gobind/DEV_WS/install/examples_rclpy_minimal_service:/home/gobind/DEV_WS/install/examples_rclpy_minimal_publisher:/home/gobind/DEV_WS/install/examples_rclpy_minimal_client:/home/gobind/DEV_WS/install/examples_rclpy_minimal_action_server:/home/gobind/DEV_WS/install/examples_rclpy_minimal_action_client:/home/gobind/DEV_WS/install/examples_rclpy_guard_conditions:/home/gobind/DEV_WS/install/examples_rclpy_executors:/home/gobind/ros2_overlay_ws/install/my_package_py:/home/gobind/ros2_ws/install/ros2_course_python:/home/gobind/ros2_ws/install/launch_testing_examples:/home/gobind/ros2_ws/install/examples_rclpy_pointcloud_publisher:/home/gobind/ros2_ws/install/examples_rclpy_minimal_subscriber:/home/gobind/ros2_ws/install/examples_rclpy_minimal_service:/home/gobind/ros2_ws/install/examples_rclpy_minimal_publisher:/home/gobind/ros2_ws/install/examples_rclpy_minimal_client:/home/gobind/ros2_ws/install/examples_rclpy_minimal_action_server:/home/gobind/ros2_ws/install/examples_rclpy_minimal_action_client:/home/gobind/ros2_ws/install/examples_rclpy_guard_conditions:/home/gobind/ros2_ws/install/examples_rclpy_executors:/opt/ros/humble /usr/bin/cmake --install /home/gobind/cs460_ws/build/ros2_motion_cpp
[0.820s] DEBUG:colcon.colcon_core.event_handler.log_command:Invoking command in '/home/gobind/cs460_ws/build/ros2_motion_python': PYTHONPATH=/home/gobind/cs460_ws/build/ros2_motion_python/prefix_override:/usr/lib/python3/dist-packages/colcon_core/task/python/colcon_distutils_commands:/home/gobind/cs460_ws/install/ros2_motion_python/lib/python3.10/site-packages:${PYTHONPATH} /usr/bin/python3 -W ignore:setup.py install is deprecated -W ignore:easy_install command is deprecated setup.py develop --uninstall --editable --build-directory /home/gobind/cs460_ws/build/ros2_motion_python/build
[0.844s] Level 1:colcon.colcon_core.environment:create_environment_scripts_only(ros2_motion_cpp)
[0.845s] DEBUG:colcon.colcon_core.event_handler.log_command:Invoked command in '/home/gobind/cs460_ws/build/ros2_motion_cpp' returned '0': CMAKE_PREFIX_PATH=${CMAKE_PREFIX_PATH}:/home/gobind/cs460_ws/install/ros2_motion_python:/home/gobind/DEV_WS/install/ros2_essential_python:/home/gobind/DEV_WS/install/ros2_course_python:/home/gobind/DEV_WS/install/launch_testing_examples:/home/gobind/DEV_WS/install/examples_rclpy_pointcloud_publisher:/home/gobind/DEV_WS/install/examples_rclpy_minimal_subscriber:/home/gobind/DEV_WS/install/examples_rclpy_minimal_service:/home/gobind/DEV_WS/install/examples_rclpy_minimal_publisher:/home/gobind/DEV_WS/install/examples_rclpy_minimal_client:/home/gobind/DEV_WS/install/examples_rclpy_minimal_action_server:/home/gobind/DEV_WS/install/examples_rclpy_minimal_action_client:/home/gobind/DEV_WS/install/examples_rclpy_guard_conditions:/home/gobind/DEV_WS/install/examples_rclpy_executors:/home/gobind/ros2_overlay_ws/install/my_package_py:/home/gobind/ros2_ws/install/ros2_course_python:/home/gobind/ros2_ws/install/launch_testing_examples:/home/gobind/ros2_ws/install/examples_rclpy_pointcloud_publisher:/home/gobind/ros2_ws/install/examples_rclpy_minimal_subscriber:/home/gobind/ros2_ws/install/examples_rclpy_minimal_service:/home/gobind/ros2_ws/install/examples_rclpy_minimal_publisher:/home/gobind/ros2_ws/install/examples_rclpy_minimal_client:/home/gobind/ros2_ws/install/examples_rclpy_minimal_action_server:/home/gobind/ros2_ws/install/examples_rclpy_minimal_action_client:/home/gobind/ros2_ws/install/examples_rclpy_guard_conditions:/home/gobind/ros2_ws/install/examples_rclpy_executors:/opt/ros/humble /usr/bin/cmake --install /home/gobind/cs460_ws/build/ros2_motion_cpp
[0.847s] Level 1:colcon.colcon_core.environment:checking '/home/gobind/cs460_ws/install/ros2_motion_cpp' for CMake module files
[0.847s] Level 1:colcon.colcon_core.environment:checking '/home/gobind/cs460_ws/install/ros2_motion_cpp' for CMake config files
[0.848s] Level 1:colcon.colcon_core.shell:create_environment_hook('ros2_motion_cpp', 'cmake_prefix_path')
[0.848s] INFO:colcon.colcon_core.shell:Creating environment hook '/home/gobind/cs460_ws/install/ros2_motion_cpp/share/ros2_motion_cpp/hook/cmake_prefix_path.ps1'
[0.849s] INFO:colcon.colcon_core.shell:Creating environment descriptor '/home/gobind/cs460_ws/install/ros2_motion_cpp/share/ros2_motion_cpp/hook/cmake_prefix_path.dsv'
[0.849s] INFO:colcon.colcon_core.shell:Creating environment hook '/home/gobind/cs460_ws/install/ros2_motion_cpp/share/ros2_motion_cpp/hook/cmake_prefix_path.sh'
[0.850s] Level 1:colcon.colcon_core.environment:checking '/home/gobind/cs460_ws/install/ros2_motion_cpp/bin'
[0.850s] Level 1:colcon.colcon_core.environment:checking '/home/gobind/cs460_ws/install/ros2_motion_cpp/lib/pkgconfig/ros2_motion_cpp.pc'
[0.850s] Level 1:colcon.colcon_core.environment:checking '/home/gobind/cs460_ws/install/ros2_motion_cpp/lib/python3.10/site-packages'
[0.850s] Level 1:colcon.colcon_core.environment:checking '/home/gobind/cs460_ws/install/ros2_motion_cpp/bin'
[0.850s] INFO:colcon.colcon_core.shell:Creating package script '/home/gobind/cs460_ws/install/ros2_motion_cpp/share/ros2_motion_cpp/package.ps1'
[0.851s] INFO:colcon.colcon_core.shell:Creating package descriptor '/home/gobind/cs460_ws/install/ros2_motion_cpp/share/ros2_motion_cpp/package.dsv'
[0.851s] INFO:colcon.colcon_core.shell:Creating package script '/home/gobind/cs460_ws/install/ros2_motion_cpp/share/ros2_motion_cpp/package.sh'
[0.852s] INFO:colcon.colcon_core.shell:Creating package script '/home/gobind/cs460_ws/install/ros2_motion_cpp/share/ros2_motion_cpp/package.bash'
[0.852s] INFO:colcon.colcon_core.shell:Creating package script '/home/gobind/cs460_ws/install/ros2_motion_cpp/share/ros2_motion_cpp/package.zsh'
[0.853s] Level 1:colcon.colcon_core.environment:create_file_with_runtime_dependencies(/home/gobind/cs460_ws/install/ros2_motion_cpp/share/colcon-core/packages/ros2_motion_cpp)
[0.853s] Level 1:colcon.colcon_core.environment:create_environment_scripts_only(ros2_motion_cpp)
[0.853s] Level 1:colcon.colcon_core.environment:checking '/home/gobind/cs460_ws/install/ros2_motion_cpp' for CMake module files
[0.854s] Level 1:colcon.colcon_core.environment:checking '/home/gobind/cs460_ws/install/ros2_motion_cpp' for CMake config files
[0.854s] Level 1:colcon.colcon_core.shell:create_environment_hook('ros2_motion_cpp', 'cmake_prefix_path')
[0.854s] INFO:colcon.colcon_core.shell:Creating environment hook '/home/gobind/cs460_ws/install/ros2_motion_cpp/share/ros2_motion_cpp/hook/cmake_prefix_path.ps1'
[0.854s] INFO:colcon.colcon_core.shell:Creating environment descriptor '/home/gobind/cs460_ws/install/ros2_motion_cpp/share/ros2_motion_cpp/hook/cmake_prefix_path.dsv'
[0.854s] INFO:colcon.colcon_core.shell:Creating environment hook '/home/gobind/cs460_ws/install/ros2_motion_cpp/share/ros2_motion_cpp/hook/cmake_prefix_path.sh'
[0.855s] Level 1:colcon.colcon_core.environment:checking '/home/gobind/cs460_ws/install/ros2_motion_cpp/bin'
[0.855s] Level 1:colcon.colcon_core.environment:checking '/home/gobind/cs460_ws/install/ros2_motion_cpp/lib/pkgconfig/ros2_motion_cpp.pc'
[0.855s] Level 1:colcon.colcon_core.environment:checking '/home/gobind/cs460_ws/install/ros2_motion_cpp/lib/python3.10/site-packages'
[0.855s] Level 1:colcon.colcon_core.environment:checking '/home/gobind/cs460_ws/install/ros2_motion_cpp/bin'
[0.855s] INFO:colcon.colcon_core.shell:Creating package script '/home/gobind/cs460_ws/install/ros2_motion_cpp/share/ros2_motion_cpp/package.ps1'
[0.856s] INFO:colcon.colcon_core.shell:Creating package descriptor '/home/gobind/cs460_ws/install/ros2_motion_cpp/share/ros2_motion_cpp/package.dsv'
[0.856s] INFO:colcon.colcon_core.shell:Creating package script '/home/gobind/cs460_ws/install/ros2_motion_cpp/share/ros2_motion_cpp/package.sh'
[0.856s] INFO:colcon.colcon_core.shell:Creating package script '/home/gobind/cs460_ws/install/ros2_motion_cpp/share/ros2_motion_cpp/package.bash'
[0.857s] INFO:colcon.colcon_core.shell:Creating package script '/home/gobind/cs460_ws/install/ros2_motion_cpp/share/ros2_motion_cpp/package.zsh'
[0.857s] Level 1:colcon.colcon_core.environment:create_file_with_runtime_dependencies(/home/gobind/cs460_ws/install/ros2_motion_cpp/share/colcon-core/packages/ros2_motion_cpp)
[1.203s] DEBUG:colcon.colcon_core.event_handler.log_command:Invoked command in '/home/gobind/cs460_ws/build/ros2_motion_python' returned '0': PYTHONPATH=/home/gobind/cs460_ws/build/ros2_motion_python/prefix_override:/usr/lib/python3/dist-packages/colcon_core/task/python/colcon_distutils_commands:/home/gobind/cs460_ws/install/ros2_motion_python/lib/python3.10/site-packages:${PYTHONPATH} /usr/bin/python3 -W ignore:setup.py install is deprecated -W ignore:easy_install command is deprecated setup.py develop --uninstall --editable --build-directory /home/gobind/cs460_ws/build/ros2_motion_python/build
[1.205s] DEBUG:colcon.colcon_core.event_handler.log_command:Invoking command in '/home/gobind/cs460_ws/src/ros2_motion_python': PYTHONPATH=/home/gobind/cs460_ws/build/ros2_motion_python/prefix_override:/usr/lib/python3/dist-packages/colcon_core/task/python/colcon_distutils_commands:/home/gobind/cs460_ws/install/ros2_motion_python/lib/python3.10/site-packages:${PYTHONPATH} /usr/bin/python3 -W ignore:setup.py install is deprecated -W ignore:easy_install command is deprecated setup.py egg_info --egg-base ../../build/ros2_motion_python build --build-base /home/gobind/cs460_ws/build/ros2_motion_python/build install --record /home/gobind/cs460_ws/build/ros2_motion_python/install.log --single-version-externally-managed install_data --force
[1.437s] Level 1:colcon.colcon_core.environment:checking '/home/gobind/cs460_ws/install/ros2_motion_python' for CMake module files
[1.437s] DEBUG:colcon.colcon_core.event_handler.log_command:Invoked command in '/home/gobind/cs460_ws/src/ros2_motion_python' returned '0': PYTHONPATH=/home/gobind/cs460_ws/build/ros2_motion_python/prefix_override:/usr/lib/python3/dist-packages/colcon_core/task/python/colcon_distutils_commands:/home/gobind/cs460_ws/install/ros2_motion_python/lib/python3.10/site-packages:${PYTHONPATH} /usr/bin/python3 -W ignore:setup.py install is deprecated -W ignore:easy_install command is deprecated setup.py egg_info --egg-base ../../build/ros2_motion_python build --build-base /home/gobind/cs460_ws/build/ros2_motion_python/build install --record /home/gobind/cs460_ws/build/ros2_motion_python/install.log --single-version-externally-managed install_data --force
[1.437s] Level 1:colcon.colcon_core.environment:checking '/home/gobind/cs460_ws/install/ros2_motion_python' for CMake config files
[1.438s] Level 1:colcon.colcon_core.environment:checking '/home/gobind/cs460_ws/install/ros2_motion_python/lib'
[1.438s] Level 1:colcon.colcon_core.environment:checking '/home/gobind/cs460_ws/install/ros2_motion_python/bin'
[1.438s] Level 1:colcon.colcon_core.environment:checking '/home/gobind/cs460_ws/install/ros2_motion_python/lib/pkgconfig/ros2_motion_python.pc'
[1.438s] Level 1:colcon.colcon_core.environment:checking '/home/gobind/cs460_ws/install/ros2_motion_python/lib/python3.10/site-packages'
[1.438s] Level 1:colcon.colcon_core.shell:create_environment_hook('ros2_motion_python', 'pythonpath')
[1.438s] INFO:colcon.colcon_core.shell:Creating environment hook '/home/gobind/cs460_ws/install/ros2_motion_python/share/ros2_motion_python/hook/pythonpath.ps1'
[1.439s] INFO:colcon.colcon_core.shell:Creating environment descriptor '/home/gobind/cs460_ws/install/ros2_motion_python/share/ros2_motion_python/hook/pythonpath.dsv'
[1.439s] INFO:colcon.colcon_core.shell:Creating environment hook '/home/gobind/cs460_ws/install/ros2_motion_python/share/ros2_motion_python/hook/pythonpath.sh'
[1.439s] Level 1:colcon.colcon_core.environment:checking '/home/gobind/cs460_ws/install/ros2_motion_python/bin'
[1.439s] Level 1:colcon.colcon_core.environment:create_environment_scripts_only(ros2_motion_python)
[1.440s] INFO:colcon.colcon_core.shell:Creating package script '/home/gobind/cs460_ws/install/ros2_motion_python/share/ros2_motion_python/package.ps1'
[1.440s] INFO:colcon.colcon_core.shell:Creating package descriptor '/home/gobind/cs460_ws/install/ros2_motion_python/share/ros2_motion_python/package.dsv'
[1.440s] INFO:colcon.colcon_core.shell:Creating package script '/home/gobind/cs460_ws/install/ros2_motion_python/share/ros2_motion_python/package.sh'
[1.441s] INFO:colcon.colcon_core.shell:Creating package script '/home/gobind/cs460_ws/install/ros2_motion_python/share/ros2_motion_python/package.bash'
[1.441s] INFO:colcon.colcon_core.shell:Creating package script '/home/gobind/cs460_ws/install/ros2_motion_python/share/ros2_motion_python/package.zsh'
[1.441s] Level 1:colcon.colcon_core.environment:create_file_with_runtime_dependencies(/home/gobind/cs460_ws/install/ros2_motion_python/share/colcon-core/packages/ros2_motion_python)
[1.441s] DEBUG:colcon.colcon_parallel_executor.executor.parallel:closing loop
[1.442s] DEBUG:colcon.colcon_parallel_executor.executor.parallel:loop closed
[1.442s] DEBUG:colcon.colcon_parallel_executor.executor.parallel:run_until_complete finished with '0'
[1.442s] DEBUG:colcon.colcon_core.event_reactor:joining thread
[1.447s] INFO:colcon.colcon_core.plugin_system:Skipping extension 'colcon_notification.desktop_notification.terminal_notifier': Not used on non-Darwin systems
[1.447s] INFO:colcon.colcon_core.plugin_system:Skipping extension 'colcon_notification.desktop_notification.win32': Not used on non-Windows systems
[1.447s] INFO:colcon.colcon_notification.desktop_notification:Sending desktop notification using 'notify2'
[1.458s] DEBUG:colcon.colcon_core.event_reactor:joined thread
[1.458s] INFO:colcon.colcon_core.shell:Creating prefix script '/home/gobind/cs460_ws/install/local_setup.ps1'
[1.459s] INFO:colcon.colcon_core.shell:Creating prefix util module '/home/gobind/cs460_ws/install/_local_setup_util_ps1.py'
[1.460s] INFO:colcon.colcon_core.shell:Creating prefix chain script '/home/gobind/cs460_ws/install/setup.ps1'
[1.462s] INFO:colcon.colcon_core.shell:Creating prefix script '/home/gobind/cs460_ws/install/local_setup.sh'
[1.462s] INFO:colcon.colcon_core.shell:Creating prefix util module '/home/gobind/cs460_ws/install/_local_setup_util_sh.py'
[1.463s] INFO:colcon.colcon_core.shell:Creating prefix chain script '/home/gobind/cs460_ws/install/setup.sh'
[1.465s] INFO:colcon.colcon_core.shell:Creating prefix script '/home/gobind/cs460_ws/install/local_setup.bash'
[1.465s] INFO:colcon.colcon_core.shell:Creating prefix chain script '/home/gobind/cs460_ws/install/setup.bash'
[1.467s] INFO:colcon.colcon_core.shell:Creating prefix script '/home/gobind/cs460_ws/install/local_setup.zsh'
[1.468s] INFO:colcon.colcon_core.shell:Creating prefix chain script '/home/gobind/cs460_ws/install/setup.zsh'
