[2.627s] Invoking command in '/home/gobind/ros2_ws/build/examples_rclpy_minimal_action_client': PYTHONPATH=/home/gobind/ros2_ws/build/examples_rclpy_minimal_action_client/prefix_override:/usr/lib/python3/dist-packages/colcon_core/task/python/colcon_distutils_commands:/home/gobind/ros2_ws/install/examples_rclpy_minimal_action_client/lib/python3.10/site-packages:${PYTHONPATH} /usr/bin/python3 -W ignore:setup.py install is deprecated -W ignore:easy_install command is deprecated setup.py develop --editable --build-directory /home/gobind/ros2_ws/build/examples_rclpy_minimal_action_client/build --no-deps symlink_data
[3.010s] running develop
[3.209s] running egg_info
[3.209s] writing examples_rclpy_minimal_action_client.egg-info/PKG-INFO
[3.209s] writing dependency_links to examples_rclpy_minimal_action_client.egg-info/dependency_links.txt
[3.210s] writing entry points to examples_rclpy_minimal_action_client.egg-info/entry_points.txt
[3.212s] writing requirements to examples_rclpy_minimal_action_client.egg-info/requires.txt
[3.212s] writing top-level names to examples_rclpy_minimal_action_client.egg-info/top_level.txt
[3.212s] reading manifest file 'examples_rclpy_minimal_action_client.egg-info/SOURCES.txt'
[3.214s] writing manifest file 'examples_rclpy_minimal_action_client.egg-info/SOURCES.txt'
[3.216s] running build_ext
[3.216s] Creating /home/gobind/ros2_ws/install/examples_rclpy_minimal_action_client/lib/python3.10/site-packages/examples-rclpy-minimal-action-client.egg-link (link to .)
[3.217s] Installing client script to /home/gobind/ros2_ws/install/examples_rclpy_minimal_action_client/lib/examples_rclpy_minimal_action_client
[3.218s] Installing client_asyncio script to /home/gobind/ros2_ws/install/examples_rclpy_minimal_action_client/lib/examples_rclpy_minimal_action_client
[3.218s] Installing client_cancel script to /home/gobind/ros2_ws/install/examples_rclpy_minimal_action_client/lib/examples_rclpy_minimal_action_client
[3.218s] Installing client_not_composable script to /home/gobind/ros2_ws/install/examples_rclpy_minimal_action_client/lib/examples_rclpy_minimal_action_client
[3.218s] 
[3.218s] Installed /home/gobind/ros2_ws/build/examples_rclpy_minimal_action_client
[3.220s] running symlink_data
[3.291s] Invoked command in '/home/gobind/ros2_ws/build/examples_rclpy_minimal_action_client' returned '0': PYTHONPATH=/home/gobind/ros2_ws/build/examples_rclpy_minimal_action_client/prefix_override:/usr/lib/python3/dist-packages/colcon_core/task/python/colcon_distutils_commands:/home/gobind/ros2_ws/install/examples_rclpy_minimal_action_client/lib/python3.10/site-packages:${PYTHONPATH} /usr/bin/python3 -W ignore:setup.py install is deprecated -W ignore:easy_install command is deprecated setup.py develop --editable --build-directory /home/gobind/ros2_ws/build/examples_rclpy_minimal_action_client/build --no-deps symlink_data
