running develop
running egg_info
creating ros2_course_python.egg-info
writing ros2_course_python.egg-info/PKG-INFO
writing dependency_links to ros2_course_python.egg-info/dependency_links.txt
writing entry points to ros2_course_python.egg-info/entry_points.txt
writing requirements to ros2_course_python.egg-info/requires.txt
writing top-level names to ros2_course_python.egg-info/top_level.txt
writing manifest file 'ros2_course_python.egg-info/SOURCES.txt'
reading manifest file 'ros2_course_python.egg-info/SOURCES.txt'
writing manifest file 'ros2_course_python.egg-info/SOURCES.txt'
running build_ext
Creating /home/gobind/ros2_ws/install/ros2_course_python/lib/python3.10/site-packages/ros2-course-python.egg-link (link to .)

Installed /home/gobind/ros2_ws/build/ros2_course_python
running symlink_data
creating /home/gobind/ros2_ws/install/ros2_course_python/share/ament_index
creating /home/gobind/ros2_ws/install/ros2_course_python/share/ament_index/resource_index
creating /home/gobind/ros2_ws/install/ros2_course_python/share/ament_index/resource_index/packages
symbolically linking /home/gobind/ros2_ws/build/ros2_course_python/resource/ros2_course_python -> /home/gobind/ros2_ws/install/ros2_course_python/share/ament_index/resource_index/packages
symbolically linking /home/gobind/ros2_ws/build/ros2_course_python/package.xml -> /home/gobind/ros2_ws/install/ros2_course_python/share/ros2_course_python
