[3.381s] Invoking command in '/home/gobind/ros2_ws/build/ros2_course_python': PYTHONPATH=/home/gobind/ros2_ws/build/ros2_course_python/prefix_override:/usr/lib/python3/dist-packages/colcon_core/task/python/colcon_distutils_commands:/home/gobind/ros2_ws/install/ros2_course_python/lib/python3.10/site-packages:${PYTHONPATH} /usr/bin/python3 -W ignore:setup.py install is deprecated -W ignore:easy_install command is deprecated setup.py develop --editable --build-directory /home/gobind/ros2_ws/build/ros2_course_python/build --no-deps symlink_data
[4.316s] running develop
[4.654s] running egg_info
[4.654s] creating ros2_course_python.egg-info
[4.655s] writing ros2_course_python.egg-info/PKG-INFO
[4.656s] writing dependency_links to ros2_course_python.egg-info/dependency_links.txt
[4.656s] writing entry points to ros2_course_python.egg-info/entry_points.txt
[4.656s] writing requirements to ros2_course_python.egg-info/requires.txt
[4.657s] writing top-level names to ros2_course_python.egg-info/top_level.txt
[4.657s] writing manifest file 'ros2_course_python.egg-info/SOURCES.txt'
[4.660s] reading manifest file 'ros2_course_python.egg-info/SOURCES.txt'
[4.661s] writing manifest file 'ros2_course_python.egg-info/SOURCES.txt'
[4.663s] running build_ext
[4.665s] Creating /home/gobind/ros2_ws/install/ros2_course_python/lib/python3.10/site-packages/ros2-course-python.egg-link (link to .)
[4.665s] 
[4.665s] Installed /home/gobind/ros2_ws/build/ros2_course_python
[4.666s] running symlink_data
[4.666s] creating /home/gobind/ros2_ws/install/ros2_course_python/share/ament_index
[4.666s] creating /home/gobind/ros2_ws/install/ros2_course_python/share/ament_index/resource_index
[4.666s] creating /home/gobind/ros2_ws/install/ros2_course_python/share/ament_index/resource_index/packages
[4.667s] symbolically linking /home/gobind/ros2_ws/build/ros2_course_python/resource/ros2_course_python -> /home/gobind/ros2_ws/install/ros2_course_python/share/ament_index/resource_index/packages
[4.670s] symbolically linking /home/gobind/ros2_ws/build/ros2_course_python/package.xml -> /home/gobind/ros2_ws/install/ros2_course_python/share/ros2_course_python
[4.752s] Invoked command in '/home/gobind/ros2_ws/build/ros2_course_python' returned '0': PYTHONPATH=/home/gobind/ros2_ws/build/ros2_course_python/prefix_override:/usr/lib/python3/dist-packages/colcon_core/task/python/colcon_distutils_commands:/home/gobind/ros2_ws/install/ros2_course_python/lib/python3.10/site-packages:${PYTHONPATH} /usr/bin/python3 -W ignore:setup.py install is deprecated -W ignore:easy_install command is deprecated setup.py develop --editable --build-directory /home/gobind/ros2_ws/build/ros2_course_python/build --no-deps symlink_data
