[0.063s] Invoking command in '/home/gobind/ros2_ws/build/examples_rclcpp_wait_set': CMAKE_PREFIX_PATH=${CMAKE_PREFIX_PATH}:/home/gobind/ros2_ws/install/ros2_course_python:/opt/ros/humble /usr/bin/cmake --build /home/gobind/ros2_ws/build/examples_rclcpp_wait_set -- -j16 -l16
[4.471s] [  4%] [32mBuilding CXX object CMakeFiles/wait_set_talker.dir/rclcpp_components/node_main_wait_set_talker.cpp.o[0m
[4.475s] [  8%] [32mBuilding CXX object CMakeFiles/talker.dir/src/talker.cpp.o[0m
[4.476s] [ 12%] [32mBuilding CXX object CMakeFiles/listener.dir/src/listener.cpp.o[0m
[4.476s] [ 16%] [32mBuilding CXX object CMakeFiles/static_wait_set.dir/src/static_wait_set.cpp.o[0m
[4.476s] [ 20%] [32mBuilding CXX object CMakeFiles/thread_safe_wait_set.dir/src/thread_safe_wait_set.cpp.o[0m
[4.477s] [ 25%] [32mBuilding CXX object CMakeFiles/wait_set_topics_and_timer.dir/src/wait_set_topics_and_timer.cpp.o[0m
[4.477s] [ 29%] [32mBuilding CXX object CMakeFiles/wait_set_random_order.dir/src/wait_set_random_order.cpp.o[0m
[4.477s] [ 33%] [32mBuilding CXX object CMakeFiles/wait_set.dir/src/wait_set.cpp.o[0m
[4.477s] [ 37%] [32mBuilding CXX object CMakeFiles/executor_random_order.dir/src/executor_random_order.cpp.o[0m
[4.477s] [ 41%] [32mBuilding CXX object CMakeFiles/wait_set_listener.dir/rclcpp_components/node_main_wait_set_listener.cpp.o[0m
[4.477s] [ 45%] [32mBuilding CXX object CMakeFiles/wait_set_topics_with_different_rates.dir/src/wait_set_topics_with_different_rates.cpp.o[0m
[13.861s] [01m[K/home/gobind/ros2_ws/src/examples/rclcpp/wait_set/src/wait_set_topics_and_timer.cpp:[m[K In function ‘[01m[Kint32_t main(int32_t, char**)[m[K’:
[13.862s] [01m[K/home/gobind/ros2_ws/src/examples/rclcpp/wait_set/src/wait_set_topics_and_timer.cpp:76:42:[m[K [01;31m[Kerror: [m[Kno matching function for call to ‘[01m[Krclcpp::TimerBase::execute_callback(bool&)[m[K’
[13.863s]    76 |           [01;31m[Kone_off_timer->execute_callback(data)[m[K;
[13.863s]       |           [01;31m[K~~~~~~~~~~~~~~~~~~~~~~~~~~~~~~~^~~~~~[m[K
[13.868s] In file included from [01m[K/opt/ros/humble/include/rclcpp/rclcpp/callback_group.hpp:30[m[K,
[13.868s]                  from [01m[K/opt/ros/humble/include/rclcpp/rclcpp/any_executable.hpp:20[m[K,
[13.868s]                  from [01m[K/opt/ros/humble/include/rclcpp/rclcpp/memory_strategy.hpp:25[m[K,
[13.868s]                  from [01m[K/opt/ros/humble/include/rclcpp/rclcpp/memory_strategies.hpp:18[m[K,
[13.869s]                  from [01m[K/opt/ros/humble/include/rclcpp/rclcpp/executor_options.hpp:20[m[K,
[13.869s]                  from [01m[K/opt/ros/humble/include/rclcpp/rclcpp/executor.hpp:37[m[K,
[13.869s]                  from [01m[K/opt/ros/humble/include/rclcpp/rclcpp/executors/multi_threaded_executor.hpp:25[m[K,
[13.869s]                  from [01m[K/opt/ros/humble/include/rclcpp/rclcpp/executors.hpp:21[m[K,
[13.869s]                  from [01m[K/opt/ros/humble/include/rclcpp/rclcpp/rclcpp.hpp:155[m[K,
[13.869s]                  from [01m[K/home/gobind/ros2_ws/src/examples/rclcpp/wait_set/src/wait_set_topics_and_timer.cpp:17[m[K:
[13.870s] [01m[K/opt/ros/humble/include/rclcpp/rclcpp/timer.hpp:108:3:[m[K [01;36m[Knote: [m[Kcandidate: ‘[01m[Kvirtual void rclcpp::TimerBase::execute_callback()[m[K’
[13.870s]   108 |   [01;36m[Kexecute_callback[m[K() = 0;
[13.870s]       |   [01;36m[K^~~~~~~~~~~~~~~~[m[K
[13.876s] [01m[K/opt/ros/humble/include/rclcpp/rclcpp/timer.hpp:108:3:[m[K [01;36m[Knote: [m[K  candidate expects 0 arguments, 1 provided
[16.155s] [ 50%] [32m[1mLinking CXX executable wait_set_talker[0m
[17.222s] [ 50%] Built target wait_set_talker
[19.827s] [ 54%] [32m[1mLinking CXX shared library libtalker.so[0m
[20.584s] [ 58%] [32m[1mLinking CXX executable wait_set_listener[0m
[20.812s] [ 58%] Built target talker
[21.309s] [ 58%] Built target wait_set_listener
[22.753s] gmake[2]: *** [CMakeFiles/wait_set_topics_and_timer.dir/build.make:76: CMakeFiles/wait_set_topics_and_timer.dir/src/wait_set_topics_and_timer.cpp.o] Error 1
[22.754s] gmake[1]: *** [CMakeFiles/Makefile2:341: CMakeFiles/wait_set_topics_and_timer.dir/all] Error 2
[22.754s] gmake[1]: *** Waiting for unfinished jobs....
[28.720s] [ 62%] [32m[1mLinking CXX executable wait_set_topics_with_different_rates[0m
[29.413s] [ 66%] [32m[1mLinking CXX executable executor_random_order[0m
[29.526s] [ 66%] Built target wait_set_topics_with_different_rates
[30.102s] [ 66%] Built target executor_random_order
[30.209s] [ 70%] [32m[1mLinking CXX shared library liblistener.so[0m
[30.332s] [ 75%] [32m[1mLinking CXX executable static_wait_set[0m
[30.597s] [ 79%] [32m[1mLinking CXX executable wait_set_random_order[0m
[30.766s] [ 79%] Built target listener
[30.786s] [ 79%] Built target static_wait_set
[31.098s] [ 83%] [32m[1mLinking CXX executable wait_set[0m
[31.121s] [ 83%] Built target wait_set_random_order
[31.458s] [ 83%] Built target wait_set
[31.500s] [ 87%] [32m[1mLinking CXX executable thread_safe_wait_set[0m
[31.784s] [ 87%] Built target thread_safe_wait_set
[31.786s] gmake: *** [Makefile:146: all] Error 2
