[0.079s] Invoking command in '/home/gobind/ros2_ws/build/examples_rclcpp_minimal_service': CMAKE_PREFIX_PATH=${CMAKE_PREFIX_PATH}:/home/gobind/ros2_ws/install/ros2_course_python:/opt/ros/humble /usr/bin/cmake --build /home/gobind/ros2_ws/build/examples_rclcpp_minimal_service -- -j16 -l16
[0.958s] [100%] Built target service_main
[0.996s] Invoked command in '/home/gobind/ros2_ws/build/examples_rclcpp_minimal_service' returned '0': CMAKE_PREFIX_PATH=${CMAKE_PREFIX_PATH}:/home/gobind/ros2_ws/install/ros2_course_python:/opt/ros/humble /usr/bin/cmake --build /home/gobind/ros2_ws/build/examples_rclcpp_minimal_service -- -j16 -l16
[0.998s] Invoking command in '/home/gobind/ros2_ws/build/examples_rclcpp_minimal_service': CMAKE_PREFIX_PATH=${CMAKE_PREFIX_PATH}:/home/gobind/ros2_ws/install/ros2_course_python:/opt/ros/humble /usr/bin/cmake --install /home/gobind/ros2_ws/build/examples_rclcpp_minimal_service
[1.022s] -- Install configuration: ""
[1.022s] -- Execute custom install script
[1.022s] -- Up-to-date symlink: /home/gobind/ros2_ws/install/examples_rclcpp_minimal_service/lib/examples_rclcpp_minimal_service/service_main
[1.022s] -- Up-to-date symlink: /home/gobind/ros2_ws/install/examples_rclcpp_minimal_service/share/ament_index/resource_index/package_run_dependencies/examples_rclcpp_minimal_service
[1.022s] -- Up-to-date symlink: /home/gobind/ros2_ws/install/examples_rclcpp_minimal_service/share/ament_index/resource_index/parent_prefix_path/examples_rclcpp_minimal_service
[1.022s] -- Up-to-date symlink: /home/gobind/ros2_ws/install/examples_rclcpp_minimal_service/share/examples_rclcpp_minimal_service/environment/ament_prefix_path.sh
[1.022s] -- Up-to-date symlink: /home/gobind/ros2_ws/install/examples_rclcpp_minimal_service/share/examples_rclcpp_minimal_service/environment/ament_prefix_path.dsv
[1.022s] -- Up-to-date symlink: /home/gobind/ros2_ws/install/examples_rclcpp_minimal_service/share/examples_rclcpp_minimal_service/environment/path.sh
[1.023s] -- Up-to-date symlink: /home/gobind/ros2_ws/install/examples_rclcpp_minimal_service/share/examples_rclcpp_minimal_service/environment/path.dsv
[1.023s] -- Up-to-date symlink: /home/gobind/ros2_ws/install/examples_rclcpp_minimal_service/share/examples_rclcpp_minimal_service/local_setup.bash
[1.023s] -- Up-to-date symlink: /home/gobind/ros2_ws/install/examples_rclcpp_minimal_service/share/examples_rclcpp_minimal_service/local_setup.sh
[1.023s] -- Up-to-date symlink: /home/gobind/ros2_ws/install/examples_rclcpp_minimal_service/share/examples_rclcpp_minimal_service/local_setup.zsh
[1.023s] -- Up-to-date symlink: /home/gobind/ros2_ws/install/examples_rclcpp_minimal_service/share/examples_rclcpp_minimal_service/local_setup.dsv
[1.023s] -- Symlinking: /home/gobind/ros2_ws/install/examples_rclcpp_minimal_service/share/examples_rclcpp_minimal_service/package.dsv
[1.027s] -- Up-to-date symlink: /home/gobind/ros2_ws/install/examples_rclcpp_minimal_service/share/ament_index/resource_index/packages/examples_rclcpp_minimal_service
[1.027s] -- Up-to-date symlink: /home/gobind/ros2_ws/install/examples_rclcpp_minimal_service/share/examples_rclcpp_minimal_service/cmake/examples_rclcpp_minimal_serviceConfig.cmake
[1.027s] -- Up-to-date symlink: /home/gobind/ros2_ws/install/examples_rclcpp_minimal_service/share/examples_rclcpp_minimal_service/cmake/examples_rclcpp_minimal_serviceConfig-version.cmake
[1.027s] -- Up-to-date symlink: /home/gobind/ros2_ws/install/examples_rclcpp_minimal_service/share/examples_rclcpp_minimal_service/package.xml
[1.153s] Invoked command in '/home/gobind/ros2_ws/build/examples_rclcpp_minimal_service' returned '0': CMAKE_PREFIX_PATH=${CMAKE_PREFIX_PATH}:/home/gobind/ros2_ws/install/ros2_course_python:/opt/ros/humble /usr/bin/cmake --install /home/gobind/ros2_ws/build/examples_rclcpp_minimal_service
