[0.069s] Invoking command in '/home/gobind/ros2_ws/build/examples_rclcpp_wait_set': CMAKE_PREFIX_PATH=${CMAKE_PREFIX_PATH}:/home/gobind/ros2_ws/install/ros2_course_python:/opt/ros/humble /usr/bin/cmake --build /home/gobind/ros2_ws/build/examples_rclcpp_wait_set -- -j16 -l16
[0.941s] [35m[1mConsolidate compiler generated dependencies of target wait_set_topics_and_timer[0m
[0.942s] [  8%] Built target wait_set_talker
[0.942s] [ 16%] Built target listener
[0.942s] [ 25%] Built target talker
[0.942s] [ 33%] Built target executor_random_order
[0.942s] [ 45%] Built target static_wait_set
[0.942s] [ 50%] Built target thread_safe_wait_set
[0.942s] [ 58%] Built target wait_set
[0.942s] [ 75%] Built target wait_set_random_order
[0.942s] [ 75%] Built target wait_set_listener
[0.943s] [ 79%] [32mBuilding CXX object CMakeFiles/wait_set_topics_and_timer.dir/src/wait_set_topics_and_timer.cpp.o[0m
[0.943s] [ 87%] Built target wait_set_topics_with_different_rates
[0.943s] [35m[1mConsolidate compiler generated dependencies of target wait_set_composed[0m
[0.943s] [ 95%] Built target wait_set_composed
[2.189s] [01m[K/home/gobind/ros2_ws/src/examples/rclcpp/wait_set/src/wait_set_topics_and_timer.cpp:[m[K In function ‘[01m[Kint32_t main(int32_t, char**)[m[K’:
[2.189s] [01m[K/home/gobind/ros2_ws/src/examples/rclcpp/wait_set/src/wait_set_topics_and_timer.cpp:76:42:[m[K [01;31m[Kerror: [m[Kno matching function for call to ‘[01m[Krclcpp::TimerBase::execute_callback(bool&)[m[K’
[2.190s]    76 |           [01;31m[Kone_off_timer->execute_callback(data)[m[K;
[2.190s]       |           [01;31m[K~~~~~~~~~~~~~~~~~~~~~~~~~~~~~~~^~~~~~[m[K
[2.190s] In file included from [01m[K/opt/ros/humble/include/rclcpp/rclcpp/callback_group.hpp:30[m[K,
[2.190s]                  from [01m[K/opt/ros/humble/include/rclcpp/rclcpp/any_executable.hpp:20[m[K,
[2.190s]                  from [01m[K/opt/ros/humble/include/rclcpp/rclcpp/memory_strategy.hpp:25[m[K,
[2.190s]                  from [01m[K/opt/ros/humble/include/rclcpp/rclcpp/memory_strategies.hpp:18[m[K,
[2.190s]                  from [01m[K/opt/ros/humble/include/rclcpp/rclcpp/executor_options.hpp:20[m[K,
[2.190s]                  from [01m[K/opt/ros/humble/include/rclcpp/rclcpp/executor.hpp:37[m[K,
[2.190s]                  from [01m[K/opt/ros/humble/include/rclcpp/rclcpp/executors/multi_threaded_executor.hpp:25[m[K,
[2.190s]                  from [01m[K/opt/ros/humble/include/rclcpp/rclcpp/executors.hpp:21[m[K,
[2.190s]                  from [01m[K/opt/ros/humble/include/rclcpp/rclcpp/rclcpp.hpp:155[m[K,
[2.190s]                  from [01m[K/home/gobind/ros2_ws/src/examples/rclcpp/wait_set/src/wait_set_topics_and_timer.cpp:17[m[K:
[2.190s] [01m[K/opt/ros/humble/include/rclcpp/rclcpp/timer.hpp:108:3:[m[K [01;36m[Knote: [m[Kcandidate: ‘[01m[Kvirtual void rclcpp::TimerBase::execute_callback()[m[K’
[2.190s]   108 |   [01;36m[Kexecute_callback[m[K() = 0;
[2.190s]       |   [01;36m[K^~~~~~~~~~~~~~~~[m[K
[2.190s] [01m[K/opt/ros/humble/include/rclcpp/rclcpp/timer.hpp:108:3:[m[K [01;36m[Knote: [m[K  candidate expects 0 arguments, 1 provided
[4.675s] gmake[2]: *** [CMakeFiles/wait_set_topics_and_timer.dir/build.make:76: CMakeFiles/wait_set_topics_and_timer.dir/src/wait_set_topics_and_timer.cpp.o] Error 1
[4.675s] gmake[1]: *** [CMakeFiles/Makefile2:341: CMakeFiles/wait_set_topics_and_timer.dir/all] Error 2
[4.675s] gmake: *** [Makefile:146: all] Error 2
[4.679s] Invoked command in '/home/gobind/ros2_ws/build/examples_rclcpp_wait_set' returned '2': CMAKE_PREFIX_PATH=${CMAKE_PREFIX_PATH}:/home/gobind/ros2_ws/install/ros2_course_python:/opt/ros/humble /usr/bin/cmake --build /home/gobind/ros2_ws/build/examples_rclcpp_wait_set -- -j16 -l16
