[0.085s] DEBUG:colcon:Command line arguments: ['/usr/bin/colcon', 'build']
[0.085s] DEBUG:colcon:Parsed command line arguments: Namespace(log_base=None, log_level=None, verb_name='build', build_base='build', install_base='install', merge_install=False, symlink_install=False, test_result_base=None, continue_on_error=False, executor='parallel', parallel_workers=16, event_handlers=None, ignore_user_meta=False, metas=['./colcon.meta'], base_paths=['.'], packages_ignore=None, packages_ignore_regex=None, paths=None, packages_up_to=None, packages_up_to_regex=None, packages_above=None, packages_above_and_dependencies=None, packages_above_depth=None, packages_select_by_dep=None, packages_skip_by_dep=None, packages_skip_up_to=None, packages_select_build_failed=False, packages_skip_build_finished=False, packages_select_test_failures=False, packages_skip_test_passed=False, packages_select=None, packages_skip=None, packages_select_regex=None, packages_skip_regex=None, packages_start=None, packages_end=None, allow_overriding=[], cmake_args=None, cmake_target=None, cmake_target_skip_unavailable=False, cmake_clean_cache=False, cmake_clean_first=False, cmake_force_configure=False, ament_cmake_args=None, catkin_cmake_args=None, catkin_skip_building_tests=False, verb_parser=<colcon_defaults.argument_parser.defaults.DefaultArgumentsDecorator object at 0x768ea1288d90>, verb_extension=<colcon_core.verb.build.BuildVerb object at 0x768ea1288880>, main=<bound method BuildVerb.main of <colcon_core.verb.build.BuildVerb object at 0x768ea1288880>>)
[0.207s] Level 1:colcon.colcon_core.package_discovery:discover_packages(colcon_meta) check parameters
[0.207s] Level 1:colcon.colcon_core.package_discovery:discover_packages(recursive) check parameters
[0.207s] Level 1:colcon.colcon_core.package_discovery:discover_packages(ignore) check parameters
[0.207s] Level 1:colcon.colcon_core.package_discovery:discover_packages(path) check parameters
[0.207s] Level 1:colcon.colcon_core.package_discovery:discover_packages(colcon_meta) discover
[0.207s] Level 1:colcon.colcon_core.package_discovery:discover_packages(recursive) discover
[0.207s] INFO:colcon.colcon_core.package_discovery:Crawling recursively for packages in '/home/gobind/cs460_ws'
[0.207s] Level 1:colcon.colcon_core.package_identification:_identify(.) by extensions ['ignore', 'ignore_ament_install']
[0.207s] Level 1:colcon.colcon_core.package_identification:_identify(.) by extension 'ignore'
[0.207s] Level 1:colcon.colcon_core.package_identification:_identify(.) by extension 'ignore_ament_install'
[0.208s] Level 1:colcon.colcon_core.package_identification:_identify(.) by extensions ['colcon_pkg']
[0.208s] Level 1:colcon.colcon_core.package_identification:_identify(.) by extension 'colcon_pkg'
[0.208s] Level 1:colcon.colcon_core.package_identification:_identify(.) by extensions ['colcon_meta']
[0.208s] Level 1:colcon.colcon_core.package_identification:_identify(.) by extension 'colcon_meta'
[0.208s] Level 1:colcon.colcon_core.package_identification:_identify(.) by extensions ['ros']
[0.208s] Level 1:colcon.colcon_core.package_identification:_identify(.) by extension 'ros'
[0.216s] Level 1:colcon.colcon_core.package_identification:_identify(.) by extensions ['cmake', 'python']
[0.216s] Level 1:colcon.colcon_core.package_identification:_identify(.) by extension 'cmake'
[0.216s] Level 1:colcon.colcon_core.package_identification:_identify(.) by extension 'python'
[0.216s] Level 1:colcon.colcon_core.package_identification:_identify(.) by extensions ['python_setup_py']
[0.216s] Level 1:colcon.colcon_core.package_identification:_identify(.) by extension 'python_setup_py'
[0.216s] Level 1:colcon.colcon_core.package_identification:_identify(build) by extensions ['ignore', 'ignore_ament_install']
[0.216s] Level 1:colcon.colcon_core.package_identification:_identify(build) by extension 'ignore'
[0.216s] Level 1:colcon.colcon_core.package_identification:_identify(build) ignored
[0.216s] Level 1:colcon.colcon_core.package_identification:_identify(install) by extensions ['ignore', 'ignore_ament_install']
[0.216s] Level 1:colcon.colcon_core.package_identification:_identify(install) by extension 'ignore'
[0.216s] Level 1:colcon.colcon_core.package_identification:_identify(install) ignored
[0.216s] Level 1:colcon.colcon_core.package_identification:_identify(log) by extensions ['ignore', 'ignore_ament_install']
[0.217s] Level 1:colcon.colcon_core.package_identification:_identify(log) by extension 'ignore'
[0.217s] Level 1:colcon.colcon_core.package_identification:_identify(log) ignored
[0.217s] Level 1:colcon.colcon_core.package_identification:_identify(src) by extensions ['ignore', 'ignore_ament_install']
[0.217s] Level 1:colcon.colcon_core.package_identification:_identify(src) by extension 'ignore'
[0.217s] Level 1:colcon.colcon_core.package_identification:_identify(src) by extension 'ignore_ament_install'
[0.217s] Level 1:colcon.colcon_core.package_identification:_identify(src) by extensions ['colcon_pkg']
[0.217s] Level 1:colcon.colcon_core.package_identification:_identify(src) by extension 'colcon_pkg'
[0.217s] Level 1:colcon.colcon_core.package_identification:_identify(src) by extensions ['colcon_meta']
[0.217s] Level 1:colcon.colcon_core.package_identification:_identify(src) by extension 'colcon_meta'
[0.217s] Level 1:colcon.colcon_core.package_identification:_identify(src) by extensions ['ros']
[0.217s] Level 1:colcon.colcon_core.package_identification:_identify(src) by extension 'ros'
[0.217s] Level 1:colcon.colcon_core.package_identification:_identify(src) by extensions ['cmake', 'python']
[0.217s] Level 1:colcon.colcon_core.package_identification:_identify(src) by extension 'cmake'
[0.217s] Level 1:colcon.colcon_core.package_identification:_identify(src) by extension 'python'
[0.217s] Level 1:colcon.colcon_core.package_identification:_identify(src) by extensions ['python_setup_py']
[0.217s] Level 1:colcon.colcon_core.package_identification:_identify(src) by extension 'python_setup_py'
[0.217s] Level 1:colcon.colcon_core.package_identification:_identify(src/ros2_motion_cpp) by extensions ['ignore', 'ignore_ament_install']
[0.217s] Level 1:colcon.colcon_core.package_identification:_identify(src/ros2_motion_cpp) by extension 'ignore'
[0.217s] Level 1:colcon.colcon_core.package_identification:_identify(src/ros2_motion_cpp) by extension 'ignore_ament_install'
[0.217s] Level 1:colcon.colcon_core.package_identification:_identify(src/ros2_motion_cpp) by extensions ['colcon_pkg']
[0.217s] Level 1:colcon.colcon_core.package_identification:_identify(src/ros2_motion_cpp) by extension 'colcon_pkg'
[0.217s] Level 1:colcon.colcon_core.package_identification:_identify(src/ros2_motion_cpp) by extensions ['colcon_meta']
[0.217s] Level 1:colcon.colcon_core.package_identification:_identify(src/ros2_motion_cpp) by extension 'colcon_meta'
[0.217s] Level 1:colcon.colcon_core.package_identification:_identify(src/ros2_motion_cpp) by extensions ['ros']
[0.217s] Level 1:colcon.colcon_core.package_identification:_identify(src/ros2_motion_cpp) by extension 'ros'
[0.219s] DEBUG:colcon.colcon_core.package_identification:Package 'src/ros2_motion_cpp' with type 'ros.ament_cmake' and name 'ros2_motion_cpp'
[0.219s] Level 1:colcon.colcon_core.package_identification:_identify(src/ros2_motion_python) by extensions ['ignore', 'ignore_ament_install']
[0.219s] Level 1:colcon.colcon_core.package_identification:_identify(src/ros2_motion_python) by extension 'ignore'
[0.219s] Level 1:colcon.colcon_core.package_identification:_identify(src/ros2_motion_python) by extension 'ignore_ament_install'
[0.219s] Level 1:colcon.colcon_core.package_identification:_identify(src/ros2_motion_python) by extensions ['colcon_pkg']
[0.219s] Level 1:colcon.colcon_core.package_identification:_identify(src/ros2_motion_python) by extension 'colcon_pkg'
[0.219s] Level 1:colcon.colcon_core.package_identification:_identify(src/ros2_motion_python) by extensions ['colcon_meta']
[0.219s] Level 1:colcon.colcon_core.package_identification:_identify(src/ros2_motion_python) by extension 'colcon_meta'
[0.219s] Level 1:colcon.colcon_core.package_identification:_identify(src/ros2_motion_python) by extensions ['ros']
[0.220s] Level 1:colcon.colcon_core.package_identification:_identify(src/ros2_motion_python) by extension 'ros'
[0.220s] DEBUG:colcon.colcon_core.package_identification:Package 'src/ros2_motion_python' with type 'ros.ament_python' and name 'ros2_motion_python'
[0.220s] Level 1:colcon.colcon_core.package_discovery:discover_packages(recursive) using defaults
[0.220s] Level 1:colcon.colcon_core.package_discovery:discover_packages(ignore) discover
[0.220s] Level 1:colcon.colcon_core.package_discovery:discover_packages(ignore) using defaults
[0.220s] Level 1:colcon.colcon_core.package_discovery:discover_packages(path) discover
[0.220s] Level 1:colcon.colcon_core.package_discovery:discover_packages(path) using defaults
[0.252s] Level 1:colcon.colcon_core.package_discovery:discover_packages(prefix_path) check parameters
[0.252s] Level 1:colcon.colcon_core.package_discovery:discover_packages(prefix_path) discover
[0.255s] DEBUG:colcon.colcon_installed_package_information.package_discovery:Found 25 installed packages in /home/gobind/DEV_WS/install
[0.255s] DEBUG:colcon.colcon_installed_package_information.package_discovery:Found 2 installed packages in /home/gobind/ros2_overlay_ws/install
[0.256s] DEBUG:colcon.colcon_installed_package_information.package_discovery:Found 24 installed packages in /home/gobind/ros2_ws/install
[0.258s] DEBUG:colcon.colcon_installed_package_information.package_discovery:Found 295 installed packages in /opt/ros/humble
[0.260s] Level 1:colcon.colcon_core.package_discovery:discover_packages(prefix_path) using defaults
[0.289s] Level 5:colcon.colcon_core.verb:set package 'ros2_motion_cpp' build argument 'cmake_args' from command line to 'None'
[0.289s] Level 5:colcon.colcon_core.verb:set package 'ros2_motion_cpp' build argument 'cmake_target' from command line to 'None'
[0.289s] Level 5:colcon.colcon_core.verb:set package 'ros2_motion_cpp' build argument 'cmake_target_skip_unavailable' from command line to 'False'
[0.289s] Level 5:colcon.colcon_core.verb:set package 'ros2_motion_cpp' build argument 'cmake_clean_cache' from command line to 'False'
[0.289s] Level 5:colcon.colcon_core.verb:set package 'ros2_motion_cpp' build argument 'cmake_clean_first' from command line to 'False'
[0.289s] Level 5:colcon.colcon_core.verb:set package 'ros2_motion_cpp' build argument 'cmake_force_configure' from command line to 'False'
[0.289s] Level 5:colcon.colcon_core.verb:set package 'ros2_motion_cpp' build argument 'ament_cmake_args' from command line to 'None'
[0.289s] Level 5:colcon.colcon_core.verb:set package 'ros2_motion_cpp' build argument 'catkin_cmake_args' from command line to 'None'
[0.289s] Level 5:colcon.colcon_core.verb:set package 'ros2_motion_cpp' build argument 'catkin_skip_building_tests' from command line to 'False'
[0.290s] DEBUG:colcon.colcon_core.verb:Building package 'ros2_motion_cpp' with the following arguments: {'ament_cmake_args': None, 'build_base': '/home/gobind/cs460_ws/build/ros2_motion_cpp', 'catkin_cmake_args': None, 'catkin_skip_building_tests': False, 'cmake_args': None, 'cmake_clean_cache': False, 'cmake_clean_first': False, 'cmake_force_configure': False, 'cmake_target': None, 'cmake_target_skip_unavailable': False, 'install_base': '/home/gobind/cs460_ws/install/ros2_motion_cpp', 'merge_install': False, 'path': '/home/gobind/cs460_ws/src/ros2_motion_cpp', 'symlink_install': False, 'test_result_base': None}
[0.290s] Level 5:colcon.colcon_core.verb:set package 'ros2_motion_python' build argument 'cmake_args' from command line to 'None'
[0.290s] Level 5:colcon.colcon_core.verb:set package 'ros2_motion_python' build argument 'cmake_target' from command line to 'None'
[0.290s] Level 5:colcon.colcon_core.verb:set package 'ros2_motion_python' build argument 'cmake_target_skip_unavailable' from command line to 'False'
[0.290s] Level 5:colcon.colcon_core.verb:set package 'ros2_motion_python' build argument 'cmake_clean_cache' from command line to 'False'
[0.290s] Level 5:colcon.colcon_core.verb:set package 'ros2_motion_python' build argument 'cmake_clean_first' from command line to 'False'
[0.290s] Level 5:colcon.colcon_core.verb:set package 'ros2_motion_python' build argument 'cmake_force_configure' from command line to 'False'
[0.290s] Level 5:colcon.colcon_core.verb:set package 'ros2_motion_python' build argument 'ament_cmake_args' from command line to 'None'
[0.290s] Level 5:colcon.colcon_core.verb:set package 'ros2_motion_python' build argument 'catkin_cmake_args' from command line to 'None'
[0.290s] Level 5:colcon.colcon_core.verb:set package 'ros2_motion_python' build argument 'catkin_skip_building_tests' from command line to 'False'
[0.290s] DEBUG:colcon.colcon_core.verb:Building package 'ros2_motion_python' with the following arguments: {'ament_cmake_args': None, 'build_base': '/home/gobind/cs460_ws/build/ros2_motion_python', 'catkin_cmake_args': None, 'catkin_skip_building_tests': False, 'cmake_args': None, 'cmake_clean_cache': False, 'cmake_clean_first': False, 'cmake_force_configure': False, 'cmake_target': None, 'cmake_target_skip_unavailable': False, 'install_base': '/home/gobind/cs460_ws/install/ros2_motion_python', 'merge_install': False, 'path': '/home/gobind/cs460_ws/src/ros2_motion_python', 'symlink_install': False, 'test_result_base': None}
[0.290s] INFO:colcon.colcon_core.executor:Executing jobs using 'parallel' executor
[0.291s] DEBUG:colcon.colcon_parallel_executor.executor.parallel:run_until_complete
[0.291s] INFO:colcon.colcon_ros.task.ament_cmake.build:Building ROS package in '/home/gobind/cs460_ws/src/ros2_motion_cpp' with build type 'ament_cmake'
[0.292s] INFO:colcon.colcon_cmake.task.cmake.build:Building CMake package in '/home/gobind/cs460_ws/src/ros2_motion_cpp'
[0.294s] INFO:colcon.colcon_core.plugin_system:Skipping extension 'colcon_core.shell.bat': Not used on non-Windows systems
[0.294s] INFO:colcon.colcon_core.shell:Skip shell extension 'powershell' for command environment: Not usable outside of PowerShell
[0.294s] DEBUG:colcon.colcon_core.shell:Skip shell extension 'dsv' for command environment
[0.299s] INFO:colcon.colcon_ros.task.ament_python.build:Building ROS package in '/home/gobind/cs460_ws/src/ros2_motion_python' with build type 'ament_python'
[0.300s] Level 1:colcon.colcon_core.shell:create_environment_hook('ros2_motion_python', 'ament_prefix_path')
[0.300s] INFO:colcon.colcon_core.shell:Creating environment hook '/home/gobind/cs460_ws/install/ros2_motion_python/share/ros2_motion_python/hook/ament_prefix_path.ps1'
[0.300s] INFO:colcon.colcon_core.shell:Creating environment descriptor '/home/gobind/cs460_ws/install/ros2_motion_python/share/ros2_motion_python/hook/ament_prefix_path.dsv'
[0.300s] INFO:colcon.colcon_core.shell:Creating environment hook '/home/gobind/cs460_ws/install/ros2_motion_python/share/ros2_motion_python/hook/ament_prefix_path.sh'
[0.301s] INFO:colcon.colcon_core.shell:Skip shell extension 'powershell' for command environment: Not usable outside of PowerShell
[0.301s] DEBUG:colcon.colcon_core.shell:Skip shell extension 'dsv' for command environment
[0.310s] DEBUG:colcon.colcon_core.event_handler.log_command:Invoking command in '/home/gobind/cs460_ws/build/ros2_motion_cpp': CMAKE_PREFIX_PATH=${CMAKE_PREFIX_PATH}:/home/gobind/DEV_WS/install/ros2_essential_python:/home/gobind/DEV_WS/install/ros2_course_python:/home/gobind/DEV_WS/install/launch_testing_examples:/home/gobind/DEV_WS/install/examples_rclpy_pointcloud_publisher:/home/gobind/DEV_WS/install/examples_rclpy_minimal_subscriber:/home/gobind/DEV_WS/install/examples_rclpy_minimal_service:/home/gobind/DEV_WS/install/examples_rclpy_minimal_publisher:/home/gobind/DEV_WS/install/examples_rclpy_minimal_client:/home/gobind/DEV_WS/install/examples_rclpy_minimal_action_server:/home/gobind/DEV_WS/install/examples_rclpy_minimal_action_client:/home/gobind/DEV_WS/install/examples_rclpy_guard_conditions:/home/gobind/DEV_WS/install/examples_rclpy_executors:/home/gobind/ros2_overlay_ws/install/my_package_py:/home/gobind/ros2_ws/install/ros2_course_python:/home/gobind/ros2_ws/install/launch_testing_examples:/home/gobind/ros2_ws/install/examples_rclpy_pointcloud_publisher:/home/gobind/ros2_ws/install/examples_rclpy_minimal_subscriber:/home/gobind/ros2_ws/install/examples_rclpy_minimal_service:/home/gobind/ros2_ws/install/examples_rclpy_minimal_publisher:/home/gobind/ros2_ws/install/examples_rclpy_minimal_client:/home/gobind/ros2_ws/install/examples_rclpy_minimal_action_server:/home/gobind/ros2_ws/install/examples_rclpy_minimal_action_client:/home/gobind/ros2_ws/install/examples_rclpy_guard_conditions:/home/gobind/ros2_ws/install/examples_rclpy_executors:/opt/ros/humble /usr/bin/cmake /home/gobind/cs460_ws/src/ros2_motion_cpp -DCMAKE_INSTALL_PREFIX=/home/gobind/cs460_ws/install/ros2_motion_cpp
[0.532s] INFO:colcon.colcon_core.task.python.build:Building Python package in '/home/gobind/cs460_ws/src/ros2_motion_python'
[0.532s] INFO:colcon.colcon_core.shell:Skip shell extension 'powershell' for command environment: Not usable outside of PowerShell
[0.533s] DEBUG:colcon.colcon_core.shell:Skip shell extension 'dsv' for command environment
[0.814s] DEBUG:colcon.colcon_core.event_handler.log_command:Invoking command in '/home/gobind/cs460_ws/src/ros2_motion_python': PYTHONPATH=/home/gobind/cs460_ws/build/ros2_motion_python/prefix_override:/usr/lib/python3/dist-packages/colcon_core/task/python/colcon_distutils_commands:/home/gobind/cs460_ws/install/ros2_motion_python/lib/python3.10/site-packages:${PYTHONPATH} /usr/bin/python3 -W ignore:setup.py install is deprecated -W ignore:easy_install command is deprecated setup.py egg_info --egg-base ../../build/ros2_motion_python build --build-base /home/gobind/cs460_ws/build/ros2_motion_python/build install --record /home/gobind/cs460_ws/build/ros2_motion_python/install.log --single-version-externally-managed install_data
[1.061s] DEBUG:colcon.colcon_core.event_handler.log_command:Invoked command in '/home/gobind/cs460_ws/src/ros2_motion_python' returned '0': PYTHONPATH=/home/gobind/cs460_ws/build/ros2_motion_python/prefix_override:/usr/lib/python3/dist-packages/colcon_core/task/python/colcon_distutils_commands:/home/gobind/cs460_ws/install/ros2_motion_python/lib/python3.10/site-packages:${PYTHONPATH} /usr/bin/python3 -W ignore:setup.py install is deprecated -W ignore:easy_install command is deprecated setup.py egg_info --egg-base ../../build/ros2_motion_python build --build-base /home/gobind/cs460_ws/build/ros2_motion_python/build install --record /home/gobind/cs460_ws/build/ros2_motion_python/install.log --single-version-externally-managed install_data
[1.063s] Level 1:colcon.colcon_core.environment:checking '/home/gobind/cs460_ws/install/ros2_motion_python' for CMake module files
[1.064s] Level 1:colcon.colcon_core.environment:checking '/home/gobind/cs460_ws/install/ros2_motion_python' for CMake config files
[1.064s] Level 1:colcon.colcon_core.environment:checking '/home/gobind/cs460_ws/install/ros2_motion_python/lib'
[1.064s] Level 1:colcon.colcon_core.environment:checking '/home/gobind/cs460_ws/install/ros2_motion_python/bin'
[1.064s] Level 1:colcon.colcon_core.environment:checking '/home/gobind/cs460_ws/install/ros2_motion_python/lib/pkgconfig/ros2_motion_python.pc'
[1.064s] Level 1:colcon.colcon_core.environment:checking '/home/gobind/cs460_ws/install/ros2_motion_python/lib/python3.10/site-packages'
[1.064s] Level 1:colcon.colcon_core.shell:create_environment_hook('ros2_motion_python', 'pythonpath')
[1.065s] INFO:colcon.colcon_core.shell:Creating environment hook '/home/gobind/cs460_ws/install/ros2_motion_python/share/ros2_motion_python/hook/pythonpath.ps1'
[1.065s] INFO:colcon.colcon_core.shell:Creating environment descriptor '/home/gobind/cs460_ws/install/ros2_motion_python/share/ros2_motion_python/hook/pythonpath.dsv'
[1.065s] INFO:colcon.colcon_core.shell:Creating environment hook '/home/gobind/cs460_ws/install/ros2_motion_python/share/ros2_motion_python/hook/pythonpath.sh'
[1.066s] Level 1:colcon.colcon_core.environment:checking '/home/gobind/cs460_ws/install/ros2_motion_python/bin'
[1.066s] Level 1:colcon.colcon_core.environment:create_environment_scripts_only(ros2_motion_python)
[1.066s] INFO:colcon.colcon_core.shell:Creating package script '/home/gobind/cs460_ws/install/ros2_motion_python/share/ros2_motion_python/package.ps1'
[1.067s] INFO:colcon.colcon_core.shell:Creating package descriptor '/home/gobind/cs460_ws/install/ros2_motion_python/share/ros2_motion_python/package.dsv'
[1.067s] INFO:colcon.colcon_core.shell:Creating package script '/home/gobind/cs460_ws/install/ros2_motion_python/share/ros2_motion_python/package.sh'
[1.067s] INFO:colcon.colcon_core.shell:Creating package script '/home/gobind/cs460_ws/install/ros2_motion_python/share/ros2_motion_python/package.bash'
[1.068s] INFO:colcon.colcon_core.shell:Creating package script '/home/gobind/cs460_ws/install/ros2_motion_python/share/ros2_motion_python/package.zsh'
[1.068s] Level 1:colcon.colcon_core.environment:create_file_with_runtime_dependencies(/home/gobind/cs460_ws/install/ros2_motion_python/share/colcon-core/packages/ros2_motion_python)
[1.712s] DEBUG:colcon.colcon_core.event_handler.log_command:Invoked command in '/home/gobind/cs460_ws/build/ros2_motion_cpp' returned '0': CMAKE_PREFIX_PATH=${CMAKE_PREFIX_PATH}:/home/gobind/DEV_WS/install/ros2_essential_python:/home/gobind/DEV_WS/install/ros2_course_python:/home/gobind/DEV_WS/install/launch_testing_examples:/home/gobind/DEV_WS/install/examples_rclpy_pointcloud_publisher:/home/gobind/DEV_WS/install/examples_rclpy_minimal_subscriber:/home/gobind/DEV_WS/install/examples_rclpy_minimal_service:/home/gobind/DEV_WS/install/examples_rclpy_minimal_publisher:/home/gobind/DEV_WS/install/examples_rclpy_minimal_client:/home/gobind/DEV_WS/install/examples_rclpy_minimal_action_server:/home/gobind/DEV_WS/install/examples_rclpy_minimal_action_client:/home/gobind/DEV_WS/install/examples_rclpy_guard_conditions:/home/gobind/DEV_WS/install/examples_rclpy_executors:/home/gobind/ros2_overlay_ws/install/my_package_py:/home/gobind/ros2_ws/install/ros2_course_python:/home/gobind/ros2_ws/install/launch_testing_examples:/home/gobind/ros2_ws/install/examples_rclpy_pointcloud_publisher:/home/gobind/ros2_ws/install/examples_rclpy_minimal_subscriber:/home/gobind/ros2_ws/install/examples_rclpy_minimal_service:/home/gobind/ros2_ws/install/examples_rclpy_minimal_publisher:/home/gobind/ros2_ws/install/examples_rclpy_minimal_client:/home/gobind/ros2_ws/install/examples_rclpy_minimal_action_server:/home/gobind/ros2_ws/install/examples_rclpy_minimal_action_client:/home/gobind/ros2_ws/install/examples_rclpy_guard_conditions:/home/gobind/ros2_ws/install/examples_rclpy_executors:/opt/ros/humble /usr/bin/cmake /home/gobind/cs460_ws/src/ros2_motion_cpp -DCMAKE_INSTALL_PREFIX=/home/gobind/cs460_ws/install/ros2_motion_cpp
[1.714s] DEBUG:colcon.colcon_core.event_handler.log_command:Invoking command in '/home/gobind/cs460_ws/build/ros2_motion_cpp': CMAKE_PREFIX_PATH=${CMAKE_PREFIX_PATH}:/home/gobind/DEV_WS/install/ros2_essential_python:/home/gobind/DEV_WS/install/ros2_course_python:/home/gobind/DEV_WS/install/launch_testing_examples:/home/gobind/DEV_WS/install/examples_rclpy_pointcloud_publisher:/home/gobind/DEV_WS/install/examples_rclpy_minimal_subscriber:/home/gobind/DEV_WS/install/examples_rclpy_minimal_service:/home/gobind/DEV_WS/install/examples_rclpy_minimal_publisher:/home/gobind/DEV_WS/install/examples_rclpy_minimal_client:/home/gobind/DEV_WS/install/examples_rclpy_minimal_action_server:/home/gobind/DEV_WS/install/examples_rclpy_minimal_action_client:/home/gobind/DEV_WS/install/examples_rclpy_guard_conditions:/home/gobind/DEV_WS/install/examples_rclpy_executors:/home/gobind/ros2_overlay_ws/install/my_package_py:/home/gobind/ros2_ws/install/ros2_course_python:/home/gobind/ros2_ws/install/launch_testing_examples:/home/gobind/ros2_ws/install/examples_rclpy_pointcloud_publisher:/home/gobind/ros2_ws/install/examples_rclpy_minimal_subscriber:/home/gobind/ros2_ws/install/examples_rclpy_minimal_service:/home/gobind/ros2_ws/install/examples_rclpy_minimal_publisher:/home/gobind/ros2_ws/install/examples_rclpy_minimal_client:/home/gobind/ros2_ws/install/examples_rclpy_minimal_action_server:/home/gobind/ros2_ws/install/examples_rclpy_minimal_action_client:/home/gobind/ros2_ws/install/examples_rclpy_guard_conditions:/home/gobind/ros2_ws/install/examples_rclpy_executors:/opt/ros/humble /usr/bin/cmake --build /home/gobind/cs460_ws/build/ros2_motion_cpp -- -j16 -l16
[1.760s] DEBUG:colcon.colcon_core.event_handler.log_command:Invoked command in '/home/gobind/cs460_ws/build/ros2_motion_cpp' returned '0': CMAKE_PREFIX_PATH=${CMAKE_PREFIX_PATH}:/home/gobind/DEV_WS/install/ros2_essential_python:/home/gobind/DEV_WS/install/ros2_course_python:/home/gobind/DEV_WS/install/launch_testing_examples:/home/gobind/DEV_WS/install/examples_rclpy_pointcloud_publisher:/home/gobind/DEV_WS/install/examples_rclpy_minimal_subscriber:/home/gobind/DEV_WS/install/examples_rclpy_minimal_service:/home/gobind/DEV_WS/install/examples_rclpy_minimal_publisher:/home/gobind/DEV_WS/install/examples_rclpy_minimal_client:/home/gobind/DEV_WS/install/examples_rclpy_minimal_action_server:/home/gobind/DEV_WS/install/examples_rclpy_minimal_action_client:/home/gobind/DEV_WS/install/examples_rclpy_guard_conditions:/home/gobind/DEV_WS/install/examples_rclpy_executors:/home/gobind/ros2_overlay_ws/install/my_package_py:/home/gobind/ros2_ws/install/ros2_course_python:/home/gobind/ros2_ws/install/launch_testing_examples:/home/gobind/ros2_ws/install/examples_rclpy_pointcloud_publisher:/home/gobind/ros2_ws/install/examples_rclpy_minimal_subscriber:/home/gobind/ros2_ws/install/examples_rclpy_minimal_service:/home/gobind/ros2_ws/install/examples_rclpy_minimal_publisher:/home/gobind/ros2_ws/install/examples_rclpy_minimal_client:/home/gobind/ros2_ws/install/examples_rclpy_minimal_action_server:/home/gobind/ros2_ws/install/examples_rclpy_minimal_action_client:/home/gobind/ros2_ws/install/examples_rclpy_guard_conditions:/home/gobind/ros2_ws/install/examples_rclpy_executors:/opt/ros/humble /usr/bin/cmake --build /home/gobind/cs460_ws/build/ros2_motion_cpp -- -j16 -l16
[1.770s] DEBUG:colcon.colcon_core.event_handler.log_command:Invoking command in '/home/gobind/cs460_ws/build/ros2_motion_cpp': CMAKE_PREFIX_PATH=${CMAKE_PREFIX_PATH}:/home/gobind/DEV_WS/install/ros2_essential_python:/home/gobind/DEV_WS/install/ros2_course_python:/home/gobind/DEV_WS/install/launch_testing_examples:/home/gobind/DEV_WS/install/examples_rclpy_pointcloud_publisher:/home/gobind/DEV_WS/install/examples_rclpy_minimal_subscriber:/home/gobind/DEV_WS/install/examples_rclpy_minimal_service:/home/gobind/DEV_WS/install/examples_rclpy_minimal_publisher:/home/gobind/DEV_WS/install/examples_rclpy_minimal_client:/home/gobind/DEV_WS/install/examples_rclpy_minimal_action_server:/home/gobind/DEV_WS/install/examples_rclpy_minimal_action_client:/home/gobind/DEV_WS/install/examples_rclpy_guard_conditions:/home/gobind/DEV_WS/install/examples_rclpy_executors:/home/gobind/ros2_overlay_ws/install/my_package_py:/home/gobind/ros2_ws/install/ros2_course_python:/home/gobind/ros2_ws/install/launch_testing_examples:/home/gobind/ros2_ws/install/examples_rclpy_pointcloud_publisher:/home/gobind/ros2_ws/install/examples_rclpy_minimal_subscriber:/home/gobind/ros2_ws/install/examples_rclpy_minimal_service:/home/gobind/ros2_ws/install/examples_rclpy_minimal_publisher:/home/gobind/ros2_ws/install/examples_rclpy_minimal_client:/home/gobind/ros2_ws/install/examples_rclpy_minimal_action_server:/home/gobind/ros2_ws/install/examples_rclpy_minimal_action_client:/home/gobind/ros2_ws/install/examples_rclpy_guard_conditions:/home/gobind/ros2_ws/install/examples_rclpy_executors:/opt/ros/humble /usr/bin/cmake --install /home/gobind/cs460_ws/build/ros2_motion_cpp
[1.783s] Level 1:colcon.colcon_core.environment:create_environment_scripts_only(ros2_motion_cpp)
[1.783s] Level 1:colcon.colcon_core.environment:checking '/home/gobind/cs460_ws/install/ros2_motion_cpp' for CMake module files
[1.784s] DEBUG:colcon.colcon_core.event_handler.log_command:Invoked command in '/home/gobind/cs460_ws/build/ros2_motion_cpp' returned '0': CMAKE_PREFIX_PATH=${CMAKE_PREFIX_PATH}:/home/gobind/DEV_WS/install/ros2_essential_python:/home/gobind/DEV_WS/install/ros2_course_python:/home/gobind/DEV_WS/install/launch_testing_examples:/home/gobind/DEV_WS/install/examples_rclpy_pointcloud_publisher:/home/gobind/DEV_WS/install/examples_rclpy_minimal_subscriber:/home/gobind/DEV_WS/install/examples_rclpy_minimal_service:/home/gobind/DEV_WS/install/examples_rclpy_minimal_publisher:/home/gobind/DEV_WS/install/examples_rclpy_minimal_client:/home/gobind/DEV_WS/install/examples_rclpy_minimal_action_server:/home/gobind/DEV_WS/install/examples_rclpy_minimal_action_client:/home/gobind/DEV_WS/install/examples_rclpy_guard_conditions:/home/gobind/DEV_WS/install/examples_rclpy_executors:/home/gobind/ros2_overlay_ws/install/my_package_py:/home/gobind/ros2_ws/install/ros2_course_python:/home/gobind/ros2_ws/install/launch_testing_examples:/home/gobind/ros2_ws/install/examples_rclpy_pointcloud_publisher:/home/gobind/ros2_ws/install/examples_rclpy_minimal_subscriber:/home/gobind/ros2_ws/install/examples_rclpy_minimal_service:/home/gobind/ros2_ws/install/examples_rclpy_minimal_publisher:/home/gobind/ros2_ws/install/examples_rclpy_minimal_client:/home/gobind/ros2_ws/install/examples_rclpy_minimal_action_server:/home/gobind/ros2_ws/install/examples_rclpy_minimal_action_client:/home/gobind/ros2_ws/install/examples_rclpy_guard_conditions:/home/gobind/ros2_ws/install/examples_rclpy_executors:/opt/ros/humble /usr/bin/cmake --install /home/gobind/cs460_ws/build/ros2_motion_cpp
[1.784s] Level 1:colcon.colcon_core.environment:checking '/home/gobind/cs460_ws/install/ros2_motion_cpp' for CMake config files
[1.784s] Level 1:colcon.colcon_core.shell:create_environment_hook('ros2_motion_cpp', 'cmake_prefix_path')
[1.784s] INFO:colcon.colcon_core.shell:Creating environment hook '/home/gobind/cs460_ws/install/ros2_motion_cpp/share/ros2_motion_cpp/hook/cmake_prefix_path.ps1'
[1.785s] INFO:colcon.colcon_core.shell:Creating environment descriptor '/home/gobind/cs460_ws/install/ros2_motion_cpp/share/ros2_motion_cpp/hook/cmake_prefix_path.dsv'
[1.785s] INFO:colcon.colcon_core.shell:Creating environment hook '/home/gobind/cs460_ws/install/ros2_motion_cpp/share/ros2_motion_cpp/hook/cmake_prefix_path.sh'
[1.785s] Level 1:colcon.colcon_core.environment:checking '/home/gobind/cs460_ws/install/ros2_motion_cpp/bin'
[1.785s] Level 1:colcon.colcon_core.environment:checking '/home/gobind/cs460_ws/install/ros2_motion_cpp/lib/pkgconfig/ros2_motion_cpp.pc'
[1.785s] Level 1:colcon.colcon_core.environment:checking '/home/gobind/cs460_ws/install/ros2_motion_cpp/lib/python3.10/site-packages'
[1.786s] Level 1:colcon.colcon_core.environment:checking '/home/gobind/cs460_ws/install/ros2_motion_cpp/bin'
[1.786s] INFO:colcon.colcon_core.shell:Creating package script '/home/gobind/cs460_ws/install/ros2_motion_cpp/share/ros2_motion_cpp/package.ps1'
[1.786s] INFO:colcon.colcon_core.shell:Creating package descriptor '/home/gobind/cs460_ws/install/ros2_motion_cpp/share/ros2_motion_cpp/package.dsv'
[1.786s] INFO:colcon.colcon_core.shell:Creating package script '/home/gobind/cs460_ws/install/ros2_motion_cpp/share/ros2_motion_cpp/package.sh'
[1.787s] INFO:colcon.colcon_core.shell:Creating package script '/home/gobind/cs460_ws/install/ros2_motion_cpp/share/ros2_motion_cpp/package.bash'
[1.787s] INFO:colcon.colcon_core.shell:Creating package script '/home/gobind/cs460_ws/install/ros2_motion_cpp/share/ros2_motion_cpp/package.zsh'
[1.787s] Level 1:colcon.colcon_core.environment:create_file_with_runtime_dependencies(/home/gobind/cs460_ws/install/ros2_motion_cpp/share/colcon-core/packages/ros2_motion_cpp)
[1.787s] Level 1:colcon.colcon_core.environment:create_environment_scripts_only(ros2_motion_cpp)
[1.788s] Level 1:colcon.colcon_core.environment:checking '/home/gobind/cs460_ws/install/ros2_motion_cpp' for CMake module files
[1.788s] Level 1:colcon.colcon_core.environment:checking '/home/gobind/cs460_ws/install/ros2_motion_cpp' for CMake config files
[1.788s] Level 1:colcon.colcon_core.shell:create_environment_hook('ros2_motion_cpp', 'cmake_prefix_path')
[1.788s] INFO:colcon.colcon_core.shell:Creating environment hook '/home/gobind/cs460_ws/install/ros2_motion_cpp/share/ros2_motion_cpp/hook/cmake_prefix_path.ps1'
[1.788s] INFO:colcon.colcon_core.shell:Creating environment descriptor '/home/gobind/cs460_ws/install/ros2_motion_cpp/share/ros2_motion_cpp/hook/cmake_prefix_path.dsv'
[1.789s] INFO:colcon.colcon_core.shell:Creating environment hook '/home/gobind/cs460_ws/install/ros2_motion_cpp/share/ros2_motion_cpp/hook/cmake_prefix_path.sh'
[1.789s] Level 1:colcon.colcon_core.environment:checking '/home/gobind/cs460_ws/install/ros2_motion_cpp/bin'
[1.789s] Level 1:colcon.colcon_core.environment:checking '/home/gobind/cs460_ws/install/ros2_motion_cpp/lib/pkgconfig/ros2_motion_cpp.pc'
[1.789s] Level 1:colcon.colcon_core.environment:checking '/home/gobind/cs460_ws/install/ros2_motion_cpp/lib/python3.10/site-packages'
[1.789s] Level 1:colcon.colcon_core.environment:checking '/home/gobind/cs460_ws/install/ros2_motion_cpp/bin'
[1.790s] INFO:colcon.colcon_core.shell:Creating package script '/home/gobind/cs460_ws/install/ros2_motion_cpp/share/ros2_motion_cpp/package.ps1'
[1.790s] INFO:colcon.colcon_core.shell:Creating package descriptor '/home/gobind/cs460_ws/install/ros2_motion_cpp/share/ros2_motion_cpp/package.dsv'
[1.790s] INFO:colcon.colcon_core.shell:Creating package script '/home/gobind/cs460_ws/install/ros2_motion_cpp/share/ros2_motion_cpp/package.sh'
[1.790s] INFO:colcon.colcon_core.shell:Creating package script '/home/gobind/cs460_ws/install/ros2_motion_cpp/share/ros2_motion_cpp/package.bash'
[1.791s] INFO:colcon.colcon_core.shell:Creating package script '/home/gobind/cs460_ws/install/ros2_motion_cpp/share/ros2_motion_cpp/package.zsh'
[1.791s] Level 1:colcon.colcon_core.environment:create_file_with_runtime_dependencies(/home/gobind/cs460_ws/install/ros2_motion_cpp/share/colcon-core/packages/ros2_motion_cpp)
[1.791s] DEBUG:colcon.colcon_parallel_executor.executor.parallel:closing loop
[1.791s] DEBUG:colcon.colcon_parallel_executor.executor.parallel:loop closed
[1.791s] DEBUG:colcon.colcon_parallel_executor.executor.parallel:run_until_complete finished with '0'
[1.792s] DEBUG:colcon.colcon_core.event_reactor:joining thread
[1.796s] INFO:colcon.colcon_core.plugin_system:Skipping extension 'colcon_notification.desktop_notification.terminal_notifier': Not used on non-Darwin systems
[1.796s] INFO:colcon.colcon_core.plugin_system:Skipping extension 'colcon_notification.desktop_notification.win32': Not used on non-Windows systems
[1.796s] INFO:colcon.colcon_notification.desktop_notification:Sending desktop notification using 'notify2'
[1.804s] DEBUG:colcon.colcon_core.event_reactor:joined thread
[1.805s] INFO:colcon.colcon_core.shell:Creating prefix script '/home/gobind/cs460_ws/install/local_setup.ps1'
[1.806s] INFO:colcon.colcon_core.shell:Creating prefix util module '/home/gobind/cs460_ws/install/_local_setup_util_ps1.py'
[1.807s] INFO:colcon.colcon_core.shell:Creating prefix chain script '/home/gobind/cs460_ws/install/setup.ps1'
[1.809s] INFO:colcon.colcon_core.shell:Creating prefix script '/home/gobind/cs460_ws/install/local_setup.sh'
[1.809s] INFO:colcon.colcon_core.shell:Creating prefix util module '/home/gobind/cs460_ws/install/_local_setup_util_sh.py'
[1.810s] INFO:colcon.colcon_core.shell:Creating prefix chain script '/home/gobind/cs460_ws/install/setup.sh'
[1.812s] INFO:colcon.colcon_core.shell:Creating prefix script '/home/gobind/cs460_ws/install/local_setup.bash'
[1.812s] INFO:colcon.colcon_core.shell:Creating prefix chain script '/home/gobind/cs460_ws/install/setup.bash'
[1.814s] INFO:colcon.colcon_core.shell:Creating prefix script '/home/gobind/cs460_ws/install/local_setup.zsh'
[1.814s] INFO:colcon.colcon_core.shell:Creating prefix chain script '/home/gobind/cs460_ws/install/setup.zsh'
