[0.018s] Invoking command in '/home/gobind/cs460_ws/build/ros2_motion_cpp': CMAKE_PREFIX_PATH=${CMAKE_PREFIX_PATH}:/home/gobind/DEV_WS/install/ros2_essential_python:/home/gobind/DEV_WS/install/ros2_course_python:/home/gobind/DEV_WS/install/launch_testing_examples:/home/gobind/DEV_WS/install/examples_rclpy_pointcloud_publisher:/home/gobind/DEV_WS/install/examples_rclpy_minimal_subscriber:/home/gobind/DEV_WS/install/examples_rclpy_minimal_service:/home/gobind/DEV_WS/install/examples_rclpy_minimal_publisher:/home/gobind/DEV_WS/install/examples_rclpy_minimal_client:/home/gobind/DEV_WS/install/examples_rclpy_minimal_action_server:/home/gobind/DEV_WS/install/examples_rclpy_minimal_action_client:/home/gobind/DEV_WS/install/examples_rclpy_guard_conditions:/home/gobind/DEV_WS/install/examples_rclpy_executors:/home/gobind/ros2_overlay_ws/install/my_package_py:/home/gobind/ros2_ws/install/ros2_course_python:/home/gobind/ros2_ws/install/launch_testing_examples:/home/gobind/ros2_ws/install/examples_rclpy_pointcloud_publisher:/home/gobind/ros2_ws/install/examples_rclpy_minimal_subscriber:/home/gobind/ros2_ws/install/examples_rclpy_minimal_service:/home/gobind/ros2_ws/install/examples_rclpy_minimal_publisher:/home/gobind/ros2_ws/install/examples_rclpy_minimal_client:/home/gobind/ros2_ws/install/examples_rclpy_minimal_action_server:/home/gobind/ros2_ws/install/examples_rclpy_minimal_action_client:/home/gobind/ros2_ws/install/examples_rclpy_guard_conditions:/home/gobind/ros2_ws/install/examples_rclpy_executors:/opt/ros/humble /usr/bin/cmake /home/gobind/cs460_ws/src/ros2_motion_cpp -DCMAKE_INSTALL_PREFIX=/home/gobind/cs460_ws/install/ros2_motion_cpp
[0.074s] -- The C compiler identification is GNU 11.4.0
[0.128s] -- The CXX compiler identification is GNU 11.4.0
[0.135s] -- Detecting C compiler ABI info
[0.205s] -- Detecting C compiler ABI info - done
[0.210s] -- Check for working C compiler: /usr/bin/cc - skipped
[0.211s] -- Detecting C compile features
[0.211s] -- Detecting C compile features - done
[0.213s] -- Detecting CXX compiler ABI info
[0.293s] -- Detecting CXX compiler ABI info - done
[0.299s] -- Check for working CXX compiler: /usr/bin/c++ - skipped
[0.299s] -- Detecting CXX compile features
[0.299s] -- Detecting CXX compile features - done
[0.305s] -- Found ament_cmake: 1.3.12 (/opt/ros/humble/share/ament_cmake/cmake)
[0.476s] -- Found Python3: /usr/bin/python3 (found version "3.10.12") found components: Interpreter 
[0.625s] -- Found rclcpp: 16.0.14 (/opt/ros/humble/share/rclcpp/cmake)
[0.703s] -- Found rosidl_generator_c: 3.1.7 (/opt/ros/humble/share/rosidl_generator_c/cmake)
[0.716s] -- Found rosidl_adapter: 3.1.7 (/opt/ros/humble/share/rosidl_adapter/cmake)
[0.731s] -- Found rosidl_generator_cpp: 3.1.7 (/opt/ros/humble/share/rosidl_generator_cpp/cmake)
[0.751s] -- Using all available rosidl_typesupport_c: rosidl_typesupport_fastrtps_c;rosidl_typesupport_introspection_c
[0.780s] -- Using all available rosidl_typesupport_cpp: rosidl_typesupport_fastrtps_cpp;rosidl_typesupport_introspection_cpp
[0.859s] -- Found rmw_implementation_cmake: 6.1.2 (/opt/ros/humble/share/rmw_implementation_cmake/cmake)
[0.867s] -- Found rmw_fastrtps_cpp: 6.2.8 (/opt/ros/humble/share/rmw_fastrtps_cpp/cmake)
[0.990s] -- Found OpenSSL: /usr/lib/x86_64-linux-gnu/libcrypto.so (found version "3.0.2")  
[1.017s] -- Found FastRTPS: /opt/ros/humble/include  
[1.061s] -- Using RMW implementation 'rmw_fastrtps_cpp' as default
[1.080s] -- Looking for pthread.h
[1.156s] -- Looking for pthread.h - found
[1.156s] -- Performing Test CMAKE_HAVE_LIBC_PTHREAD
[1.232s] -- Performing Test CMAKE_HAVE_LIBC_PTHREAD - Success
[1.232s] -- Found Threads: TRUE  
[1.289s] -- Found geometry_msgs: 4.9.0 (/opt/ros/humble/share/geometry_msgs/cmake)
[1.301s] -- Found ament_lint_auto: 0.12.14 (/opt/ros/humble/share/ament_lint_auto/cmake)
[1.401s] -- Added test 'lint_cmake' to check CMake code style
[1.402s] -- Added test 'xmllint' to check XML markup files
[1.404s] -- Configuring done
[1.408s] -- Generating done
[1.410s] -- Build files have been written to: /home/gobind/cs460_ws/build/ros2_motion_cpp
[1.420s] Invoked command in '/home/gobind/cs460_ws/build/ros2_motion_cpp' returned '0': CMAKE_PREFIX_PATH=${CMAKE_PREFIX_PATH}:/home/gobind/DEV_WS/install/ros2_essential_python:/home/gobind/DEV_WS/install/ros2_course_python:/home/gobind/DEV_WS/install/launch_testing_examples:/home/gobind/DEV_WS/install/examples_rclpy_pointcloud_publisher:/home/gobind/DEV_WS/install/examples_rclpy_minimal_subscriber:/home/gobind/DEV_WS/install/examples_rclpy_minimal_service:/home/gobind/DEV_WS/install/examples_rclpy_minimal_publisher:/home/gobind/DEV_WS/install/examples_rclpy_minimal_client:/home/gobind/DEV_WS/install/examples_rclpy_minimal_action_server:/home/gobind/DEV_WS/install/examples_rclpy_minimal_action_client:/home/gobind/DEV_WS/install/examples_rclpy_guard_conditions:/home/gobind/DEV_WS/install/examples_rclpy_executors:/home/gobind/ros2_overlay_ws/install/my_package_py:/home/gobind/ros2_ws/install/ros2_course_python:/home/gobind/ros2_ws/install/launch_testing_examples:/home/gobind/ros2_ws/install/examples_rclpy_pointcloud_publisher:/home/gobind/ros2_ws/install/examples_rclpy_minimal_subscriber:/home/gobind/ros2_ws/install/examples_rclpy_minimal_service:/home/gobind/ros2_ws/install/examples_rclpy_minimal_publisher:/home/gobind/ros2_ws/install/examples_rclpy_minimal_client:/home/gobind/ros2_ws/install/examples_rclpy_minimal_action_server:/home/gobind/ros2_ws/install/examples_rclpy_minimal_action_client:/home/gobind/ros2_ws/install/examples_rclpy_guard_conditions:/home/gobind/ros2_ws/install/examples_rclpy_executors:/opt/ros/humble /usr/bin/cmake /home/gobind/cs460_ws/src/ros2_motion_cpp -DCMAKE_INSTALL_PREFIX=/home/gobind/cs460_ws/install/ros2_motion_cpp
[1.422s] Invoking command in '/home/gobind/cs460_ws/build/ros2_motion_cpp': CMAKE_PREFIX_PATH=${CMAKE_PREFIX_PATH}:/home/gobind/DEV_WS/install/ros2_essential_python:/home/gobind/DEV_WS/install/ros2_course_python:/home/gobind/DEV_WS/install/launch_testing_examples:/home/gobind/DEV_WS/install/examples_rclpy_pointcloud_publisher:/home/gobind/DEV_WS/install/examples_rclpy_minimal_subscriber:/home/gobind/DEV_WS/install/examples_rclpy_minimal_service:/home/gobind/DEV_WS/install/examples_rclpy_minimal_publisher:/home/gobind/DEV_WS/install/examples_rclpy_minimal_client:/home/gobind/DEV_WS/install/examples_rclpy_minimal_action_server:/home/gobind/DEV_WS/install/examples_rclpy_minimal_action_client:/home/gobind/DEV_WS/install/examples_rclpy_guard_conditions:/home/gobind/DEV_WS/install/examples_rclpy_executors:/home/gobind/ros2_overlay_ws/install/my_package_py:/home/gobind/ros2_ws/install/ros2_course_python:/home/gobind/ros2_ws/install/launch_testing_examples:/home/gobind/ros2_ws/install/examples_rclpy_pointcloud_publisher:/home/gobind/ros2_ws/install/examples_rclpy_minimal_subscriber:/home/gobind/ros2_ws/install/examples_rclpy_minimal_service:/home/gobind/ros2_ws/install/examples_rclpy_minimal_publisher:/home/gobind/ros2_ws/install/examples_rclpy_minimal_client:/home/gobind/ros2_ws/install/examples_rclpy_minimal_action_server:/home/gobind/ros2_ws/install/examples_rclpy_minimal_action_client:/home/gobind/ros2_ws/install/examples_rclpy_guard_conditions:/home/gobind/ros2_ws/install/examples_rclpy_executors:/opt/ros/humble /usr/bin/cmake --build /home/gobind/cs460_ws/build/ros2_motion_cpp -- -j16 -l16
[1.469s] Invoked command in '/home/gobind/cs460_ws/build/ros2_motion_cpp' returned '0': CMAKE_PREFIX_PATH=${CMAKE_PREFIX_PATH}:/home/gobind/DEV_WS/install/ros2_essential_python:/home/gobind/DEV_WS/install/ros2_course_python:/home/gobind/DEV_WS/install/launch_testing_examples:/home/gobind/DEV_WS/install/examples_rclpy_pointcloud_publisher:/home/gobind/DEV_WS/install/examples_rclpy_minimal_subscriber:/home/gobind/DEV_WS/install/examples_rclpy_minimal_service:/home/gobind/DEV_WS/install/examples_rclpy_minimal_publisher:/home/gobind/DEV_WS/install/examples_rclpy_minimal_client:/home/gobind/DEV_WS/install/examples_rclpy_minimal_action_server:/home/gobind/DEV_WS/install/examples_rclpy_minimal_action_client:/home/gobind/DEV_WS/install/examples_rclpy_guard_conditions:/home/gobind/DEV_WS/install/examples_rclpy_executors:/home/gobind/ros2_overlay_ws/install/my_package_py:/home/gobind/ros2_ws/install/ros2_course_python:/home/gobind/ros2_ws/install/launch_testing_examples:/home/gobind/ros2_ws/install/examples_rclpy_pointcloud_publisher:/home/gobind/ros2_ws/install/examples_rclpy_minimal_subscriber:/home/gobind/ros2_ws/install/examples_rclpy_minimal_service:/home/gobind/ros2_ws/install/examples_rclpy_minimal_publisher:/home/gobind/ros2_ws/install/examples_rclpy_minimal_client:/home/gobind/ros2_ws/install/examples_rclpy_minimal_action_server:/home/gobind/ros2_ws/install/examples_rclpy_minimal_action_client:/home/gobind/ros2_ws/install/examples_rclpy_guard_conditions:/home/gobind/ros2_ws/install/examples_rclpy_executors:/opt/ros/humble /usr/bin/cmake --build /home/gobind/cs460_ws/build/ros2_motion_cpp -- -j16 -l16
[1.478s] Invoking command in '/home/gobind/cs460_ws/build/ros2_motion_cpp': CMAKE_PREFIX_PATH=${CMAKE_PREFIX_PATH}:/home/gobind/DEV_WS/install/ros2_essential_python:/home/gobind/DEV_WS/install/ros2_course_python:/home/gobind/DEV_WS/install/launch_testing_examples:/home/gobind/DEV_WS/install/examples_rclpy_pointcloud_publisher:/home/gobind/DEV_WS/install/examples_rclpy_minimal_subscriber:/home/gobind/DEV_WS/install/examples_rclpy_minimal_service:/home/gobind/DEV_WS/install/examples_rclpy_minimal_publisher:/home/gobind/DEV_WS/install/examples_rclpy_minimal_client:/home/gobind/DEV_WS/install/examples_rclpy_minimal_action_server:/home/gobind/DEV_WS/install/examples_rclpy_minimal_action_client:/home/gobind/DEV_WS/install/examples_rclpy_guard_conditions:/home/gobind/DEV_WS/install/examples_rclpy_executors:/home/gobind/ros2_overlay_ws/install/my_package_py:/home/gobind/ros2_ws/install/ros2_course_python:/home/gobind/ros2_ws/install/launch_testing_examples:/home/gobind/ros2_ws/install/examples_rclpy_pointcloud_publisher:/home/gobind/ros2_ws/install/examples_rclpy_minimal_subscriber:/home/gobind/ros2_ws/install/examples_rclpy_minimal_service:/home/gobind/ros2_ws/install/examples_rclpy_minimal_publisher:/home/gobind/ros2_ws/install/examples_rclpy_minimal_client:/home/gobind/ros2_ws/install/examples_rclpy_minimal_action_server:/home/gobind/ros2_ws/install/examples_rclpy_minimal_action_client:/home/gobind/ros2_ws/install/examples_rclpy_guard_conditions:/home/gobind/ros2_ws/install/examples_rclpy_executors:/opt/ros/humble /usr/bin/cmake --install /home/gobind/cs460_ws/build/ros2_motion_cpp
[1.487s] -- Install configuration: ""
[1.488s] -- Installing: /home/gobind/cs460_ws/install/ros2_motion_cpp/share/ament_index/resource_index/package_run_dependencies/ros2_motion_cpp
[1.488s] -- Installing: /home/gobind/cs460_ws/install/ros2_motion_cpp/share/ament_index/resource_index/parent_prefix_path/ros2_motion_cpp
[1.488s] -- Installing: /home/gobind/cs460_ws/install/ros2_motion_cpp/share/ros2_motion_cpp/environment/ament_prefix_path.sh
[1.488s] -- Installing: /home/gobind/cs460_ws/install/ros2_motion_cpp/share/ros2_motion_cpp/environment/ament_prefix_path.dsv
[1.488s] -- Installing: /home/gobind/cs460_ws/install/ros2_motion_cpp/share/ros2_motion_cpp/environment/path.sh
[1.488s] -- Installing: /home/gobind/cs460_ws/install/ros2_motion_cpp/share/ros2_motion_cpp/environment/path.dsv
[1.489s] -- Installing: /home/gobind/cs460_ws/install/ros2_motion_cpp/share/ros2_motion_cpp/local_setup.bash
[1.489s] -- Installing: /home/gobind/cs460_ws/install/ros2_motion_cpp/share/ros2_motion_cpp/local_setup.sh
[1.489s] -- Installing: /home/gobind/cs460_ws/install/ros2_motion_cpp/share/ros2_motion_cpp/local_setup.zsh
[1.489s] -- Installing: /home/gobind/cs460_ws/install/ros2_motion_cpp/share/ros2_motion_cpp/local_setup.dsv
[1.489s] -- Installing: /home/gobind/cs460_ws/install/ros2_motion_cpp/share/ros2_motion_cpp/package.dsv
[1.490s] -- Installing: /home/gobind/cs460_ws/install/ros2_motion_cpp/share/ament_index/resource_index/packages/ros2_motion_cpp
[1.490s] -- Installing: /home/gobind/cs460_ws/install/ros2_motion_cpp/share/ros2_motion_cpp/cmake/ros2_motion_cppConfig.cmake
[1.490s] -- Installing: /home/gobind/cs460_ws/install/ros2_motion_cpp/share/ros2_motion_cpp/cmake/ros2_motion_cppConfig-version.cmake
[1.490s] -- Installing: /home/gobind/cs460_ws/install/ros2_motion_cpp/share/ros2_motion_cpp/package.xml
[1.492s] Invoked command in '/home/gobind/cs460_ws/build/ros2_motion_cpp' returned '0': CMAKE_PREFIX_PATH=${CMAKE_PREFIX_PATH}:/home/gobind/DEV_WS/install/ros2_essential_python:/home/gobind/DEV_WS/install/ros2_course_python:/home/gobind/DEV_WS/install/launch_testing_examples:/home/gobind/DEV_WS/install/examples_rclpy_pointcloud_publisher:/home/gobind/DEV_WS/install/examples_rclpy_minimal_subscriber:/home/gobind/DEV_WS/install/examples_rclpy_minimal_service:/home/gobind/DEV_WS/install/examples_rclpy_minimal_publisher:/home/gobind/DEV_WS/install/examples_rclpy_minimal_client:/home/gobind/DEV_WS/install/examples_rclpy_minimal_action_server:/home/gobind/DEV_WS/install/examples_rclpy_minimal_action_client:/home/gobind/DEV_WS/install/examples_rclpy_guard_conditions:/home/gobind/DEV_WS/install/examples_rclpy_executors:/home/gobind/ros2_overlay_ws/install/my_package_py:/home/gobind/ros2_ws/install/ros2_course_python:/home/gobind/ros2_ws/install/launch_testing_examples:/home/gobind/ros2_ws/install/examples_rclpy_pointcloud_publisher:/home/gobind/ros2_ws/install/examples_rclpy_minimal_subscriber:/home/gobind/ros2_ws/install/examples_rclpy_minimal_service:/home/gobind/ros2_ws/install/examples_rclpy_minimal_publisher:/home/gobind/ros2_ws/install/examples_rclpy_minimal_client:/home/gobind/ros2_ws/install/examples_rclpy_minimal_action_server:/home/gobind/ros2_ws/install/examples_rclpy_minimal_action_client:/home/gobind/ros2_ws/install/examples_rclpy_guard_conditions:/home/gobind/ros2_ws/install/examples_rclpy_executors:/opt/ros/humble /usr/bin/cmake --install /home/gobind/cs460_ws/build/ros2_motion_cpp
