[0.063s] Invoking command in '/home/gobind/ros2_ws/build/examples_rclcpp_minimal_action_client': CMAKE_PREFIX_PATH=${CMAKE_PREFIX_PATH}:/home/gobind/ros2_ws/install/ros2_course_python:/opt/ros/humble /usr/bin/cmake --build /home/gobind/ros2_ws/build/examples_rclcpp_minimal_action_client -- -j16 -l16
[4.445s] [ 12%] [32mBuilding CXX object CMakeFiles/action_client_not_composable_with_cancel.dir/not_composable_with_cancel.cpp.o[0m
[4.445s] [ 25%] [32mBuilding CXX object CMakeFiles/action_client_member_functions.dir/member_functions.cpp.o[0m
[4.445s] [ 37%] [32mBuilding CXX object CMakeFiles/action_client_not_composable.dir/not_composable.cpp.o[0m
[4.446s] [ 50%] [32mBuilding CXX object CMakeFiles/action_client_not_composable_with_feedback.dir/not_composable_with_feedback.cpp.o[0m
[20.092s] [ 62%] [32m[1mLinking CXX executable action_client_member_functions[0m
[20.911s] [ 62%] Built target action_client_member_functions
[21.225s] [ 75%] [32m[1mLinking CXX executable action_client_not_composable_with_cancel[0m
[21.928s] [ 75%] Built target action_client_not_composable_with_cancel
[22.087s] [ 87%] [32m[1mLinking CXX executable action_client_not_composable_with_feedback[0m
[22.576s] [ 87%] Built target action_client_not_composable_with_feedback
[23.593s] [100%] [32m[1mLinking CXX executable action_client_not_composable[0m
[24.043s] [100%] Built target action_client_not_composable
[24.078s] Invoked command in '/home/gobind/ros2_ws/build/examples_rclcpp_minimal_action_client' returned '0': CMAKE_PREFIX_PATH=${CMAKE_PREFIX_PATH}:/home/gobind/ros2_ws/install/ros2_course_python:/opt/ros/humble /usr/bin/cmake --build /home/gobind/ros2_ws/build/examples_rclcpp_minimal_action_client -- -j16 -l16
[24.082s] Invoking command in '/home/gobind/ros2_ws/build/examples_rclcpp_minimal_action_client': CMAKE_PREFIX_PATH=${CMAKE_PREFIX_PATH}:/home/gobind/ros2_ws/install/ros2_course_python:/opt/ros/humble /usr/bin/cmake --install /home/gobind/ros2_ws/build/examples_rclcpp_minimal_action_client
[24.125s] -- Install configuration: ""
[24.132s] -- Execute custom install script
[24.135s] -- Symlinking: /home/gobind/ros2_ws/install/examples_rclcpp_minimal_action_client/lib/examples_rclcpp_minimal_action_client/action_client_member_functions
[24.163s] -- Symlinking: /home/gobind/ros2_ws/install/examples_rclcpp_minimal_action_client/lib/examples_rclcpp_minimal_action_client/action_client_not_composable
[24.193s] -- Symlinking: /home/gobind/ros2_ws/install/examples_rclcpp_minimal_action_client/lib/examples_rclcpp_minimal_action_client/action_client_not_composable_with_cancel
[24.225s] -- Symlinking: /home/gobind/ros2_ws/install/examples_rclcpp_minimal_action_client/lib/examples_rclcpp_minimal_action_client/action_client_not_composable_with_feedback
[24.255s] -- Symlinking: /home/gobind/ros2_ws/install/examples_rclcpp_minimal_action_client/share/ament_index/resource_index/package_run_dependencies/examples_rclcpp_minimal_action_client
[24.287s] -- Symlinking: /home/gobind/ros2_ws/install/examples_rclcpp_minimal_action_client/share/ament_index/resource_index/parent_prefix_path/examples_rclcpp_minimal_action_client
[24.319s] -- Symlinking: /home/gobind/ros2_ws/install/examples_rclcpp_minimal_action_client/share/examples_rclcpp_minimal_action_client/environment/ament_prefix_path.sh
[24.352s] -- Symlinking: /home/gobind/ros2_ws/install/examples_rclcpp_minimal_action_client/share/examples_rclcpp_minimal_action_client/environment/ament_prefix_path.dsv
[24.374s] -- Symlinking: /home/gobind/ros2_ws/install/examples_rclcpp_minimal_action_client/share/examples_rclcpp_minimal_action_client/environment/path.sh
[24.402s] -- Symlinking: /home/gobind/ros2_ws/install/examples_rclcpp_minimal_action_client/share/examples_rclcpp_minimal_action_client/environment/path.dsv
[24.434s] -- Symlinking: /home/gobind/ros2_ws/install/examples_rclcpp_minimal_action_client/share/examples_rclcpp_minimal_action_client/local_setup.bash
[24.458s] -- Symlinking: /home/gobind/ros2_ws/install/examples_rclcpp_minimal_action_client/share/examples_rclcpp_minimal_action_client/local_setup.sh
[24.489s] -- Symlinking: /home/gobind/ros2_ws/install/examples_rclcpp_minimal_action_client/share/examples_rclcpp_minimal_action_client/local_setup.zsh
[24.518s] -- Symlinking: /home/gobind/ros2_ws/install/examples_rclcpp_minimal_action_client/share/examples_rclcpp_minimal_action_client/local_setup.dsv
[24.565s] -- Symlinking: /home/gobind/ros2_ws/install/examples_rclcpp_minimal_action_client/share/examples_rclcpp_minimal_action_client/package.dsv
[24.598s] -- Symlinking: /home/gobind/ros2_ws/install/examples_rclcpp_minimal_action_client/share/ament_index/resource_index/packages/examples_rclcpp_minimal_action_client
[24.630s] -- Symlinking: /home/gobind/ros2_ws/install/examples_rclcpp_minimal_action_client/share/examples_rclcpp_minimal_action_client/cmake/examples_rclcpp_minimal_action_clientConfig.cmake
[24.660s] -- Symlinking: /home/gobind/ros2_ws/install/examples_rclcpp_minimal_action_client/share/examples_rclcpp_minimal_action_client/cmake/examples_rclcpp_minimal_action_clientConfig-version.cmake
[24.687s] -- Symlinking: /home/gobind/ros2_ws/install/examples_rclcpp_minimal_action_client/share/examples_rclcpp_minimal_action_client/package.xml
[24.721s] Invoked command in '/home/gobind/ros2_ws/build/examples_rclcpp_minimal_action_client' returned '0': CMAKE_PREFIX_PATH=${CMAKE_PREFIX_PATH}:/home/gobind/ros2_ws/install/ros2_course_python:/opt/ros/humble /usr/bin/cmake --install /home/gobind/ros2_ws/build/examples_rclcpp_minimal_action_client
