[11.796s] Invoking command in '/home/gobind/ros2_ws/build/examples_rclpy_minimal_client': PYTHONPATH=/home/gobind/ros2_ws/build/examples_rclpy_minimal_client/prefix_override:/usr/lib/python3/dist-packages/colcon_core/task/python/colcon_distutils_commands:/home/gobind/ros2_ws/install/examples_rclpy_minimal_client/lib/python3.10/site-packages:${PYTHONPATH} /usr/bin/python3 -W ignore:setup.py install is deprecated -W ignore:easy_install command is deprecated setup.py develop --editable --build-directory /home/gobind/ros2_ws/build/examples_rclpy_minimal_client/build --no-deps symlink_data
[12.542s] running develop
[13.050s] running egg_info
[13.051s] creating examples_rclpy_minimal_client.egg-info
[13.051s] writing examples_rclpy_minimal_client.egg-info/PKG-INFO
[13.051s] writing dependency_links to examples_rclpy_minimal_client.egg-info/dependency_links.txt
[13.052s] writing entry points to examples_rclpy_minimal_client.egg-info/entry_points.txt
[13.052s] writing requirements to examples_rclpy_minimal_client.egg-info/requires.txt
[13.052s] writing top-level names to examples_rclpy_minimal_client.egg-info/top_level.txt
[13.052s] writing manifest file 'examples_rclpy_minimal_client.egg-info/SOURCES.txt'
[13.059s] reading manifest file 'examples_rclpy_minimal_client.egg-info/SOURCES.txt'
[13.060s] writing manifest file 'examples_rclpy_minimal_client.egg-info/SOURCES.txt'
[13.065s] running build_ext
[13.068s] Creating /home/gobind/ros2_ws/install/examples_rclpy_minimal_client/lib/python3.10/site-packages/examples-rclpy-minimal-client.egg-link (link to .)
[13.069s] Installing client script to /home/gobind/ros2_ws/install/examples_rclpy_minimal_client/lib/examples_rclpy_minimal_client
[13.069s] Installing client_async script to /home/gobind/ros2_ws/install/examples_rclpy_minimal_client/lib/examples_rclpy_minimal_client
[13.072s] Installing client_async_callback script to /home/gobind/ros2_ws/install/examples_rclpy_minimal_client/lib/examples_rclpy_minimal_client
[13.073s] Installing client_async_member_function script to /home/gobind/ros2_ws/install/examples_rclpy_minimal_client/lib/examples_rclpy_minimal_client
[13.076s] 
[13.076s] Installed /home/gobind/ros2_ws/build/examples_rclpy_minimal_client
[13.076s] running symlink_data
[13.076s] creating /home/gobind/ros2_ws/install/examples_rclpy_minimal_client/share/ament_index
[13.076s] creating /home/gobind/ros2_ws/install/examples_rclpy_minimal_client/share/ament_index/resource_index
[13.076s] creating /home/gobind/ros2_ws/install/examples_rclpy_minimal_client/share/ament_index/resource_index/packages
[13.076s] symbolically linking /home/gobind/ros2_ws/build/examples_rclpy_minimal_client/resource/examples_rclpy_minimal_client -> /home/gobind/ros2_ws/install/examples_rclpy_minimal_client/share/ament_index/resource_index/packages
[13.076s] symbolically linking /home/gobind/ros2_ws/build/examples_rclpy_minimal_client/package.xml -> /home/gobind/ros2_ws/install/examples_rclpy_minimal_client/share/examples_rclpy_minimal_client
[13.732s] Invoked command in '/home/gobind/ros2_ws/build/examples_rclpy_minimal_client' returned '0': PYTHONPATH=/home/gobind/ros2_ws/build/examples_rclpy_minimal_client/prefix_override:/usr/lib/python3/dist-packages/colcon_core/task/python/colcon_distutils_commands:/home/gobind/ros2_ws/install/examples_rclpy_minimal_client/lib/python3.10/site-packages:${PYTHONPATH} /usr/bin/python3 -W ignore:setup.py install is deprecated -W ignore:easy_install command is deprecated setup.py develop --editable --build-directory /home/gobind/ros2_ws/build/examples_rclpy_minimal_client/build --no-deps symlink_data
