running develop
Removing /home/gobind/cs460_ws/install/ros2_motion_python/lib/python3.10/site-packages/ros2-motion-python.egg-link (link to .)
running egg_info
writing ../../build/ros2_motion_python/ros2_motion_python.egg-info/PKG-INFO
writing dependency_links to ../../build/ros2_motion_python/ros2_motion_python.egg-info/dependency_links.txt
writing entry points to ../../build/ros2_motion_python/ros2_motion_python.egg-info/entry_points.txt
writing requirements to ../../build/ros2_motion_python/ros2_motion_python.egg-info/requires.txt
writing top-level names to ../../build/ros2_motion_python/ros2_motion_python.egg-info/top_level.txt
reading manifest file '../../build/ros2_motion_python/ros2_motion_python.egg-info/SOURCES.txt'
writing manifest file '../../build/ros2_motion_python/ros2_motion_python.egg-info/SOURCES.txt'
running build
running build_py
copying ros2_motion_python/simple_turtlesim_mover.py -> /home/gobind/cs460_ws/build/ros2_motion_python/build/lib/ros2_motion_python
running install
running install_lib
copying /home/gobind/cs460_ws/build/ros2_motion_python/build/lib/ros2_motion_python/simple_turtlesim_mover.py -> /home/gobind/cs460_ws/install/ros2_motion_python/lib/python3.10/site-packages/ros2_motion_python
copying /home/gobind/cs460_ws/build/ros2_motion_python/build/lib/ros2_motion_python/__init__.py -> /home/gobind/cs460_ws/install/ros2_motion_python/lib/python3.10/site-packages/ros2_motion_python
byte-compiling /home/gobind/cs460_ws/install/ros2_motion_python/lib/python3.10/site-packages/ros2_motion_python/simple_turtlesim_mover.py to simple_turtlesim_mover.cpython-310.pyc
byte-compiling /home/gobind/cs460_ws/install/ros2_motion_python/lib/python3.10/site-packages/ros2_motion_python/__init__.py to __init__.cpython-310.pyc
running install_data
copying resource/ros2_motion_python -> /home/gobind/cs460_ws/install/ros2_motion_python/share/ament_index/resource_index/packages
copying package.xml -> /home/gobind/cs460_ws/install/ros2_motion_python/share/ros2_motion_python
running install_egg_info
Copying ../../build/ros2_motion_python/ros2_motion_python.egg-info to /home/gobind/cs460_ws/install/ros2_motion_python/lib/python3.10/site-packages/ros2_motion_python-0.0.0-py3.10.egg-info
running install_scripts
writing list of installed files to '/home/gobind/cs460_ws/build/ros2_motion_python/install.log'
