[2.584s] Invoking command in '/home/gobind/ros2_ws/build/examples_rclpy_minimal_action_server': PYTHONPATH=/home/gobind/ros2_ws/build/examples_rclpy_minimal_action_server/prefix_override:/usr/lib/python3/dist-packages/colcon_core/task/python/colcon_distutils_commands:/home/gobind/ros2_ws/install/examples_rclpy_minimal_action_server/lib/python3.10/site-packages:${PYTHONPATH} /usr/bin/python3 -W ignore:setup.py install is deprecated -W ignore:easy_install command is deprecated setup.py develop --editable --build-directory /home/gobind/ros2_ws/build/examples_rclpy_minimal_action_server/build --no-deps symlink_data
[2.907s] running develop
[3.124s] running egg_info
[3.124s] writing examples_rclpy_minimal_action_server.egg-info/PKG-INFO
[3.125s] writing dependency_links to examples_rclpy_minimal_action_server.egg-info/dependency_links.txt
[3.125s] writing entry points to examples_rclpy_minimal_action_server.egg-info/entry_points.txt
[3.125s] writing requirements to examples_rclpy_minimal_action_server.egg-info/requires.txt
[3.125s] writing top-level names to examples_rclpy_minimal_action_server.egg-info/top_level.txt
[3.128s] reading manifest file 'examples_rclpy_minimal_action_server.egg-info/SOURCES.txt'
[3.129s] writing manifest file 'examples_rclpy_minimal_action_server.egg-info/SOURCES.txt'
[3.131s] running build_ext
[3.131s] Creating /home/gobind/ros2_ws/install/examples_rclpy_minimal_action_server/lib/python3.10/site-packages/examples-rclpy-minimal-action-server.egg-link (link to .)
[3.132s] Installing server script to /home/gobind/ros2_ws/install/examples_rclpy_minimal_action_server/lib/examples_rclpy_minimal_action_server
[3.132s] Installing server_defer script to /home/gobind/ros2_ws/install/examples_rclpy_minimal_action_server/lib/examples_rclpy_minimal_action_server
[3.133s] Installing server_not_composable script to /home/gobind/ros2_ws/install/examples_rclpy_minimal_action_server/lib/examples_rclpy_minimal_action_server
[3.133s] Installing server_queue_goals script to /home/gobind/ros2_ws/install/examples_rclpy_minimal_action_server/lib/examples_rclpy_minimal_action_server
[3.133s] Installing server_single_goal script to /home/gobind/ros2_ws/install/examples_rclpy_minimal_action_server/lib/examples_rclpy_minimal_action_server
[3.133s] 
[3.133s] Installed /home/gobind/ros2_ws/build/examples_rclpy_minimal_action_server
[3.133s] running symlink_data
[3.186s] Invoked command in '/home/gobind/ros2_ws/build/examples_rclpy_minimal_action_server' returned '0': PYTHONPATH=/home/gobind/ros2_ws/build/examples_rclpy_minimal_action_server/prefix_override:/usr/lib/python3/dist-packages/colcon_core/task/python/colcon_distutils_commands:/home/gobind/ros2_ws/install/examples_rclpy_minimal_action_server/lib/python3.10/site-packages:${PYTHONPATH} /usr/bin/python3 -W ignore:setup.py install is deprecated -W ignore:easy_install command is deprecated setup.py develop --editable --build-directory /home/gobind/ros2_ws/build/examples_rclpy_minimal_action_server/build --no-deps symlink_data
