running egg_info
writing ../../build/ros2_motion_python/ros2_motion_python.egg-info/PKG-INFO
writing dependency_links to ../../build/ros2_motion_python/ros2_motion_python.egg-info/dependency_links.txt
writing entry points to ../../build/ros2_motion_python/ros2_motion_python.egg-info/entry_points.txt
writing requirements to ../../build/ros2_motion_python/ros2_motion_python.egg-info/requires.txt
writing top-level names to ../../build/ros2_motion_python/ros2_motion_python.egg-info/top_level.txt
reading manifest file '../../build/ros2_motion_python/ros2_motion_python.egg-info/SOURCES.txt'
writing manifest file '../../build/ros2_motion_python/ros2_motion_python.egg-info/SOURCES.txt'
running build
running build_py
copying ros2_motion_python/simple_turtlesim_motion.py -> /home/gobind/cs460_ws/build/ros2_motion_python/build/lib/ros2_motion_python
running install
running install_lib
copying /home/gobind/cs460_ws/build/ros2_motion_python/build/lib/ros2_motion_python/simple_turtlesim_motion.py -> /home/gobind/cs460_ws/install/ros2_motion_python/lib/python3.10/site-packages/ros2_motion_python
byte-compiling /home/gobind/cs460_ws/install/ros2_motion_python/lib/python3.10/site-packages/ros2_motion_python/simple_turtlesim_motion.py to simple_turtlesim_motion.cpython-310.pyc
running install_data
running install_egg_info
removing '/home/gobind/cs460_ws/install/ros2_motion_python/lib/python3.10/site-packages/ros2_motion_python-0.0.0-py3.10.egg-info' (and everything under it)
Copying ../../build/ros2_motion_python/ros2_motion_python.egg-info to /home/gobind/cs460_ws/install/ros2_motion_python/lib/python3.10/site-packages/ros2_motion_python-0.0.0-py3.10.egg-info
running install_scripts
writing list of installed files to '/home/gobind/cs460_ws/build/ros2_motion_python/install.log'
