[11.271s] Invoking command in '/home/gobind/ros2_ws/build/examples_rclpy_minimal_publisher': PYTHONPATH=/home/gobind/ros2_ws/build/examples_rclpy_minimal_publisher/prefix_override:/usr/lib/python3/dist-packages/colcon_core/task/python/colcon_distutils_commands:/home/gobind/ros2_ws/install/examples_rclpy_minimal_publisher/lib/python3.10/site-packages:${PYTHONPATH} /usr/bin/python3 -W ignore:setup.py install is deprecated -W ignore:easy_install command is deprecated setup.py develop --editable --build-directory /home/gobind/ros2_ws/build/examples_rclpy_minimal_publisher/build --no-deps symlink_data
[12.484s] running develop
[13.256s] running egg_info
[13.256s] creating examples_rclpy_minimal_publisher.egg-info
[13.256s] writing examples_rclpy_minimal_publisher.egg-info/PKG-INFO
[13.257s] writing dependency_links to examples_rclpy_minimal_publisher.egg-info/dependency_links.txt
[13.257s] writing entry points to examples_rclpy_minimal_publisher.egg-info/entry_points.txt
[13.257s] writing requirements to examples_rclpy_minimal_publisher.egg-info/requires.txt
[13.258s] writing top-level names to examples_rclpy_minimal_publisher.egg-info/top_level.txt
[13.258s] writing manifest file 'examples_rclpy_minimal_publisher.egg-info/SOURCES.txt'
[13.286s] reading manifest file 'examples_rclpy_minimal_publisher.egg-info/SOURCES.txt'
[13.286s] writing manifest file 'examples_rclpy_minimal_publisher.egg-info/SOURCES.txt'
[13.287s] running build_ext
[13.287s] Creating /home/gobind/ros2_ws/install/examples_rclpy_minimal_publisher/lib/python3.10/site-packages/examples-rclpy-minimal-publisher.egg-link (link to .)
[13.287s] Installing publisher_local_function script to /home/gobind/ros2_ws/install/examples_rclpy_minimal_publisher/lib/examples_rclpy_minimal_publisher
[13.287s] Installing publisher_member_function script to /home/gobind/ros2_ws/install/examples_rclpy_minimal_publisher/lib/examples_rclpy_minimal_publisher
[13.287s] Installing publisher_member_function_with_wait_for_all_acked script to /home/gobind/ros2_ws/install/examples_rclpy_minimal_publisher/lib/examples_rclpy_minimal_publisher
[13.287s] Installing publisher_old_school script to /home/gobind/ros2_ws/install/examples_rclpy_minimal_publisher/lib/examples_rclpy_minimal_publisher
[13.287s] 
[13.287s] Installed /home/gobind/ros2_ws/build/examples_rclpy_minimal_publisher
[13.287s] running symlink_data
[13.287s] creating /home/gobind/ros2_ws/install/examples_rclpy_minimal_publisher/share/ament_index
[13.287s] creating /home/gobind/ros2_ws/install/examples_rclpy_minimal_publisher/share/ament_index/resource_index
[13.288s] creating /home/gobind/ros2_ws/install/examples_rclpy_minimal_publisher/share/ament_index/resource_index/packages
[13.288s] symbolically linking /home/gobind/ros2_ws/build/examples_rclpy_minimal_publisher/resource/examples_rclpy_minimal_publisher -> /home/gobind/ros2_ws/install/examples_rclpy_minimal_publisher/share/ament_index/resource_index/packages
[13.293s] symbolically linking /home/gobind/ros2_ws/build/examples_rclpy_minimal_publisher/package.xml -> /home/gobind/ros2_ws/install/examples_rclpy_minimal_publisher/share/examples_rclpy_minimal_publisher
[13.638s] Invoked command in '/home/gobind/ros2_ws/build/examples_rclpy_minimal_publisher' returned '0': PYTHONPATH=/home/gobind/ros2_ws/build/examples_rclpy_minimal_publisher/prefix_override:/usr/lib/python3/dist-packages/colcon_core/task/python/colcon_distutils_commands:/home/gobind/ros2_ws/install/examples_rclpy_minimal_publisher/lib/python3.10/site-packages:${PYTHONPATH} /usr/bin/python3 -W ignore:setup.py install is deprecated -W ignore:easy_install command is deprecated setup.py develop --editable --build-directory /home/gobind/ros2_ws/build/examples_rclpy_minimal_publisher/build --no-deps symlink_data
