[0.131s] Invoking command in '/home/gobind/ros2_ws/build/ros2_course_cpp': CMAKE_PREFIX_PATH=${CMAKE_PREFIX_PATH}:/home/gobind/ros2_ws/install/ros2_course_python:/opt/ros/humble /usr/bin/cmake /home/gobind/ros2_ws/src/ros2_course_cpp -DAMENT_CMAKE_SYMLINK_INSTALL=1 -DCMAKE_INSTALL_PREFIX=/home/gobind/ros2_ws/install/ros2_course_cpp
[1.820s] -- The C compiler identification is GNU 11.4.0
[1.822s] -- The CXX compiler identification is GNU 11.4.0
[1.822s] -- Detecting C compiler ABI info
[1.822s] -- Detecting C compiler ABI info - done
[1.823s] -- Check for working C compiler: /usr/bin/cc - skipped
[1.823s] -- Detecting C compile features
[1.823s] -- Detecting C compile features - done
[1.823s] -- Detecting CXX compiler ABI info
[1.823s] -- Detecting CXX compiler ABI info - done
[1.823s] -- Check for working CXX compiler: /usr/bin/c++ - skipped
[1.823s] -- Detecting CXX compile features
[1.823s] -- Detecting CXX compile features - done
[1.823s] -- Found ament_cmake: 1.3.12 (/opt/ros/humble/share/ament_cmake/cmake)
[2.205s] -- Found Python3: /usr/bin/python3 (found version "3.10.12") found components: Interpreter 
[2.421s] -- Override CMake install command with custom implementation using symlinks instead of copying resources
[2.539s] -- Found std_msgs: 4.9.0 (/opt/ros/humble/share/std_msgs/cmake)
[2.702s] -- Found rosidl_generator_c: 3.1.7 (/opt/ros/humble/share/rosidl_generator_c/cmake)
[2.717s] -- Found rosidl_adapter: 3.1.7 (/opt/ros/humble/share/rosidl_adapter/cmake)
[2.775s] -- Found rosidl_generator_cpp: 3.1.7 (/opt/ros/humble/share/rosidl_generator_cpp/cmake)
[2.912s] -- Using all available rosidl_typesupport_c: rosidl_typesupport_fastrtps_c;rosidl_typesupport_introspection_c
[3.059s] -- Using all available rosidl_typesupport_cpp: rosidl_typesupport_fastrtps_cpp;rosidl_typesupport_introspection_cpp
[3.305s] -- Found rclcpp: 16.0.14 (/opt/ros/humble/share/rclcpp/cmake)
[3.708s] -- Found rmw_implementation_cmake: 6.1.2 (/opt/ros/humble/share/rmw_implementation_cmake/cmake)
[3.734s] -- Found rmw_fastrtps_cpp: 6.2.8 (/opt/ros/humble/share/rmw_fastrtps_cpp/cmake)
[4.111s] -- Found OpenSSL: /usr/lib/x86_64-linux-gnu/libcrypto.so (found version "3.0.2")  
[4.256s] -- Found FastRTPS: /opt/ros/humble/include  
[4.387s] -- Using RMW implementation 'rmw_fastrtps_cpp' as default
[4.423s] -- Looking for pthread.h
[4.665s] -- Looking for pthread.h - found
[4.666s] -- Performing Test CMAKE_HAVE_LIBC_PTHREAD
[4.912s] -- Performing Test CMAKE_HAVE_LIBC_PTHREAD - Success
[4.913s] -- Found Threads: TRUE  
[5.136s] -- Found geometry_msgs: 4.9.0 (/opt/ros/humble/share/geometry_msgs/cmake)
[5.213s] -- Found rclcpp_action: 16.0.14 (/opt/ros/humble/share/rclcpp_action/cmake)
[5.352s] -- Found example_interfaces: 0.9.3 (/opt/ros/humble/share/example_interfaces/cmake)
[5.419s] -- Found ament_lint_auto: 0.12.14 (/opt/ros/humble/share/ament_lint_auto/cmake)
[5.674s] -- Added test 'cppcheck' to perform static code analysis on C / C++ code
[5.675s] -- Configured cppcheck include dirs: 
[5.675s] -- Configured cppcheck exclude dirs and/or files: 
[5.678s] -- Added test 'lint_cmake' to check CMake code style
[5.679s] -- Added test 'uncrustify' to check C / C++ code style
[5.679s] -- Configured uncrustify additional arguments: 
[5.682s] -- Added test 'xmllint' to check XML markup files
[5.690s] -- Configuring done
[5.741s] -- Generating done
[5.755s] -- Build files have been written to: /home/gobind/ros2_ws/build/ros2_course_cpp
[5.826s] Invoked command in '/home/gobind/ros2_ws/build/ros2_course_cpp' returned '0': CMAKE_PREFIX_PATH=${CMAKE_PREFIX_PATH}:/home/gobind/ros2_ws/install/ros2_course_python:/opt/ros/humble /usr/bin/cmake /home/gobind/ros2_ws/src/ros2_course_cpp -DAMENT_CMAKE_SYMLINK_INSTALL=1 -DCMAKE_INSTALL_PREFIX=/home/gobind/ros2_ws/install/ros2_course_cpp
[5.826s] Invoking command in '/home/gobind/ros2_ws/build/ros2_course_cpp': CMAKE_PREFIX_PATH=${CMAKE_PREFIX_PATH}:/home/gobind/ros2_ws/install/ros2_course_python:/opt/ros/humble /usr/bin/cmake --build /home/gobind/ros2_ws/build/ros2_course_cpp -- -j16 -l16
[6.002s] [ 50%] [32mBuilding CXX object CMakeFiles/talker.dir/src/talker.cpp.o[0m
[13.958s] [100%] [32m[1mLinking CXX executable talker[0m
[14.144s] [100%] Built target talker
[14.161s] Invoked command in '/home/gobind/ros2_ws/build/ros2_course_cpp' returned '0': CMAKE_PREFIX_PATH=${CMAKE_PREFIX_PATH}:/home/gobind/ros2_ws/install/ros2_course_python:/opt/ros/humble /usr/bin/cmake --build /home/gobind/ros2_ws/build/ros2_course_cpp -- -j16 -l16
[14.163s] Invoking command in '/home/gobind/ros2_ws/build/ros2_course_cpp': CMAKE_PREFIX_PATH=${CMAKE_PREFIX_PATH}:/home/gobind/ros2_ws/install/ros2_course_python:/opt/ros/humble /usr/bin/cmake --install /home/gobind/ros2_ws/build/ros2_course_cpp
[14.170s] -- Install configuration: ""
[14.170s] -- Execute custom install script
[14.171s] -- Symlinking: /home/gobind/ros2_ws/install/ros2_course_cpp/lib/ros2_course_cpp/talker
[14.179s] -- Symlinking: /home/gobind/ros2_ws/install/ros2_course_cpp/share/ament_index/resource_index/package_run_dependencies/ros2_course_cpp
[14.188s] -- Symlinking: /home/gobind/ros2_ws/install/ros2_course_cpp/share/ament_index/resource_index/parent_prefix_path/ros2_course_cpp
[14.196s] -- Symlinking: /home/gobind/ros2_ws/install/ros2_course_cpp/share/ros2_course_cpp/environment/ament_prefix_path.sh
[14.205s] -- Symlinking: /home/gobind/ros2_ws/install/ros2_course_cpp/share/ros2_course_cpp/environment/ament_prefix_path.dsv
[14.215s] -- Symlinking: /home/gobind/ros2_ws/install/ros2_course_cpp/share/ros2_course_cpp/environment/path.sh
[14.225s] -- Symlinking: /home/gobind/ros2_ws/install/ros2_course_cpp/share/ros2_course_cpp/environment/path.dsv
[14.234s] -- Symlinking: /home/gobind/ros2_ws/install/ros2_course_cpp/share/ros2_course_cpp/local_setup.bash
[14.244s] -- Symlinking: /home/gobind/ros2_ws/install/ros2_course_cpp/share/ros2_course_cpp/local_setup.sh
[14.255s] -- Symlinking: /home/gobind/ros2_ws/install/ros2_course_cpp/share/ros2_course_cpp/local_setup.zsh
[14.266s] -- Symlinking: /home/gobind/ros2_ws/install/ros2_course_cpp/share/ros2_course_cpp/local_setup.dsv
[14.276s] -- Symlinking: /home/gobind/ros2_ws/install/ros2_course_cpp/share/ros2_course_cpp/package.dsv
[14.285s] -- Symlinking: /home/gobind/ros2_ws/install/ros2_course_cpp/share/ament_index/resource_index/packages/ros2_course_cpp
[14.295s] -- Symlinking: /home/gobind/ros2_ws/install/ros2_course_cpp/share/ros2_course_cpp/cmake/ros2_course_cppConfig.cmake
[14.303s] -- Symlinking: /home/gobind/ros2_ws/install/ros2_course_cpp/share/ros2_course_cpp/cmake/ros2_course_cppConfig-version.cmake
[14.311s] -- Symlinking: /home/gobind/ros2_ws/install/ros2_course_cpp/share/ros2_course_cpp/package.xml
