[11.075s] Invoking command in '/home/gobind/ros2_ws/build/examples_rclpy_pointcloud_publisher': PYTHONPATH=/home/gobind/ros2_ws/build/examples_rclpy_pointcloud_publisher/prefix_override:/usr/lib/python3/dist-packages/colcon_core/task/python/colcon_distutils_commands:/home/gobind/ros2_ws/install/examples_rclpy_pointcloud_publisher/lib/python3.10/site-packages:${PYTHONPATH} /usr/bin/python3 -W ignore:setup.py install is deprecated -W ignore:easy_install command is deprecated setup.py develop --editable --build-directory /home/gobind/ros2_ws/build/examples_rclpy_pointcloud_publisher/build --no-deps symlink_data
[12.228s] running develop
[13.046s] running egg_info
[13.046s] creating examples_rclpy_pointcloud_publisher.egg-info
[13.046s] writing examples_rclpy_pointcloud_publisher.egg-info/PKG-INFO
[13.058s] writing dependency_links to examples_rclpy_pointcloud_publisher.egg-info/dependency_links.txt
[13.058s] writing entry points to examples_rclpy_pointcloud_publisher.egg-info/entry_points.txt
[13.058s] writing requirements to examples_rclpy_pointcloud_publisher.egg-info/requires.txt
[13.058s] writing top-level names to examples_rclpy_pointcloud_publisher.egg-info/top_level.txt
[13.079s] writing manifest file 'examples_rclpy_pointcloud_publisher.egg-info/SOURCES.txt'
[13.080s] reading manifest file 'examples_rclpy_pointcloud_publisher.egg-info/SOURCES.txt'
[13.081s] writing manifest file 'examples_rclpy_pointcloud_publisher.egg-info/SOURCES.txt'
[13.087s] running build_ext
[13.087s] Creating /home/gobind/ros2_ws/install/examples_rclpy_pointcloud_publisher/lib/python3.10/site-packages/examples-rclpy-pointcloud-publisher.egg-link (link to .)
[13.087s] Installing pointcloud_publisher script to /home/gobind/ros2_ws/install/examples_rclpy_pointcloud_publisher/lib/examples_rclpy_pointcloud_publisher
[13.087s] 
[13.088s] Installed /home/gobind/ros2_ws/build/examples_rclpy_pointcloud_publisher
[13.088s] running symlink_data
[13.088s] creating /home/gobind/ros2_ws/install/examples_rclpy_pointcloud_publisher/share/ament_index
[13.088s] creating /home/gobind/ros2_ws/install/examples_rclpy_pointcloud_publisher/share/ament_index/resource_index
[13.092s] creating /home/gobind/ros2_ws/install/examples_rclpy_pointcloud_publisher/share/ament_index/resource_index/packages
[13.092s] symbolically linking /home/gobind/ros2_ws/build/examples_rclpy_pointcloud_publisher/resource/examples_rclpy_pointcloud_publisher -> /home/gobind/ros2_ws/install/examples_rclpy_pointcloud_publisher/share/ament_index/resource_index/packages
[13.093s] symbolically linking /home/gobind/ros2_ws/build/examples_rclpy_pointcloud_publisher/package.xml -> /home/gobind/ros2_ws/install/examples_rclpy_pointcloud_publisher/share/examples_rclpy_pointcloud_publisher
[13.245s] Invoked command in '/home/gobind/ros2_ws/build/examples_rclpy_pointcloud_publisher' returned '0': PYTHONPATH=/home/gobind/ros2_ws/build/examples_rclpy_pointcloud_publisher/prefix_override:/usr/lib/python3/dist-packages/colcon_core/task/python/colcon_distutils_commands:/home/gobind/ros2_ws/install/examples_rclpy_pointcloud_publisher/lib/python3.10/site-packages:${PYTHONPATH} /usr/bin/python3 -W ignore:setup.py install is deprecated -W ignore:easy_install command is deprecated setup.py develop --editable --build-directory /home/gobind/ros2_ws/build/examples_rclpy_pointcloud_publisher/build --no-deps symlink_data
