[0.080s] DEBUG:colcon:Command line arguments: ['/usr/bin/colcon', 'build', '--symlink-install']
[0.080s] DEBUG:colcon:Parsed command line arguments: Namespace(log_base=None, log_level=None, verb_name='build', build_base='build', install_base='install', merge_install=False, symlink_install=True, test_result_base=None, continue_on_error=False, executor='parallel', parallel_workers=16, event_handlers=None, ignore_user_meta=False, metas=['./colcon.meta'], base_paths=['.'], packages_ignore=None, packages_ignore_regex=None, paths=None, packages_up_to=None, packages_up_to_regex=None, packages_above=None, packages_above_and_dependencies=None, packages_above_depth=None, packages_select_by_dep=None, packages_skip_by_dep=None, packages_skip_up_to=None, packages_select_build_failed=False, packages_skip_build_finished=False, packages_select_test_failures=False, packages_skip_test_passed=False, packages_select=None, packages_skip=None, packages_select_regex=None, packages_skip_regex=None, packages_start=None, packages_end=None, allow_overriding=[], cmake_args=None, cmake_target=None, cmake_target_skip_unavailable=False, cmake_clean_cache=False, cmake_clean_first=False, cmake_force_configure=False, ament_cmake_args=None, catkin_cmake_args=None, catkin_skip_building_tests=False, verb_parser=<colcon_defaults.argument_parser.defaults.DefaultArgumentsDecorator object at 0x7680f1175480>, verb_extension=<colcon_core.verb.build.BuildVerb object at 0x7680f1174f70>, main=<bound method BuildVerb.main of <colcon_core.verb.build.BuildVerb object at 0x7680f1174f70>>)
[0.198s] Level 1:colcon.colcon_core.package_discovery:discover_packages(colcon_meta) check parameters
[0.198s] Level 1:colcon.colcon_core.package_discovery:discover_packages(recursive) check parameters
[0.198s] Level 1:colcon.colcon_core.package_discovery:discover_packages(ignore) check parameters
[0.198s] Level 1:colcon.colcon_core.package_discovery:discover_packages(path) check parameters
[0.198s] Level 1:colcon.colcon_core.package_discovery:discover_packages(colcon_meta) discover
[0.198s] Level 1:colcon.colcon_core.package_discovery:discover_packages(recursive) discover
[0.198s] INFO:colcon.colcon_core.package_discovery:Crawling recursively for packages in '/home/gobind/cs460_ws'
[0.198s] Level 1:colcon.colcon_core.package_identification:_identify(.) by extensions ['ignore', 'ignore_ament_install']
[0.198s] Level 1:colcon.colcon_core.package_identification:_identify(.) by extension 'ignore'
[0.198s] Level 1:colcon.colcon_core.package_identification:_identify(.) by extension 'ignore_ament_install'
[0.199s] Level 1:colcon.colcon_core.package_identification:_identify(.) by extensions ['colcon_pkg']
[0.199s] Level 1:colcon.colcon_core.package_identification:_identify(.) by extension 'colcon_pkg'
[0.199s] Level 1:colcon.colcon_core.package_identification:_identify(.) by extensions ['colcon_meta']
[0.199s] Level 1:colcon.colcon_core.package_identification:_identify(.) by extension 'colcon_meta'
[0.199s] Level 1:colcon.colcon_core.package_identification:_identify(.) by extensions ['ros']
[0.199s] Level 1:colcon.colcon_core.package_identification:_identify(.) by extension 'ros'
[0.206s] Level 1:colcon.colcon_core.package_identification:_identify(.) by extensions ['cmake', 'python']
[0.206s] Level 1:colcon.colcon_core.package_identification:_identify(.) by extension 'cmake'
[0.206s] Level 1:colcon.colcon_core.package_identification:_identify(.) by extension 'python'
[0.206s] Level 1:colcon.colcon_core.package_identification:_identify(.) by extensions ['python_setup_py']
[0.207s] Level 1:colcon.colcon_core.package_identification:_identify(.) by extension 'python_setup_py'
[0.207s] Level 1:colcon.colcon_core.package_identification:_identify(build) by extensions ['ignore', 'ignore_ament_install']
[0.207s] Level 1:colcon.colcon_core.package_identification:_identify(build) by extension 'ignore'
[0.207s] Level 1:colcon.colcon_core.package_identification:_identify(build) ignored
[0.207s] Level 1:colcon.colcon_core.package_identification:_identify(install) by extensions ['ignore', 'ignore_ament_install']
[0.207s] Level 1:colcon.colcon_core.package_identification:_identify(install) by extension 'ignore'
[0.207s] Level 1:colcon.colcon_core.package_identification:_identify(install) ignored
[0.207s] Level 1:colcon.colcon_core.package_identification:_identify(log) by extensions ['ignore', 'ignore_ament_install']
[0.207s] Level 1:colcon.colcon_core.package_identification:_identify(log) by extension 'ignore'
[0.207s] Level 1:colcon.colcon_core.package_identification:_identify(log) ignored
[0.207s] Level 1:colcon.colcon_core.package_identification:_identify(src) by extensions ['ignore', 'ignore_ament_install']
[0.207s] Level 1:colcon.colcon_core.package_identification:_identify(src) by extension 'ignore'
[0.207s] Level 1:colcon.colcon_core.package_identification:_identify(src) by extension 'ignore_ament_install'
[0.207s] Level 1:colcon.colcon_core.package_identification:_identify(src) by extensions ['colcon_pkg']
[0.207s] Level 1:colcon.colcon_core.package_identification:_identify(src) by extension 'colcon_pkg'
[0.207s] Level 1:colcon.colcon_core.package_identification:_identify(src) by extensions ['colcon_meta']
[0.207s] Level 1:colcon.colcon_core.package_identification:_identify(src) by extension 'colcon_meta'
[0.207s] Level 1:colcon.colcon_core.package_identification:_identify(src) by extensions ['ros']
[0.207s] Level 1:colcon.colcon_core.package_identification:_identify(src) by extension 'ros'
[0.207s] Level 1:colcon.colcon_core.package_identification:_identify(src) by extensions ['cmake', 'python']
[0.207s] Level 1:colcon.colcon_core.package_identification:_identify(src) by extension 'cmake'
[0.207s] Level 1:colcon.colcon_core.package_identification:_identify(src) by extension 'python'
[0.207s] Level 1:colcon.colcon_core.package_identification:_identify(src) by extensions ['python_setup_py']
[0.207s] Level 1:colcon.colcon_core.package_identification:_identify(src) by extension 'python_setup_py'
[0.208s] Level 1:colcon.colcon_core.package_identification:_identify(src/ros2_motion_cpp) by extensions ['ignore', 'ignore_ament_install']
[0.208s] Level 1:colcon.colcon_core.package_identification:_identify(src/ros2_motion_cpp) by extension 'ignore'
[0.208s] Level 1:colcon.colcon_core.package_identification:_identify(src/ros2_motion_cpp) by extension 'ignore_ament_install'
[0.208s] Level 1:colcon.colcon_core.package_identification:_identify(src/ros2_motion_cpp) by extensions ['colcon_pkg']
[0.208s] Level 1:colcon.colcon_core.package_identification:_identify(src/ros2_motion_cpp) by extension 'colcon_pkg'
[0.208s] Level 1:colcon.colcon_core.package_identification:_identify(src/ros2_motion_cpp) by extensions ['colcon_meta']
[0.208s] Level 1:colcon.colcon_core.package_identification:_identify(src/ros2_motion_cpp) by extension 'colcon_meta'
[0.208s] Level 1:colcon.colcon_core.package_identification:_identify(src/ros2_motion_cpp) by extensions ['ros']
[0.208s] Level 1:colcon.colcon_core.package_identification:_identify(src/ros2_motion_cpp) by extension 'ros'
[0.209s] DEBUG:colcon.colcon_core.package_identification:Package 'src/ros2_motion_cpp' with type 'ros.ament_cmake' and name 'ros2_motion_cpp'
[0.209s] Level 1:colcon.colcon_core.package_identification:_identify(src/ros2_motion_python) by extensions ['ignore', 'ignore_ament_install']
[0.210s] Level 1:colcon.colcon_core.package_identification:_identify(src/ros2_motion_python) by extension 'ignore'
[0.210s] Level 1:colcon.colcon_core.package_identification:_identify(src/ros2_motion_python) by extension 'ignore_ament_install'
[0.210s] Level 1:colcon.colcon_core.package_identification:_identify(src/ros2_motion_python) by extensions ['colcon_pkg']
[0.210s] Level 1:colcon.colcon_core.package_identification:_identify(src/ros2_motion_python) by extension 'colcon_pkg'
[0.210s] Level 1:colcon.colcon_core.package_identification:_identify(src/ros2_motion_python) by extensions ['colcon_meta']
[0.210s] Level 1:colcon.colcon_core.package_identification:_identify(src/ros2_motion_python) by extension 'colcon_meta'
[0.210s] Level 1:colcon.colcon_core.package_identification:_identify(src/ros2_motion_python) by extensions ['ros']
[0.210s] Level 1:colcon.colcon_core.package_identification:_identify(src/ros2_motion_python) by extension 'ros'
[0.210s] DEBUG:colcon.colcon_core.package_identification:Package 'src/ros2_motion_python' with type 'ros.ament_python' and name 'ros2_motion_python'
[0.210s] Level 1:colcon.colcon_core.package_discovery:discover_packages(recursive) using defaults
[0.210s] Level 1:colcon.colcon_core.package_discovery:discover_packages(ignore) discover
[0.210s] Level 1:colcon.colcon_core.package_discovery:discover_packages(ignore) using defaults
[0.210s] Level 1:colcon.colcon_core.package_discovery:discover_packages(path) discover
[0.210s] Level 1:colcon.colcon_core.package_discovery:discover_packages(path) using defaults
[0.235s] Level 1:colcon.colcon_core.package_discovery:discover_packages(prefix_path) check parameters
[0.235s] Level 1:colcon.colcon_core.package_discovery:discover_packages(prefix_path) discover
[0.238s] DEBUG:colcon.colcon_installed_package_information.package_discovery:Found 2 installed packages in /home/gobind/cs460_ws/install
[0.238s] DEBUG:colcon.colcon_installed_package_information.package_discovery:Found 25 installed packages in /home/gobind/DEV_WS/install
[0.239s] DEBUG:colcon.colcon_installed_package_information.package_discovery:Found 2 installed packages in /home/gobind/ros2_overlay_ws/install
[0.240s] DEBUG:colcon.colcon_installed_package_information.package_discovery:Found 24 installed packages in /home/gobind/ros2_ws/install
[0.242s] DEBUG:colcon.colcon_installed_package_information.package_discovery:Found 295 installed packages in /opt/ros/humble
[0.243s] Level 1:colcon.colcon_core.package_discovery:discover_packages(prefix_path) using defaults
[0.273s] Level 5:colcon.colcon_core.verb:set package 'ros2_motion_cpp' build argument 'cmake_args' from command line to 'None'
[0.273s] Level 5:colcon.colcon_core.verb:set package 'ros2_motion_cpp' build argument 'cmake_target' from command line to 'None'
[0.273s] Level 5:colcon.colcon_core.verb:set package 'ros2_motion_cpp' build argument 'cmake_target_skip_unavailable' from command line to 'False'
[0.273s] Level 5:colcon.colcon_core.verb:set package 'ros2_motion_cpp' build argument 'cmake_clean_cache' from command line to 'False'
[0.273s] Level 5:colcon.colcon_core.verb:set package 'ros2_motion_cpp' build argument 'cmake_clean_first' from command line to 'False'
[0.273s] Level 5:colcon.colcon_core.verb:set package 'ros2_motion_cpp' build argument 'cmake_force_configure' from command line to 'False'
[0.273s] Level 5:colcon.colcon_core.verb:set package 'ros2_motion_cpp' build argument 'ament_cmake_args' from command line to 'None'
[0.273s] Level 5:colcon.colcon_core.verb:set package 'ros2_motion_cpp' build argument 'catkin_cmake_args' from command line to 'None'
[0.273s] Level 5:colcon.colcon_core.verb:set package 'ros2_motion_cpp' build argument 'catkin_skip_building_tests' from command line to 'False'
[0.273s] DEBUG:colcon.colcon_core.verb:Building package 'ros2_motion_cpp' with the following arguments: {'ament_cmake_args': None, 'build_base': '/home/gobind/cs460_ws/build/ros2_motion_cpp', 'catkin_cmake_args': None, 'catkin_skip_building_tests': False, 'cmake_args': None, 'cmake_clean_cache': False, 'cmake_clean_first': False, 'cmake_force_configure': False, 'cmake_target': None, 'cmake_target_skip_unavailable': False, 'install_base': '/home/gobind/cs460_ws/install/ros2_motion_cpp', 'merge_install': False, 'path': '/home/gobind/cs460_ws/src/ros2_motion_cpp', 'symlink_install': True, 'test_result_base': None}
[0.273s] Level 5:colcon.colcon_core.verb:set package 'ros2_motion_python' build argument 'cmake_args' from command line to 'None'
[0.273s] Level 5:colcon.colcon_core.verb:set package 'ros2_motion_python' build argument 'cmake_target' from command line to 'None'
[0.273s] Level 5:colcon.colcon_core.verb:set package 'ros2_motion_python' build argument 'cmake_target_skip_unavailable' from command line to 'False'
[0.273s] Level 5:colcon.colcon_core.verb:set package 'ros2_motion_python' build argument 'cmake_clean_cache' from command line to 'False'
[0.273s] Level 5:colcon.colcon_core.verb:set package 'ros2_motion_python' build argument 'cmake_clean_first' from command line to 'False'
[0.273s] Level 5:colcon.colcon_core.verb:set package 'ros2_motion_python' build argument 'cmake_force_configure' from command line to 'False'
[0.273s] Level 5:colcon.colcon_core.verb:set package 'ros2_motion_python' build argument 'ament_cmake_args' from command line to 'None'
[0.273s] Level 5:colcon.colcon_core.verb:set package 'ros2_motion_python' build argument 'catkin_cmake_args' from command line to 'None'
[0.273s] Level 5:colcon.colcon_core.verb:set package 'ros2_motion_python' build argument 'catkin_skip_building_tests' from command line to 'False'
[0.273s] DEBUG:colcon.colcon_core.verb:Building package 'ros2_motion_python' with the following arguments: {'ament_cmake_args': None, 'build_base': '/home/gobind/cs460_ws/build/ros2_motion_python', 'catkin_cmake_args': None, 'catkin_skip_building_tests': False, 'cmake_args': None, 'cmake_clean_cache': False, 'cmake_clean_first': False, 'cmake_force_configure': False, 'cmake_target': None, 'cmake_target_skip_unavailable': False, 'install_base': '/home/gobind/cs460_ws/install/ros2_motion_python', 'merge_install': False, 'path': '/home/gobind/cs460_ws/src/ros2_motion_python', 'symlink_install': True, 'test_result_base': None}
[0.273s] INFO:colcon.colcon_core.executor:Executing jobs using 'parallel' executor
[0.274s] DEBUG:colcon.colcon_parallel_executor.executor.parallel:run_until_complete
[0.274s] INFO:colcon.colcon_ros.task.ament_cmake.build:Building ROS package in '/home/gobind/cs460_ws/src/ros2_motion_cpp' with build type 'ament_cmake'
[0.275s] INFO:colcon.colcon_cmake.task.cmake.build:Building CMake package in '/home/gobind/cs460_ws/src/ros2_motion_cpp'
[0.276s] INFO:colcon.colcon_core.plugin_system:Skipping extension 'colcon_core.shell.bat': Not used on non-Windows systems
[0.277s] INFO:colcon.colcon_core.shell:Skip shell extension 'powershell' for command environment: Not usable outside of PowerShell
[0.277s] DEBUG:colcon.colcon_core.shell:Skip shell extension 'dsv' for command environment
[0.282s] INFO:colcon.colcon_ros.task.ament_python.build:Building ROS package in '/home/gobind/cs460_ws/src/ros2_motion_python' with build type 'ament_python'
[0.282s] Level 1:colcon.colcon_core.shell:create_environment_hook('ros2_motion_python', 'ament_prefix_path')
[0.282s] INFO:colcon.colcon_core.shell:Creating environment hook '/home/gobind/cs460_ws/install/ros2_motion_python/share/ros2_motion_python/hook/ament_prefix_path.ps1'
[0.283s] INFO:colcon.colcon_core.shell:Creating environment descriptor '/home/gobind/cs460_ws/install/ros2_motion_python/share/ros2_motion_python/hook/ament_prefix_path.dsv'
[0.283s] INFO:colcon.colcon_core.shell:Creating environment hook '/home/gobind/cs460_ws/install/ros2_motion_python/share/ros2_motion_python/hook/ament_prefix_path.sh'
[0.284s] INFO:colcon.colcon_core.shell:Skip shell extension 'powershell' for command environment: Not usable outside of PowerShell
[0.284s] DEBUG:colcon.colcon_core.shell:Skip shell extension 'dsv' for command environment
[0.291s] DEBUG:colcon.colcon_core.event_handler.log_command:Invoking command in '/home/gobind/cs460_ws/build/ros2_motion_cpp': CMAKE_PREFIX_PATH=${CMAKE_PREFIX_PATH}:/home/gobind/cs460_ws/install/ros2_motion_python:/home/gobind/DEV_WS/install/ros2_essential_python:/home/gobind/DEV_WS/install/ros2_course_python:/home/gobind/DEV_WS/install/launch_testing_examples:/home/gobind/DEV_WS/install/examples_rclpy_pointcloud_publisher:/home/gobind/DEV_WS/install/examples_rclpy_minimal_subscriber:/home/gobind/DEV_WS/install/examples_rclpy_minimal_service:/home/gobind/DEV_WS/install/examples_rclpy_minimal_publisher:/home/gobind/DEV_WS/install/examples_rclpy_minimal_client:/home/gobind/DEV_WS/install/examples_rclpy_minimal_action_server:/home/gobind/DEV_WS/install/examples_rclpy_minimal_action_client:/home/gobind/DEV_WS/install/examples_rclpy_guard_conditions:/home/gobind/DEV_WS/install/examples_rclpy_executors:/home/gobind/ros2_overlay_ws/install/my_package_py:/home/gobind/ros2_ws/install/ros2_course_python:/home/gobind/ros2_ws/install/launch_testing_examples:/home/gobind/ros2_ws/install/examples_rclpy_pointcloud_publisher:/home/gobind/ros2_ws/install/examples_rclpy_minimal_subscriber:/home/gobind/ros2_ws/install/examples_rclpy_minimal_service:/home/gobind/ros2_ws/install/examples_rclpy_minimal_publisher:/home/gobind/ros2_ws/install/examples_rclpy_minimal_client:/home/gobind/ros2_ws/install/examples_rclpy_minimal_action_server:/home/gobind/ros2_ws/install/examples_rclpy_minimal_action_client:/home/gobind/ros2_ws/install/examples_rclpy_guard_conditions:/home/gobind/ros2_ws/install/examples_rclpy_executors:/opt/ros/humble /usr/bin/cmake /home/gobind/cs460_ws/src/ros2_motion_cpp -DAMENT_CMAKE_SYMLINK_INSTALL=1 -DCMAKE_INSTALL_PREFIX=/home/gobind/cs460_ws/install/ros2_motion_cpp
[0.497s] INFO:colcon.colcon_core.task.python.build:Building Python package in '/home/gobind/cs460_ws/src/ros2_motion_python'
[0.497s] INFO:colcon.colcon_core.shell:Skip shell extension 'powershell' for command environment: Not usable outside of PowerShell
[0.497s] DEBUG:colcon.colcon_core.shell:Skip shell extension 'dsv' for command environment
[0.727s] DEBUG:colcon.colcon_core.event_handler.log_command:Invoked command in '/home/gobind/cs460_ws/build/ros2_motion_cpp' returned '0': CMAKE_PREFIX_PATH=${CMAKE_PREFIX_PATH}:/home/gobind/cs460_ws/install/ros2_motion_python:/home/gobind/DEV_WS/install/ros2_essential_python:/home/gobind/DEV_WS/install/ros2_course_python:/home/gobind/DEV_WS/install/launch_testing_examples:/home/gobind/DEV_WS/install/examples_rclpy_pointcloud_publisher:/home/gobind/DEV_WS/install/examples_rclpy_minimal_subscriber:/home/gobind/DEV_WS/install/examples_rclpy_minimal_service:/home/gobind/DEV_WS/install/examples_rclpy_minimal_publisher:/home/gobind/DEV_WS/install/examples_rclpy_minimal_client:/home/gobind/DEV_WS/install/examples_rclpy_minimal_action_server:/home/gobind/DEV_WS/install/examples_rclpy_minimal_action_client:/home/gobind/DEV_WS/install/examples_rclpy_guard_conditions:/home/gobind/DEV_WS/install/examples_rclpy_executors:/home/gobind/ros2_overlay_ws/install/my_package_py:/home/gobind/ros2_ws/install/ros2_course_python:/home/gobind/ros2_ws/install/launch_testing_examples:/home/gobind/ros2_ws/install/examples_rclpy_pointcloud_publisher:/home/gobind/ros2_ws/install/examples_rclpy_minimal_subscriber:/home/gobind/ros2_ws/install/examples_rclpy_minimal_service:/home/gobind/ros2_ws/install/examples_rclpy_minimal_publisher:/home/gobind/ros2_ws/install/examples_rclpy_minimal_client:/home/gobind/ros2_ws/install/examples_rclpy_minimal_action_server:/home/gobind/ros2_ws/install/examples_rclpy_minimal_action_client:/home/gobind/ros2_ws/install/examples_rclpy_guard_conditions:/home/gobind/ros2_ws/install/examples_rclpy_executors:/opt/ros/humble /usr/bin/cmake /home/gobind/cs460_ws/src/ros2_motion_cpp -DAMENT_CMAKE_SYMLINK_INSTALL=1 -DCMAKE_INSTALL_PREFIX=/home/gobind/cs460_ws/install/ros2_motion_cpp
[0.730s] DEBUG:colcon.colcon_core.event_handler.log_command:Invoking command in '/home/gobind/cs460_ws/build/ros2_motion_cpp': CMAKE_PREFIX_PATH=${CMAKE_PREFIX_PATH}:/home/gobind/cs460_ws/install/ros2_motion_python:/home/gobind/DEV_WS/install/ros2_essential_python:/home/gobind/DEV_WS/install/ros2_course_python:/home/gobind/DEV_WS/install/launch_testing_examples:/home/gobind/DEV_WS/install/examples_rclpy_pointcloud_publisher:/home/gobind/DEV_WS/install/examples_rclpy_minimal_subscriber:/home/gobind/DEV_WS/install/examples_rclpy_minimal_service:/home/gobind/DEV_WS/install/examples_rclpy_minimal_publisher:/home/gobind/DEV_WS/install/examples_rclpy_minimal_client:/home/gobind/DEV_WS/install/examples_rclpy_minimal_action_server:/home/gobind/DEV_WS/install/examples_rclpy_minimal_action_client:/home/gobind/DEV_WS/install/examples_rclpy_guard_conditions:/home/gobind/DEV_WS/install/examples_rclpy_executors:/home/gobind/ros2_overlay_ws/install/my_package_py:/home/gobind/ros2_ws/install/ros2_course_python:/home/gobind/ros2_ws/install/launch_testing_examples:/home/gobind/ros2_ws/install/examples_rclpy_pointcloud_publisher:/home/gobind/ros2_ws/install/examples_rclpy_minimal_subscriber:/home/gobind/ros2_ws/install/examples_rclpy_minimal_service:/home/gobind/ros2_ws/install/examples_rclpy_minimal_publisher:/home/gobind/ros2_ws/install/examples_rclpy_minimal_client:/home/gobind/ros2_ws/install/examples_rclpy_minimal_action_server:/home/gobind/ros2_ws/install/examples_rclpy_minimal_action_client:/home/gobind/ros2_ws/install/examples_rclpy_guard_conditions:/home/gobind/ros2_ws/install/examples_rclpy_executors:/opt/ros/humble /usr/bin/cmake --build /home/gobind/cs460_ws/build/ros2_motion_cpp -- -j16 -l16
[0.766s] DEBUG:colcon.colcon_core.task.python.build:While undoing a previous installation files outside the Python library path are being ignored: /home/gobind/cs460_ws/install/ros2_motion_python/share/ament_index/resource_index/packages/ros2_motion_python
[0.767s] DEBUG:colcon.colcon_core.task.python.build:While undoing a previous installation files outside the Python library path are being ignored: /home/gobind/cs460_ws/install/ros2_motion_python/share/ros2_motion_python/package.xml
[0.767s] DEBUG:colcon.colcon_core.task.python.build:While undoing a previous installation files outside the Python library path are being ignored: /home/gobind/cs460_ws/install/ros2_motion_python/lib/ros2_motion_python/mover
[0.769s] DEBUG:colcon.colcon_core.event_handler.log_command:Invoking command in '/home/gobind/cs460_ws/build/ros2_motion_python': PYTHONPATH=/home/gobind/cs460_ws/build/ros2_motion_python/prefix_override:/usr/lib/python3/dist-packages/colcon_core/task/python/colcon_distutils_commands:/home/gobind/cs460_ws/install/ros2_motion_python/lib/python3.10/site-packages:${PYTHONPATH} /usr/bin/python3 -W ignore:setup.py install is deprecated -W ignore:easy_install command is deprecated setup.py develop --editable --build-directory /home/gobind/cs460_ws/build/ros2_motion_python/build --no-deps symlink_data --force
[0.771s] DEBUG:colcon.colcon_core.event_handler.log_command:Invoked command in '/home/gobind/cs460_ws/build/ros2_motion_cpp' returned '0': CMAKE_PREFIX_PATH=${CMAKE_PREFIX_PATH}:/home/gobind/cs460_ws/install/ros2_motion_python:/home/gobind/DEV_WS/install/ros2_essential_python:/home/gobind/DEV_WS/install/ros2_course_python:/home/gobind/DEV_WS/install/launch_testing_examples:/home/gobind/DEV_WS/install/examples_rclpy_pointcloud_publisher:/home/gobind/DEV_WS/install/examples_rclpy_minimal_subscriber:/home/gobind/DEV_WS/install/examples_rclpy_minimal_service:/home/gobind/DEV_WS/install/examples_rclpy_minimal_publisher:/home/gobind/DEV_WS/install/examples_rclpy_minimal_client:/home/gobind/DEV_WS/install/examples_rclpy_minimal_action_server:/home/gobind/DEV_WS/install/examples_rclpy_minimal_action_client:/home/gobind/DEV_WS/install/examples_rclpy_guard_conditions:/home/gobind/DEV_WS/install/examples_rclpy_executors:/home/gobind/ros2_overlay_ws/install/my_package_py:/home/gobind/ros2_ws/install/ros2_course_python:/home/gobind/ros2_ws/install/launch_testing_examples:/home/gobind/ros2_ws/install/examples_rclpy_pointcloud_publisher:/home/gobind/ros2_ws/install/examples_rclpy_minimal_subscriber:/home/gobind/ros2_ws/install/examples_rclpy_minimal_service:/home/gobind/ros2_ws/install/examples_rclpy_minimal_publisher:/home/gobind/ros2_ws/install/examples_rclpy_minimal_client:/home/gobind/ros2_ws/install/examples_rclpy_minimal_action_server:/home/gobind/ros2_ws/install/examples_rclpy_minimal_action_client:/home/gobind/ros2_ws/install/examples_rclpy_guard_conditions:/home/gobind/ros2_ws/install/examples_rclpy_executors:/opt/ros/humble /usr/bin/cmake --build /home/gobind/cs460_ws/build/ros2_motion_cpp -- -j16 -l16
[0.782s] DEBUG:colcon.colcon_core.event_handler.log_command:Invoking command in '/home/gobind/cs460_ws/build/ros2_motion_cpp': CMAKE_PREFIX_PATH=${CMAKE_PREFIX_PATH}:/home/gobind/cs460_ws/install/ros2_motion_python:/home/gobind/DEV_WS/install/ros2_essential_python:/home/gobind/DEV_WS/install/ros2_course_python:/home/gobind/DEV_WS/install/launch_testing_examples:/home/gobind/DEV_WS/install/examples_rclpy_pointcloud_publisher:/home/gobind/DEV_WS/install/examples_rclpy_minimal_subscriber:/home/gobind/DEV_WS/install/examples_rclpy_minimal_service:/home/gobind/DEV_WS/install/examples_rclpy_minimal_publisher:/home/gobind/DEV_WS/install/examples_rclpy_minimal_client:/home/gobind/DEV_WS/install/examples_rclpy_minimal_action_server:/home/gobind/DEV_WS/install/examples_rclpy_minimal_action_client:/home/gobind/DEV_WS/install/examples_rclpy_guard_conditions:/home/gobind/DEV_WS/install/examples_rclpy_executors:/home/gobind/ros2_overlay_ws/install/my_package_py:/home/gobind/ros2_ws/install/ros2_course_python:/home/gobind/ros2_ws/install/launch_testing_examples:/home/gobind/ros2_ws/install/examples_rclpy_pointcloud_publisher:/home/gobind/ros2_ws/install/examples_rclpy_minimal_subscriber:/home/gobind/ros2_ws/install/examples_rclpy_minimal_service:/home/gobind/ros2_ws/install/examples_rclpy_minimal_publisher:/home/gobind/ros2_ws/install/examples_rclpy_minimal_client:/home/gobind/ros2_ws/install/examples_rclpy_minimal_action_server:/home/gobind/ros2_ws/install/examples_rclpy_minimal_action_client:/home/gobind/ros2_ws/install/examples_rclpy_guard_conditions:/home/gobind/ros2_ws/install/examples_rclpy_executors:/opt/ros/humble /usr/bin/cmake --install /home/gobind/cs460_ws/build/ros2_motion_cpp
[0.801s] Level 1:colcon.colcon_core.environment:create_environment_scripts_only(ros2_motion_cpp)
[0.802s] DEBUG:colcon.colcon_core.event_handler.log_command:Invoked command in '/home/gobind/cs460_ws/build/ros2_motion_cpp' returned '0': CMAKE_PREFIX_PATH=${CMAKE_PREFIX_PATH}:/home/gobind/cs460_ws/install/ros2_motion_python:/home/gobind/DEV_WS/install/ros2_essential_python:/home/gobind/DEV_WS/install/ros2_course_python:/home/gobind/DEV_WS/install/launch_testing_examples:/home/gobind/DEV_WS/install/examples_rclpy_pointcloud_publisher:/home/gobind/DEV_WS/install/examples_rclpy_minimal_subscriber:/home/gobind/DEV_WS/install/examples_rclpy_minimal_service:/home/gobind/DEV_WS/install/examples_rclpy_minimal_publisher:/home/gobind/DEV_WS/install/examples_rclpy_minimal_client:/home/gobind/DEV_WS/install/examples_rclpy_minimal_action_server:/home/gobind/DEV_WS/install/examples_rclpy_minimal_action_client:/home/gobind/DEV_WS/install/examples_rclpy_guard_conditions:/home/gobind/DEV_WS/install/examples_rclpy_executors:/home/gobind/ros2_overlay_ws/install/my_package_py:/home/gobind/ros2_ws/install/ros2_course_python:/home/gobind/ros2_ws/install/launch_testing_examples:/home/gobind/ros2_ws/install/examples_rclpy_pointcloud_publisher:/home/gobind/ros2_ws/install/examples_rclpy_minimal_subscriber:/home/gobind/ros2_ws/install/examples_rclpy_minimal_service:/home/gobind/ros2_ws/install/examples_rclpy_minimal_publisher:/home/gobind/ros2_ws/install/examples_rclpy_minimal_client:/home/gobind/ros2_ws/install/examples_rclpy_minimal_action_server:/home/gobind/ros2_ws/install/examples_rclpy_minimal_action_client:/home/gobind/ros2_ws/install/examples_rclpy_guard_conditions:/home/gobind/ros2_ws/install/examples_rclpy_executors:/opt/ros/humble /usr/bin/cmake --install /home/gobind/cs460_ws/build/ros2_motion_cpp
[0.804s] Level 1:colcon.colcon_core.environment:checking '/home/gobind/cs460_ws/install/ros2_motion_cpp' for CMake module files
[0.804s] Level 1:colcon.colcon_core.environment:checking '/home/gobind/cs460_ws/install/ros2_motion_cpp' for CMake config files
[0.804s] Level 1:colcon.colcon_core.shell:create_environment_hook('ros2_motion_cpp', 'cmake_prefix_path')
[0.804s] INFO:colcon.colcon_core.shell:Creating environment hook '/home/gobind/cs460_ws/install/ros2_motion_cpp/share/ros2_motion_cpp/hook/cmake_prefix_path.ps1'
[0.805s] INFO:colcon.colcon_core.shell:Creating environment descriptor '/home/gobind/cs460_ws/install/ros2_motion_cpp/share/ros2_motion_cpp/hook/cmake_prefix_path.dsv'
[0.805s] INFO:colcon.colcon_core.shell:Creating environment hook '/home/gobind/cs460_ws/install/ros2_motion_cpp/share/ros2_motion_cpp/hook/cmake_prefix_path.sh'
[0.805s] Level 1:colcon.colcon_core.environment:checking '/home/gobind/cs460_ws/install/ros2_motion_cpp/bin'
[0.805s] Level 1:colcon.colcon_core.environment:checking '/home/gobind/cs460_ws/install/ros2_motion_cpp/lib/pkgconfig/ros2_motion_cpp.pc'
[0.806s] Level 1:colcon.colcon_core.environment:checking '/home/gobind/cs460_ws/install/ros2_motion_cpp/lib/python3.10/site-packages'
[0.806s] Level 1:colcon.colcon_core.environment:checking '/home/gobind/cs460_ws/install/ros2_motion_cpp/bin'
[0.806s] INFO:colcon.colcon_core.shell:Creating package script '/home/gobind/cs460_ws/install/ros2_motion_cpp/share/ros2_motion_cpp/package.ps1'
[0.806s] INFO:colcon.colcon_core.shell:Creating package descriptor '/home/gobind/cs460_ws/install/ros2_motion_cpp/share/ros2_motion_cpp/package.dsv'
[0.807s] INFO:colcon.colcon_core.shell:Creating package script '/home/gobind/cs460_ws/install/ros2_motion_cpp/share/ros2_motion_cpp/package.sh'
[0.807s] INFO:colcon.colcon_core.shell:Creating package script '/home/gobind/cs460_ws/install/ros2_motion_cpp/share/ros2_motion_cpp/package.bash'
[0.808s] INFO:colcon.colcon_core.shell:Creating package script '/home/gobind/cs460_ws/install/ros2_motion_cpp/share/ros2_motion_cpp/package.zsh'
[0.808s] Level 1:colcon.colcon_core.environment:create_file_with_runtime_dependencies(/home/gobind/cs460_ws/install/ros2_motion_cpp/share/colcon-core/packages/ros2_motion_cpp)
[0.808s] Level 1:colcon.colcon_core.environment:create_environment_scripts_only(ros2_motion_cpp)
[0.809s] Level 1:colcon.colcon_core.environment:checking '/home/gobind/cs460_ws/install/ros2_motion_cpp' for CMake module files
[0.809s] Level 1:colcon.colcon_core.environment:checking '/home/gobind/cs460_ws/install/ros2_motion_cpp' for CMake config files
[0.809s] Level 1:colcon.colcon_core.shell:create_environment_hook('ros2_motion_cpp', 'cmake_prefix_path')
[0.809s] INFO:colcon.colcon_core.shell:Creating environment hook '/home/gobind/cs460_ws/install/ros2_motion_cpp/share/ros2_motion_cpp/hook/cmake_prefix_path.ps1'
[0.809s] INFO:colcon.colcon_core.shell:Creating environment descriptor '/home/gobind/cs460_ws/install/ros2_motion_cpp/share/ros2_motion_cpp/hook/cmake_prefix_path.dsv'
[0.810s] INFO:colcon.colcon_core.shell:Creating environment hook '/home/gobind/cs460_ws/install/ros2_motion_cpp/share/ros2_motion_cpp/hook/cmake_prefix_path.sh'
[0.810s] Level 1:colcon.colcon_core.environment:checking '/home/gobind/cs460_ws/install/ros2_motion_cpp/bin'
[0.810s] Level 1:colcon.colcon_core.environment:checking '/home/gobind/cs460_ws/install/ros2_motion_cpp/lib/pkgconfig/ros2_motion_cpp.pc'
[0.810s] Level 1:colcon.colcon_core.environment:checking '/home/gobind/cs460_ws/install/ros2_motion_cpp/lib/python3.10/site-packages'
[0.810s] Level 1:colcon.colcon_core.environment:checking '/home/gobind/cs460_ws/install/ros2_motion_cpp/bin'
[0.810s] INFO:colcon.colcon_core.shell:Creating package script '/home/gobind/cs460_ws/install/ros2_motion_cpp/share/ros2_motion_cpp/package.ps1'
[0.811s] INFO:colcon.colcon_core.shell:Creating package descriptor '/home/gobind/cs460_ws/install/ros2_motion_cpp/share/ros2_motion_cpp/package.dsv'
[0.811s] INFO:colcon.colcon_core.shell:Creating package script '/home/gobind/cs460_ws/install/ros2_motion_cpp/share/ros2_motion_cpp/package.sh'
[0.811s] INFO:colcon.colcon_core.shell:Creating package script '/home/gobind/cs460_ws/install/ros2_motion_cpp/share/ros2_motion_cpp/package.bash'
[0.812s] INFO:colcon.colcon_core.shell:Creating package script '/home/gobind/cs460_ws/install/ros2_motion_cpp/share/ros2_motion_cpp/package.zsh'
[0.812s] Level 1:colcon.colcon_core.environment:create_file_with_runtime_dependencies(/home/gobind/cs460_ws/install/ros2_motion_cpp/share/colcon-core/packages/ros2_motion_cpp)
[1.120s] Level 1:colcon.colcon_core.shell:create_environment_hook('ros2_motion_python', 'pythonpath_develop')
[1.120s] INFO:colcon.colcon_core.shell:Creating environment hook '/home/gobind/cs460_ws/build/ros2_motion_python/share/ros2_motion_python/hook/pythonpath_develop.ps1'
[1.121s] DEBUG:colcon.colcon_core.event_handler.log_command:Invoked command in '/home/gobind/cs460_ws/build/ros2_motion_python' returned '0': PYTHONPATH=/home/gobind/cs460_ws/build/ros2_motion_python/prefix_override:/usr/lib/python3/dist-packages/colcon_core/task/python/colcon_distutils_commands:/home/gobind/cs460_ws/install/ros2_motion_python/lib/python3.10/site-packages:${PYTHONPATH} /usr/bin/python3 -W ignore:setup.py install is deprecated -W ignore:easy_install command is deprecated setup.py develop --editable --build-directory /home/gobind/cs460_ws/build/ros2_motion_python/build --no-deps symlink_data --force
[1.121s] INFO:colcon.colcon_core.shell:Creating environment descriptor '/home/gobind/cs460_ws/build/ros2_motion_python/share/ros2_motion_python/hook/pythonpath_develop.dsv'
[1.121s] INFO:colcon.colcon_core.shell:Creating environment hook '/home/gobind/cs460_ws/build/ros2_motion_python/share/ros2_motion_python/hook/pythonpath_develop.sh'
[1.122s] Level 1:colcon.colcon_core.environment:checking '/home/gobind/cs460_ws/install/ros2_motion_python' for CMake module files
[1.122s] Level 1:colcon.colcon_core.environment:checking '/home/gobind/cs460_ws/install/ros2_motion_python' for CMake config files
[1.122s] Level 1:colcon.colcon_core.environment:checking '/home/gobind/cs460_ws/install/ros2_motion_python/lib'
[1.123s] Level 1:colcon.colcon_core.environment:checking '/home/gobind/cs460_ws/install/ros2_motion_python/bin'
[1.123s] Level 1:colcon.colcon_core.environment:checking '/home/gobind/cs460_ws/install/ros2_motion_python/lib/pkgconfig/ros2_motion_python.pc'
[1.123s] Level 1:colcon.colcon_core.environment:checking '/home/gobind/cs460_ws/install/ros2_motion_python/lib/python3.10/site-packages'
[1.123s] Level 1:colcon.colcon_core.shell:create_environment_hook('ros2_motion_python', 'pythonpath')
[1.123s] INFO:colcon.colcon_core.shell:Creating environment hook '/home/gobind/cs460_ws/install/ros2_motion_python/share/ros2_motion_python/hook/pythonpath.ps1'
[1.123s] INFO:colcon.colcon_core.shell:Creating environment descriptor '/home/gobind/cs460_ws/install/ros2_motion_python/share/ros2_motion_python/hook/pythonpath.dsv'
[1.123s] INFO:colcon.colcon_core.shell:Creating environment hook '/home/gobind/cs460_ws/install/ros2_motion_python/share/ros2_motion_python/hook/pythonpath.sh'
[1.124s] Level 1:colcon.colcon_core.environment:checking '/home/gobind/cs460_ws/install/ros2_motion_python/bin'
[1.124s] Level 1:colcon.colcon_core.environment:create_environment_scripts_only(ros2_motion_python)
[1.124s] INFO:colcon.colcon_core.shell:Creating package script '/home/gobind/cs460_ws/install/ros2_motion_python/share/ros2_motion_python/package.ps1'
[1.124s] INFO:colcon.colcon_core.shell:Creating package descriptor '/home/gobind/cs460_ws/install/ros2_motion_python/share/ros2_motion_python/package.dsv'
[1.125s] INFO:colcon.colcon_core.shell:Creating package script '/home/gobind/cs460_ws/install/ros2_motion_python/share/ros2_motion_python/package.sh'
[1.125s] INFO:colcon.colcon_core.shell:Creating package script '/home/gobind/cs460_ws/install/ros2_motion_python/share/ros2_motion_python/package.bash'
[1.125s] INFO:colcon.colcon_core.shell:Creating package script '/home/gobind/cs460_ws/install/ros2_motion_python/share/ros2_motion_python/package.zsh'
[1.125s] Level 1:colcon.colcon_core.environment:create_file_with_runtime_dependencies(/home/gobind/cs460_ws/install/ros2_motion_python/share/colcon-core/packages/ros2_motion_python)
[1.126s] DEBUG:colcon.colcon_parallel_executor.executor.parallel:closing loop
[1.126s] DEBUG:colcon.colcon_parallel_executor.executor.parallel:loop closed
[1.126s] DEBUG:colcon.colcon_parallel_executor.executor.parallel:run_until_complete finished with '0'
[1.126s] DEBUG:colcon.colcon_core.event_reactor:joining thread
[1.131s] INFO:colcon.colcon_core.plugin_system:Skipping extension 'colcon_notification.desktop_notification.terminal_notifier': Not used on non-Darwin systems
[1.131s] INFO:colcon.colcon_core.plugin_system:Skipping extension 'colcon_notification.desktop_notification.win32': Not used on non-Windows systems
[1.131s] INFO:colcon.colcon_notification.desktop_notification:Sending desktop notification using 'notify2'
[1.139s] DEBUG:colcon.colcon_core.event_reactor:joined thread
[1.140s] INFO:colcon.colcon_core.shell:Creating prefix script '/home/gobind/cs460_ws/install/local_setup.ps1'
[1.140s] INFO:colcon.colcon_core.shell:Creating prefix util module '/home/gobind/cs460_ws/install/_local_setup_util_ps1.py'
[1.141s] INFO:colcon.colcon_core.shell:Creating prefix chain script '/home/gobind/cs460_ws/install/setup.ps1'
[1.143s] INFO:colcon.colcon_core.shell:Creating prefix script '/home/gobind/cs460_ws/install/local_setup.sh'
[1.144s] INFO:colcon.colcon_core.shell:Creating prefix util module '/home/gobind/cs460_ws/install/_local_setup_util_sh.py'
[1.144s] INFO:colcon.colcon_core.shell:Creating prefix chain script '/home/gobind/cs460_ws/install/setup.sh'
[1.146s] INFO:colcon.colcon_core.shell:Creating prefix script '/home/gobind/cs460_ws/install/local_setup.bash'
[1.146s] INFO:colcon.colcon_core.shell:Creating prefix chain script '/home/gobind/cs460_ws/install/setup.bash'
[1.148s] INFO:colcon.colcon_core.shell:Creating prefix script '/home/gobind/cs460_ws/install/local_setup.zsh'
[1.149s] INFO:colcon.colcon_core.shell:Creating prefix chain script '/home/gobind/cs460_ws/install/setup.zsh'
