[2.637s] Invoking command in '/home/gobind/ros2_ws/build/examples_rclpy_executors': PYTHONPATH=/home/gobind/ros2_ws/build/examples_rclpy_executors/prefix_override:/usr/lib/python3/dist-packages/colcon_core/task/python/colcon_distutils_commands:/home/gobind/ros2_ws/install/examples_rclpy_executors/lib/python3.10/site-packages:${PYTHONPATH} /usr/bin/python3 -W ignore:setup.py install is deprecated -W ignore:easy_install command is deprecated setup.py develop --editable --build-directory /home/gobind/ros2_ws/build/examples_rclpy_executors/build --no-deps symlink_data
[2.981s] running develop
[3.170s] running egg_info
[3.171s] writing examples_rclpy_executors.egg-info/PKG-INFO
[3.171s] writing dependency_links to examples_rclpy_executors.egg-info/dependency_links.txt
[3.171s] writing entry points to examples_rclpy_executors.egg-info/entry_points.txt
[3.171s] writing requirements to examples_rclpy_executors.egg-info/requires.txt
[3.171s] writing top-level names to examples_rclpy_executors.egg-info/top_level.txt
[3.174s] reading manifest file 'examples_rclpy_executors.egg-info/SOURCES.txt'
[3.180s] writing manifest file 'examples_rclpy_executors.egg-info/SOURCES.txt'
[3.181s] running build_ext
[3.181s] Creating /home/gobind/ros2_ws/install/examples_rclpy_executors/lib/python3.10/site-packages/examples-rclpy-executors.egg-link (link to .)
[3.181s] Installing callback_group script to /home/gobind/ros2_ws/install/examples_rclpy_executors/lib/examples_rclpy_executors
[3.181s] Installing composed script to /home/gobind/ros2_ws/install/examples_rclpy_executors/lib/examples_rclpy_executors
[3.181s] Installing custom_callback_group script to /home/gobind/ros2_ws/install/examples_rclpy_executors/lib/examples_rclpy_executors
[3.181s] Installing custom_executor script to /home/gobind/ros2_ws/install/examples_rclpy_executors/lib/examples_rclpy_executors
[3.181s] Installing listener script to /home/gobind/ros2_ws/install/examples_rclpy_executors/lib/examples_rclpy_executors
[3.181s] Installing talker script to /home/gobind/ros2_ws/install/examples_rclpy_executors/lib/examples_rclpy_executors
[3.181s] 
[3.181s] Installed /home/gobind/ros2_ws/build/examples_rclpy_executors
[3.181s] running symlink_data
[3.238s] Invoked command in '/home/gobind/ros2_ws/build/examples_rclpy_executors' returned '0': PYTHONPATH=/home/gobind/ros2_ws/build/examples_rclpy_executors/prefix_override:/usr/lib/python3/dist-packages/colcon_core/task/python/colcon_distutils_commands:/home/gobind/ros2_ws/install/examples_rclpy_executors/lib/python3.10/site-packages:${PYTHONPATH} /usr/bin/python3 -W ignore:setup.py install is deprecated -W ignore:easy_install command is deprecated setup.py develop --editable --build-directory /home/gobind/ros2_ws/build/examples_rclpy_executors/build --no-deps symlink_data
