[0.065s] Invoking command in '/home/gobind/ros2_ws/build/examples_rclcpp_async_client': CMAKE_PREFIX_PATH=${CMAKE_PREFIX_PATH}:/home/gobind/ros2_ws/install/ros2_course_python:/opt/ros/humble /usr/bin/cmake /home/gobind/ros2_ws/src/examples/rclcpp/services/async_client -DAMENT_CMAKE_SYMLINK_INSTALL=1 -DCMAKE_INSTALL_PREFIX=/home/gobind/ros2_ws/install/examples_rclcpp_async_client
[1.088s] -- The C compiler identification is GNU 11.4.0
[1.089s] -- The CXX compiler identification is GNU 11.4.0
[1.089s] -- Detecting C compiler ABI info
[1.090s] -- Detecting C compiler ABI info - done
[1.090s] -- Check for working C compiler: /usr/bin/cc - skipped
[1.090s] -- Detecting C compile features
[1.090s] -- Detecting C compile features - done
[1.090s] -- Detecting CXX compiler ABI info
[1.090s] -- Detecting CXX compiler ABI info - done
[1.090s] -- Check for working CXX compiler: /usr/bin/c++ - skipped
[1.090s] -- Detecting CXX compile features
[1.090s] -- Detecting CXX compile features - done
[1.090s] -- Found ament_cmake: 1.3.12 (/opt/ros/humble/share/ament_cmake/cmake)
[1.091s] -- Found Python3: /usr/bin/python3 (found version "3.10.12") found components: Interpreter 
[1.091s] -- Override CMake install command with custom implementation using symlinks instead of copying resources
[1.091s] -- Found example_interfaces: 0.9.3 (/opt/ros/humble/share/example_interfaces/cmake)
[1.091s] -- Found rosidl_generator_c: 3.1.7 (/opt/ros/humble/share/rosidl_generator_c/cmake)
[1.091s] -- Found rosidl_adapter: 3.1.7 (/opt/ros/humble/share/rosidl_adapter/cmake)
[1.091s] -- Found rosidl_generator_cpp: 3.1.7 (/opt/ros/humble/share/rosidl_generator_cpp/cmake)
[1.091s] -- Using all available rosidl_typesupport_c: rosidl_typesupport_fastrtps_c;rosidl_typesupport_introspection_c
[1.091s] -- Using all available rosidl_typesupport_cpp: rosidl_typesupport_fastrtps_cpp;rosidl_typesupport_introspection_cpp
[1.091s] -- Found rclcpp: 16.0.14 (/opt/ros/humble/share/rclcpp/cmake)
[1.091s] -- Found rmw_implementation_cmake: 6.1.2 (/opt/ros/humble/share/rmw_implementation_cmake/cmake)
[1.091s] -- Found rmw_fastrtps_cpp: 6.2.8 (/opt/ros/humble/share/rmw_fastrtps_cpp/cmake)
[1.092s] -- Found OpenSSL: /usr/lib/x86_64-linux-gnu/libcrypto.so (found version "3.0.2")  
[1.115s] -- Found FastRTPS: /opt/ros/humble/include  
[1.180s] -- Using RMW implementation 'rmw_fastrtps_cpp' as default
[1.189s] -- Looking for pthread.h
[1.291s] -- Looking for pthread.h - found
[1.291s] -- Performing Test CMAKE_HAVE_LIBC_PTHREAD
[1.392s] -- Performing Test CMAKE_HAVE_LIBC_PTHREAD - Success
[1.392s] -- Found Threads: TRUE  
[1.468s] -- Found ament_lint_auto: 0.12.14 (/opt/ros/humble/share/ament_lint_auto/cmake)
[1.585s] -- Added test 'copyright' to check source files copyright and LICENSE
[1.587s] -- Added test 'cppcheck' to perform static code analysis on C / C++ code
[1.587s] -- Configured cppcheck include dirs: 
[1.587s] -- Configured cppcheck exclude dirs and/or files: 
[1.588s] -- Added test 'cpplint' to check C / C++ code against the Google style
[1.588s] -- Configured cpplint exclude dirs and/or files: 
[1.589s] -- Added test 'lint_cmake' to check CMake code style
[1.590s] -- Added test 'uncrustify' to check C / C++ code style
[1.591s] -- Configured uncrustify additional arguments: 
[1.591s] -- Added test 'xmllint' to check XML markup files
[1.593s] -- Configuring done
[1.610s] -- Generating done
[1.620s] -- Build files have been written to: /home/gobind/ros2_ws/build/examples_rclcpp_async_client
