[0.069s] Invoking command in '/home/gobind/ros2_ws/build/examples_rclcpp_async_client': CMAKE_PREFIX_PATH=${CMAKE_PREFIX_PATH}:/home/gobind/ros2_ws/install/ros2_course_python:/opt/ros/humble /usr/bin/cmake --build /home/gobind/ros2_ws/build/examples_rclcpp_async_client -- -j16 -l16
[4.441s] [ 50%] [32mBuilding CXX object CMakeFiles/client_main.dir/main.cpp.o[0m
[21.490s] [100%] [32m[1mLinking CXX executable client_main[0m
[21.902s] [100%] Built target client_main
[21.946s] Invoked command in '/home/gobind/ros2_ws/build/examples_rclcpp_async_client' returned '0': CMAKE_PREFIX_PATH=${CMAKE_PREFIX_PATH}:/home/gobind/ros2_ws/install/ros2_course_python:/opt/ros/humble /usr/bin/cmake --build /home/gobind/ros2_ws/build/examples_rclcpp_async_client -- -j16 -l16
[21.966s] Invoking command in '/home/gobind/ros2_ws/build/examples_rclcpp_async_client': CMAKE_PREFIX_PATH=${CMAKE_PREFIX_PATH}:/home/gobind/ros2_ws/install/ros2_course_python:/opt/ros/humble /usr/bin/cmake --install /home/gobind/ros2_ws/build/examples_rclcpp_async_client
[21.990s] -- Install configuration: ""
[21.993s] -- Execute custom install script
[21.995s] -- Symlinking: /home/gobind/ros2_ws/install/examples_rclcpp_async_client/lib/examples_rclcpp_async_client/client_main
[22.034s] -- Symlinking: /home/gobind/ros2_ws/install/examples_rclcpp_async_client/share/ament_index/resource_index/package_run_dependencies/examples_rclcpp_async_client
[22.064s] -- Symlinking: /home/gobind/ros2_ws/install/examples_rclcpp_async_client/share/ament_index/resource_index/parent_prefix_path/examples_rclcpp_async_client
[22.091s] -- Symlinking: /home/gobind/ros2_ws/install/examples_rclcpp_async_client/share/examples_rclcpp_async_client/environment/ament_prefix_path.sh
[22.122s] -- Symlinking: /home/gobind/ros2_ws/install/examples_rclcpp_async_client/share/examples_rclcpp_async_client/environment/ament_prefix_path.dsv
[22.150s] -- Symlinking: /home/gobind/ros2_ws/install/examples_rclcpp_async_client/share/examples_rclcpp_async_client/environment/path.sh
[22.177s] -- Symlinking: /home/gobind/ros2_ws/install/examples_rclcpp_async_client/share/examples_rclcpp_async_client/environment/path.dsv
[22.208s] -- Symlinking: /home/gobind/ros2_ws/install/examples_rclcpp_async_client/share/examples_rclcpp_async_client/local_setup.bash
[22.238s] -- Symlinking: /home/gobind/ros2_ws/install/examples_rclcpp_async_client/share/examples_rclcpp_async_client/local_setup.sh
[22.276s] -- Symlinking: /home/gobind/ros2_ws/install/examples_rclcpp_async_client/share/examples_rclcpp_async_client/local_setup.zsh
[22.308s] -- Symlinking: /home/gobind/ros2_ws/install/examples_rclcpp_async_client/share/examples_rclcpp_async_client/local_setup.dsv
[22.353s] -- Symlinking: /home/gobind/ros2_ws/install/examples_rclcpp_async_client/share/examples_rclcpp_async_client/package.dsv
[22.383s] -- Symlinking: /home/gobind/ros2_ws/install/examples_rclcpp_async_client/share/ament_index/resource_index/packages/examples_rclcpp_async_client
[22.416s] -- Symlinking: /home/gobind/ros2_ws/install/examples_rclcpp_async_client/share/examples_rclcpp_async_client/cmake/examples_rclcpp_async_clientConfig.cmake
[22.446s] -- Symlinking: /home/gobind/ros2_ws/install/examples_rclcpp_async_client/share/examples_rclcpp_async_client/cmake/examples_rclcpp_async_clientConfig-version.cmake
[22.478s] -- Symlinking: /home/gobind/ros2_ws/install/examples_rclcpp_async_client/share/examples_rclcpp_async_client/package.xml
[22.515s] Invoked command in '/home/gobind/ros2_ws/build/examples_rclcpp_async_client' returned '0': CMAKE_PREFIX_PATH=${CMAKE_PREFIX_PATH}:/home/gobind/ros2_ws/install/ros2_course_python:/opt/ros/humble /usr/bin/cmake --install /home/gobind/ros2_ws/build/examples_rclcpp_async_client
