[2.010s] Invoking command in '/home/gobind/ros2_ws/build/examples_rclpy_minimal_client': PYTHONPATH=/home/gobind/ros2_ws/build/examples_rclpy_minimal_client/prefix_override:/usr/lib/python3/dist-packages/colcon_core/task/python/colcon_distutils_commands:/home/gobind/ros2_ws/install/examples_rclpy_minimal_client/lib/python3.10/site-packages:${PYTHONPATH} /usr/bin/python3 -W ignore:setup.py install is deprecated -W ignore:easy_install command is deprecated setup.py develop --editable --build-directory /home/gobind/ros2_ws/build/examples_rclpy_minimal_client/build --no-deps symlink_data
[2.323s] running develop
[2.464s] running egg_info
[2.464s] writing examples_rclpy_minimal_client.egg-info/PKG-INFO
[2.464s] writing dependency_links to examples_rclpy_minimal_client.egg-info/dependency_links.txt
[2.464s] writing entry points to examples_rclpy_minimal_client.egg-info/entry_points.txt
[2.464s] writing requirements to examples_rclpy_minimal_client.egg-info/requires.txt
[2.465s] writing top-level names to examples_rclpy_minimal_client.egg-info/top_level.txt
[2.467s] reading manifest file 'examples_rclpy_minimal_client.egg-info/SOURCES.txt'
[2.467s] writing manifest file 'examples_rclpy_minimal_client.egg-info/SOURCES.txt'
[2.469s] running build_ext
[2.469s] Creating /home/gobind/ros2_ws/install/examples_rclpy_minimal_client/lib/python3.10/site-packages/examples-rclpy-minimal-client.egg-link (link to .)
[2.470s] Installing client script to /home/gobind/ros2_ws/install/examples_rclpy_minimal_client/lib/examples_rclpy_minimal_client
[2.470s] Installing client_async script to /home/gobind/ros2_ws/install/examples_rclpy_minimal_client/lib/examples_rclpy_minimal_client
[2.470s] Installing client_async_callback script to /home/gobind/ros2_ws/install/examples_rclpy_minimal_client/lib/examples_rclpy_minimal_client
[2.471s] Installing client_async_member_function script to /home/gobind/ros2_ws/install/examples_rclpy_minimal_client/lib/examples_rclpy_minimal_client
[2.473s] 
[2.474s] Installed /home/gobind/ros2_ws/build/examples_rclpy_minimal_client
[2.474s] running symlink_data
[2.521s] Invoked command in '/home/gobind/ros2_ws/build/examples_rclpy_minimal_client' returned '0': PYTHONPATH=/home/gobind/ros2_ws/build/examples_rclpy_minimal_client/prefix_override:/usr/lib/python3/dist-packages/colcon_core/task/python/colcon_distutils_commands:/home/gobind/ros2_ws/install/examples_rclpy_minimal_client/lib/python3.10/site-packages:${PYTHONPATH} /usr/bin/python3 -W ignore:setup.py install is deprecated -W ignore:easy_install command is deprecated setup.py develop --editable --build-directory /home/gobind/ros2_ws/build/examples_rclpy_minimal_client/build --no-deps symlink_data
