[0.478s] Invoking command in '/home/gobind/cs460_ws/src/ros2_motion_python': PYTHONPATH=/home/gobind/cs460_ws/build/ros2_motion_python/prefix_override:/usr/lib/python3/dist-packages/colcon_core/task/python/colcon_distutils_commands:/home/gobind/cs460_ws/install/ros2_motion_python/lib/python3.10/site-packages:${PYTHONPATH} /usr/bin/python3 -W ignore:setup.py install is deprecated -W ignore:easy_install command is deprecated setup.py egg_info --egg-base ../../build/ros2_motion_python build --build-base /home/gobind/cs460_ws/build/ros2_motion_python/build install --record /home/gobind/cs460_ws/build/ros2_motion_python/install.log --single-version-externally-managed install_data
[0.655s] running egg_info
[0.655s] writing ../../build/ros2_motion_python/ros2_motion_python.egg-info/PKG-INFO
[0.655s] writing dependency_links to ../../build/ros2_motion_python/ros2_motion_python.egg-info/dependency_links.txt
[0.655s] writing entry points to ../../build/ros2_motion_python/ros2_motion_python.egg-info/entry_points.txt
[0.655s] writing requirements to ../../build/ros2_motion_python/ros2_motion_python.egg-info/requires.txt
[0.656s] writing top-level names to ../../build/ros2_motion_python/ros2_motion_python.egg-info/top_level.txt
[0.656s] reading manifest file '../../build/ros2_motion_python/ros2_motion_python.egg-info/SOURCES.txt'
[0.657s] writing manifest file '../../build/ros2_motion_python/ros2_motion_python.egg-info/SOURCES.txt'
[0.657s] running build
[0.657s] running build_py
[0.657s] running install
[0.657s] running install_lib
[0.658s] running install_data
[0.658s] running install_egg_info
[0.659s] removing '/home/gobind/cs460_ws/install/ros2_motion_python/lib/python3.10/site-packages/ros2_motion_python-0.0.0-py3.10.egg-info' (and everything under it)
[0.660s] Copying ../../build/ros2_motion_python/ros2_motion_python.egg-info to /home/gobind/cs460_ws/install/ros2_motion_python/lib/python3.10/site-packages/ros2_motion_python-0.0.0-py3.10.egg-info
[0.660s] running install_scripts
[0.676s] Installing mover script to /home/gobind/cs460_ws/install/ros2_motion_python/lib/ros2_motion_python
[0.677s] writing list of installed files to '/home/gobind/cs460_ws/build/ros2_motion_python/install.log'
[0.692s] Invoked command in '/home/gobind/cs460_ws/src/ros2_motion_python' returned '0': PYTHONPATH=/home/gobind/cs460_ws/build/ros2_motion_python/prefix_override:/usr/lib/python3/dist-packages/colcon_core/task/python/colcon_distutils_commands:/home/gobind/cs460_ws/install/ros2_motion_python/lib/python3.10/site-packages:${PYTHONPATH} /usr/bin/python3 -W ignore:setup.py install is deprecated -W ignore:easy_install command is deprecated setup.py egg_info --egg-base ../../build/ros2_motion_python build --build-base /home/gobind/cs460_ws/build/ros2_motion_python/build install --record /home/gobind/cs460_ws/build/ros2_motion_python/install.log --single-version-externally-managed install_data
