[7.430s] Invoking command in '/home/gobind/ros2_ws/build/examples_rclpy_minimal_action_client': PYTHONPATH=/home/gobind/ros2_ws/build/examples_rclpy_minimal_action_client/prefix_override:/usr/lib/python3/dist-packages/colcon_core/task/python/colcon_distutils_commands:/home/gobind/ros2_ws/install/examples_rclpy_minimal_action_client/lib/python3.10/site-packages:${PYTHONPATH} /usr/bin/python3 -W ignore:setup.py install is deprecated -W ignore:easy_install command is deprecated setup.py develop --editable --build-directory /home/gobind/ros2_ws/build/examples_rclpy_minimal_action_client/build --no-deps symlink_data
[14.656s] running develop
[15.282s] running egg_info
[15.282s] creating examples_rclpy_minimal_action_client.egg-info
[15.282s] writing examples_rclpy_minimal_action_client.egg-info/PKG-INFO
[15.282s] writing dependency_links to examples_rclpy_minimal_action_client.egg-info/dependency_links.txt
[15.282s] writing entry points to examples_rclpy_minimal_action_client.egg-info/entry_points.txt
[15.282s] writing requirements to examples_rclpy_minimal_action_client.egg-info/requires.txt
[15.282s] writing top-level names to examples_rclpy_minimal_action_client.egg-info/top_level.txt
[15.282s] writing manifest file 'examples_rclpy_minimal_action_client.egg-info/SOURCES.txt'
[15.283s] reading manifest file 'examples_rclpy_minimal_action_client.egg-info/SOURCES.txt'
[15.283s] writing manifest file 'examples_rclpy_minimal_action_client.egg-info/SOURCES.txt'
[15.299s] running build_ext
[15.299s] Creating /home/gobind/ros2_ws/install/examples_rclpy_minimal_action_client/lib/python3.10/site-packages/examples-rclpy-minimal-action-client.egg-link (link to .)
[15.299s] Installing client script to /home/gobind/ros2_ws/install/examples_rclpy_minimal_action_client/lib/examples_rclpy_minimal_action_client
[15.300s] Installing client_asyncio script to /home/gobind/ros2_ws/install/examples_rclpy_minimal_action_client/lib/examples_rclpy_minimal_action_client
[15.300s] Installing client_cancel script to /home/gobind/ros2_ws/install/examples_rclpy_minimal_action_client/lib/examples_rclpy_minimal_action_client
[15.300s] Installing client_not_composable script to /home/gobind/ros2_ws/install/examples_rclpy_minimal_action_client/lib/examples_rclpy_minimal_action_client
[15.300s] 
[15.300s] Installed /home/gobind/ros2_ws/build/examples_rclpy_minimal_action_client
[15.300s] running symlink_data
[15.307s] creating /home/gobind/ros2_ws/install/examples_rclpy_minimal_action_client/share/ament_index
[15.307s] creating /home/gobind/ros2_ws/install/examples_rclpy_minimal_action_client/share/ament_index/resource_index
[15.307s] creating /home/gobind/ros2_ws/install/examples_rclpy_minimal_action_client/share/ament_index/resource_index/packages
[15.307s] symbolically linking /home/gobind/ros2_ws/build/examples_rclpy_minimal_action_client/resource/examples_rclpy_minimal_action_client -> /home/gobind/ros2_ws/install/examples_rclpy_minimal_action_client/share/ament_index/resource_index/packages
[15.309s] symbolically linking /home/gobind/ros2_ws/build/examples_rclpy_minimal_action_client/package.xml -> /home/gobind/ros2_ws/install/examples_rclpy_minimal_action_client/share/examples_rclpy_minimal_action_client
[16.958s] Invoked command in '/home/gobind/ros2_ws/build/examples_rclpy_minimal_action_client' returned '0': PYTHONPATH=/home/gobind/ros2_ws/build/examples_rclpy_minimal_action_client/prefix_override:/usr/lib/python3/dist-packages/colcon_core/task/python/colcon_distutils_commands:/home/gobind/ros2_ws/install/examples_rclpy_minimal_action_client/lib/python3.10/site-packages:${PYTHONPATH} /usr/bin/python3 -W ignore:setup.py install is deprecated -W ignore:easy_install command is deprecated setup.py develop --editable --build-directory /home/gobind/ros2_ws/build/examples_rclpy_minimal_action_client/build --no-deps symlink_data
