[2.623s] Invoking command in '/home/gobind/ros2_ws/build/examples_rclpy_minimal_action_server': PYTHONPATH=/home/gobind/ros2_ws/build/examples_rclpy_minimal_action_server/prefix_override:/usr/lib/python3/dist-packages/colcon_core/task/python/colcon_distutils_commands:/home/gobind/ros2_ws/install/examples_rclpy_minimal_action_server/lib/python3.10/site-packages:${PYTHONPATH} /usr/bin/python3 -W ignore:setup.py install is deprecated -W ignore:easy_install command is deprecated setup.py develop --editable --build-directory /home/gobind/ros2_ws/build/examples_rclpy_minimal_action_server/build --no-deps symlink_data
[2.995s] running develop
[3.190s] running egg_info
[3.190s] writing examples_rclpy_minimal_action_server.egg-info/PKG-INFO
[3.190s] writing dependency_links to examples_rclpy_minimal_action_server.egg-info/dependency_links.txt
[3.190s] writing entry points to examples_rclpy_minimal_action_server.egg-info/entry_points.txt
[3.190s] writing requirements to examples_rclpy_minimal_action_server.egg-info/requires.txt
[3.190s] writing top-level names to examples_rclpy_minimal_action_server.egg-info/top_level.txt
[3.190s] reading manifest file 'examples_rclpy_minimal_action_server.egg-info/SOURCES.txt'
[3.191s] writing manifest file 'examples_rclpy_minimal_action_server.egg-info/SOURCES.txt'
[3.191s] running build_ext
[3.191s] Creating /home/gobind/ros2_ws/install/examples_rclpy_minimal_action_server/lib/python3.10/site-packages/examples-rclpy-minimal-action-server.egg-link (link to .)
[3.193s] Installing server script to /home/gobind/ros2_ws/install/examples_rclpy_minimal_action_server/lib/examples_rclpy_minimal_action_server
[3.193s] Installing server_defer script to /home/gobind/ros2_ws/install/examples_rclpy_minimal_action_server/lib/examples_rclpy_minimal_action_server
[3.193s] Installing server_not_composable script to /home/gobind/ros2_ws/install/examples_rclpy_minimal_action_server/lib/examples_rclpy_minimal_action_server
[3.193s] Installing server_queue_goals script to /home/gobind/ros2_ws/install/examples_rclpy_minimal_action_server/lib/examples_rclpy_minimal_action_server
[3.193s] Installing server_single_goal script to /home/gobind/ros2_ws/install/examples_rclpy_minimal_action_server/lib/examples_rclpy_minimal_action_server
[3.194s] 
[3.194s] Installed /home/gobind/ros2_ws/build/examples_rclpy_minimal_action_server
[3.194s] running symlink_data
[3.274s] Invoked command in '/home/gobind/ros2_ws/build/examples_rclpy_minimal_action_server' returned '0': PYTHONPATH=/home/gobind/ros2_ws/build/examples_rclpy_minimal_action_server/prefix_override:/usr/lib/python3/dist-packages/colcon_core/task/python/colcon_distutils_commands:/home/gobind/ros2_ws/install/examples_rclpy_minimal_action_server/lib/python3.10/site-packages:${PYTHONPATH} /usr/bin/python3 -W ignore:setup.py install is deprecated -W ignore:easy_install command is deprecated setup.py develop --editable --build-directory /home/gobind/ros2_ws/build/examples_rclpy_minimal_action_server/build --no-deps symlink_data
