[2.628s] Invoking command in '/home/gobind/ros2_ws/build/examples_rclpy_minimal_action_client': PYTHONPATH=/home/gobind/ros2_ws/build/examples_rclpy_minimal_action_client/prefix_override:/usr/lib/python3/dist-packages/colcon_core/task/python/colcon_distutils_commands:/home/gobind/ros2_ws/install/examples_rclpy_minimal_action_client/lib/python3.10/site-packages:${PYTHONPATH} /usr/bin/python3 -W ignore:setup.py install is deprecated -W ignore:easy_install command is deprecated setup.py develop --editable --build-directory /home/gobind/ros2_ws/build/examples_rclpy_minimal_action_client/build --no-deps symlink_data
[2.991s] running develop
[3.169s] running egg_info
[3.173s] writing examples_rclpy_minimal_action_client.egg-info/PKG-INFO
[3.173s] writing dependency_links to examples_rclpy_minimal_action_client.egg-info/dependency_links.txt
[3.173s] writing entry points to examples_rclpy_minimal_action_client.egg-info/entry_points.txt
[3.173s] writing requirements to examples_rclpy_minimal_action_client.egg-info/requires.txt
[3.174s] writing top-level names to examples_rclpy_minimal_action_client.egg-info/top_level.txt
[3.174s] reading manifest file 'examples_rclpy_minimal_action_client.egg-info/SOURCES.txt'
[3.174s] writing manifest file 'examples_rclpy_minimal_action_client.egg-info/SOURCES.txt'
[3.174s] running build_ext
[3.174s] Creating /home/gobind/ros2_ws/install/examples_rclpy_minimal_action_client/lib/python3.10/site-packages/examples-rclpy-minimal-action-client.egg-link (link to .)
[3.175s] Installing client script to /home/gobind/ros2_ws/install/examples_rclpy_minimal_action_client/lib/examples_rclpy_minimal_action_client
[3.175s] Installing client_asyncio script to /home/gobind/ros2_ws/install/examples_rclpy_minimal_action_client/lib/examples_rclpy_minimal_action_client
[3.175s] Installing client_cancel script to /home/gobind/ros2_ws/install/examples_rclpy_minimal_action_client/lib/examples_rclpy_minimal_action_client
[3.175s] Installing client_not_composable script to /home/gobind/ros2_ws/install/examples_rclpy_minimal_action_client/lib/examples_rclpy_minimal_action_client
[3.175s] 
[3.175s] Installed /home/gobind/ros2_ws/build/examples_rclpy_minimal_action_client
[3.175s] running symlink_data
[3.252s] Invoked command in '/home/gobind/ros2_ws/build/examples_rclpy_minimal_action_client' returned '0': PYTHONPATH=/home/gobind/ros2_ws/build/examples_rclpy_minimal_action_client/prefix_override:/usr/lib/python3/dist-packages/colcon_core/task/python/colcon_distutils_commands:/home/gobind/ros2_ws/install/examples_rclpy_minimal_action_client/lib/python3.10/site-packages:${PYTHONPATH} /usr/bin/python3 -W ignore:setup.py install is deprecated -W ignore:easy_install command is deprecated setup.py develop --editable --build-directory /home/gobind/ros2_ws/build/examples_rclpy_minimal_action_client/build --no-deps symlink_data
