[7.420s] Invoking command in '/home/gobind/ros2_ws/build/examples_rclpy_minimal_action_server': PYTHONPATH=/home/gobind/ros2_ws/build/examples_rclpy_minimal_action_server/prefix_override:/usr/lib/python3/dist-packages/colcon_core/task/python/colcon_distutils_commands:/home/gobind/ros2_ws/install/examples_rclpy_minimal_action_server/lib/python3.10/site-packages:${PYTHONPATH} /usr/bin/python3 -W ignore:setup.py install is deprecated -W ignore:easy_install command is deprecated setup.py develop --editable --build-directory /home/gobind/ros2_ws/build/examples_rclpy_minimal_action_server/build --no-deps symlink_data
[13.626s] running develop
[13.996s] running egg_info
[13.996s] creating examples_rclpy_minimal_action_server.egg-info
[13.997s] writing examples_rclpy_minimal_action_server.egg-info/PKG-INFO
[13.997s] writing dependency_links to examples_rclpy_minimal_action_server.egg-info/dependency_links.txt
[13.998s] writing entry points to examples_rclpy_minimal_action_server.egg-info/entry_points.txt
[13.998s] writing requirements to examples_rclpy_minimal_action_server.egg-info/requires.txt
[13.999s] writing top-level names to examples_rclpy_minimal_action_server.egg-info/top_level.txt
[13.999s] writing manifest file 'examples_rclpy_minimal_action_server.egg-info/SOURCES.txt'
[14.008s] reading manifest file 'examples_rclpy_minimal_action_server.egg-info/SOURCES.txt'
[14.014s] writing manifest file 'examples_rclpy_minimal_action_server.egg-info/SOURCES.txt'
[14.018s] running build_ext
[14.018s] Creating /home/gobind/ros2_ws/install/examples_rclpy_minimal_action_server/lib/python3.10/site-packages/examples-rclpy-minimal-action-server.egg-link (link to .)
[14.023s] Installing server script to /home/gobind/ros2_ws/install/examples_rclpy_minimal_action_server/lib/examples_rclpy_minimal_action_server
[14.030s] Installing server_defer script to /home/gobind/ros2_ws/install/examples_rclpy_minimal_action_server/lib/examples_rclpy_minimal_action_server
[14.030s] Installing server_not_composable script to /home/gobind/ros2_ws/install/examples_rclpy_minimal_action_server/lib/examples_rclpy_minimal_action_server
[14.030s] Installing server_queue_goals script to /home/gobind/ros2_ws/install/examples_rclpy_minimal_action_server/lib/examples_rclpy_minimal_action_server
[14.031s] Installing server_single_goal script to /home/gobind/ros2_ws/install/examples_rclpy_minimal_action_server/lib/examples_rclpy_minimal_action_server
[14.031s] 
[14.031s] Installed /home/gobind/ros2_ws/build/examples_rclpy_minimal_action_server
[14.031s] running symlink_data
[14.034s] creating /home/gobind/ros2_ws/install/examples_rclpy_minimal_action_server/share/ament_index
[14.034s] creating /home/gobind/ros2_ws/install/examples_rclpy_minimal_action_server/share/ament_index/resource_index
[14.035s] creating /home/gobind/ros2_ws/install/examples_rclpy_minimal_action_server/share/ament_index/resource_index/packages
[14.035s] symbolically linking /home/gobind/ros2_ws/build/examples_rclpy_minimal_action_server/resource/examples_rclpy_minimal_action_server -> /home/gobind/ros2_ws/install/examples_rclpy_minimal_action_server/share/ament_index/resource_index/packages
[14.035s] symbolically linking /home/gobind/ros2_ws/build/examples_rclpy_minimal_action_server/package.xml -> /home/gobind/ros2_ws/install/examples_rclpy_minimal_action_server/share/examples_rclpy_minimal_action_server
[16.842s] Invoked command in '/home/gobind/ros2_ws/build/examples_rclpy_minimal_action_server' returned '0': PYTHONPATH=/home/gobind/ros2_ws/build/examples_rclpy_minimal_action_server/prefix_override:/usr/lib/python3/dist-packages/colcon_core/task/python/colcon_distutils_commands:/home/gobind/ros2_ws/install/examples_rclpy_minimal_action_server/lib/python3.10/site-packages:${PYTHONPATH} /usr/bin/python3 -W ignore:setup.py install is deprecated -W ignore:easy_install command is deprecated setup.py develop --editable --build-directory /home/gobind/ros2_ws/build/examples_rclpy_minimal_action_server/build --no-deps symlink_data
