-- Found ament_cmake: 1.3.12 (/opt/ros/humble/share/ament_cmake/cmake)
-- Override CMake install command with custom implementation using symlinks instead of copying resources
-- Found rclcpp: 16.0.14 (/opt/ros/humble/share/rclcpp/cmake)
-- Found rosidl_generator_c: 3.1.7 (/opt/ros/humble/share/rosidl_generator_c/cmake)
-- Found rosidl_adapter: 3.1.7 (/opt/ros/humble/share/rosidl_adapter/cmake)
-- Found rosidl_generator_cpp: 3.1.7 (/opt/ros/humble/share/rosidl_generator_cpp/cmake)
-- Using all available rosidl_typesupport_c: rosidl_typesupport_fastrtps_c;rosidl_typesupport_introspection_c
-- Using all available rosidl_typesupport_cpp: rosidl_typesupport_fastrtps_cpp;rosidl_typesupport_introspection_cpp
-- Found rmw_implementation_cmake: 6.1.2 (/opt/ros/humble/share/rmw_implementation_cmake/cmake)
-- Found rmw_fastrtps_cpp: 6.2.8 (/opt/ros/humble/share/rmw_fastrtps_cpp/cmake)
-- Using RMW implementation 'rmw_fastrtps_cpp' as default
-- Found geometry_msgs: 4.9.0 (/opt/ros/humble/share/geometry_msgs/cmake)
-- Found ament_lint_auto: 0.12.14 (/opt/ros/humble/share/ament_lint_auto/cmake)
-- Added test 'lint_cmake' to check CMake code style
-- Added test 'xmllint' to check XML markup files
-- Configuring done
-- Generating done
-- Build files have been written to: /home/gobind/cs460_ws/build/ros2_motion_cpp
-- Install configuration: ""
-- Execute custom install script
-- Up-to-date symlink: /home/gobind/cs460_ws/install/ros2_motion_cpp/share/ament_index/resource_index/package_run_dependencies/ros2_motion_cpp
-- Up-to-date symlink: /home/gobind/cs460_ws/install/ros2_motion_cpp/share/ament_index/resource_index/parent_prefix_path/ros2_motion_cpp
-- Up-to-date symlink: /home/gobind/cs460_ws/install/ros2_motion_cpp/share/ros2_motion_cpp/environment/ament_prefix_path.sh
-- Up-to-date symlink: /home/gobind/cs460_ws/install/ros2_motion_cpp/share/ros2_motion_cpp/environment/ament_prefix_path.dsv
-- Up-to-date symlink: /home/gobind/cs460_ws/install/ros2_motion_cpp/share/ros2_motion_cpp/environment/path.sh
-- Up-to-date symlink: /home/gobind/cs460_ws/install/ros2_motion_cpp/share/ros2_motion_cpp/environment/path.dsv
-- Up-to-date symlink: /home/gobind/cs460_ws/install/ros2_motion_cpp/share/ros2_motion_cpp/local_setup.bash
-- Up-to-date symlink: /home/gobind/cs460_ws/install/ros2_motion_cpp/share/ros2_motion_cpp/local_setup.sh
-- Up-to-date symlink: /home/gobind/cs460_ws/install/ros2_motion_cpp/share/ros2_motion_cpp/local_setup.zsh
-- Up-to-date symlink: /home/gobind/cs460_ws/install/ros2_motion_cpp/share/ros2_motion_cpp/local_setup.dsv
-- Symlinking: /home/gobind/cs460_ws/install/ros2_motion_cpp/share/ros2_motion_cpp/package.dsv
-- Up-to-date symlink: /home/gobind/cs460_ws/install/ros2_motion_cpp/share/ament_index/resource_index/packages/ros2_motion_cpp
-- Up-to-date symlink: /home/gobind/cs460_ws/install/ros2_motion_cpp/share/ros2_motion_cpp/cmake/ros2_motion_cppConfig.cmake
-- Up-to-date symlink: /home/gobind/cs460_ws/install/ros2_motion_cpp/share/ros2_motion_cpp/cmake/ros2_motion_cppConfig-version.cmake
-- Up-to-date symlink: /home/gobind/cs460_ws/install/ros2_motion_cpp/share/ros2_motion_cpp/package.xml
