[7.442s] Invoking command in '/home/gobind/ros2_ws/build/examples_rclpy_executors': PYTHONPATH=/home/gobind/ros2_ws/build/examples_rclpy_executors/prefix_override:/usr/lib/python3/dist-packages/colcon_core/task/python/colcon_distutils_commands:/home/gobind/ros2_ws/install/examples_rclpy_executors/lib/python3.10/site-packages:${PYTHONPATH} /usr/bin/python3 -W ignore:setup.py install is deprecated -W ignore:easy_install command is deprecated setup.py develop --editable --build-directory /home/gobind/ros2_ws/build/examples_rclpy_executors/build --no-deps symlink_data
[13.626s] running develop
[14.056s] running egg_info
[14.056s] creating examples_rclpy_executors.egg-info
[14.056s] writing examples_rclpy_executors.egg-info/PKG-INFO
[14.056s] writing dependency_links to examples_rclpy_executors.egg-info/dependency_links.txt
[14.057s] writing entry points to examples_rclpy_executors.egg-info/entry_points.txt
[14.057s] writing requirements to examples_rclpy_executors.egg-info/requires.txt
[14.057s] writing top-level names to examples_rclpy_executors.egg-info/top_level.txt
[14.057s] writing manifest file 'examples_rclpy_executors.egg-info/SOURCES.txt'
[14.076s] reading manifest file 'examples_rclpy_executors.egg-info/SOURCES.txt'
[14.079s] writing manifest file 'examples_rclpy_executors.egg-info/SOURCES.txt'
[14.085s] running build_ext
[14.090s] Creating /home/gobind/ros2_ws/install/examples_rclpy_executors/lib/python3.10/site-packages/examples-rclpy-executors.egg-link (link to .)
[14.090s] Installing callback_group script to /home/gobind/ros2_ws/install/examples_rclpy_executors/lib/examples_rclpy_executors
[14.091s] Installing composed script to /home/gobind/ros2_ws/install/examples_rclpy_executors/lib/examples_rclpy_executors
[14.091s] Installing custom_callback_group script to /home/gobind/ros2_ws/install/examples_rclpy_executors/lib/examples_rclpy_executors
[14.091s] Installing custom_executor script to /home/gobind/ros2_ws/install/examples_rclpy_executors/lib/examples_rclpy_executors
[14.091s] Installing listener script to /home/gobind/ros2_ws/install/examples_rclpy_executors/lib/examples_rclpy_executors
[14.091s] Installing talker script to /home/gobind/ros2_ws/install/examples_rclpy_executors/lib/examples_rclpy_executors
[14.092s] 
[14.092s] Installed /home/gobind/ros2_ws/build/examples_rclpy_executors
[14.093s] running symlink_data
[14.094s] creating /home/gobind/ros2_ws/install/examples_rclpy_executors/share/ament_index
[14.094s] creating /home/gobind/ros2_ws/install/examples_rclpy_executors/share/ament_index/resource_index
[14.094s] creating /home/gobind/ros2_ws/install/examples_rclpy_executors/share/ament_index/resource_index/packages
[14.096s] symbolically linking /home/gobind/ros2_ws/build/examples_rclpy_executors/resource/examples_rclpy_executors -> /home/gobind/ros2_ws/install/examples_rclpy_executors/share/ament_index/resource_index/packages
[14.111s] symbolically linking /home/gobind/ros2_ws/build/examples_rclpy_executors/package.xml -> /home/gobind/ros2_ws/install/examples_rclpy_executors/share/examples_rclpy_executors
[16.918s] Invoked command in '/home/gobind/ros2_ws/build/examples_rclpy_executors' returned '0': PYTHONPATH=/home/gobind/ros2_ws/build/examples_rclpy_executors/prefix_override:/usr/lib/python3/dist-packages/colcon_core/task/python/colcon_distutils_commands:/home/gobind/ros2_ws/install/examples_rclpy_executors/lib/python3.10/site-packages:${PYTHONPATH} /usr/bin/python3 -W ignore:setup.py install is deprecated -W ignore:easy_install command is deprecated setup.py develop --editable --build-directory /home/gobind/ros2_ws/build/examples_rclpy_executors/build --no-deps symlink_data
